SearchBayesianSkopt: Config 0 Exception. Config: {'alpha1': 0.8990122050699837, 'alpha2': 0.6630934556860574} - Exception: Traceback (most recent call last):
  File "/home/fra/Documents/university/recsys-challenge-2022/src/HyperparameterTuning/SearchAbstractClass.py", line 484, in _objective_function
    result_df, recommender_instance = self._evaluate_on_validation(
  File "/home/fra/Documents/university/recsys-challenge-2022/src/HyperparameterTuning/SearchAbstractClass.py", line 321, in _evaluate_on_validation
    recommender_instance, train_time = self._fit_model(
  File "/home/fra/Documents/university/recsys-challenge-2022/src/HyperparameterTuning/SearchAbstractClass.py", line 293, in _fit_model
    recommender_instance.fit(*self.recommender_input_args.FIT_POSITIONAL_ARGS,
TypeError: CustomHybridRecommender.fit() got an unexpected keyword argument 'alpha1'

SearchBayesianSkopt: Config 1 Exception. Config: {'alpha1': 0.14286016921309166, 'alpha2': 0.23464230810519243} - Exception: Traceback (most recent call last):
  File "/home/fra/Documents/university/recsys-challenge-2022/src/HyperparameterTuning/SearchAbstractClass.py", line 484, in _objective_function
    result_df, recommender_instance = self._evaluate_on_validation(
  File "/home/fra/Documents/university/recsys-challenge-2022/src/HyperparameterTuning/SearchAbstractClass.py", line 321, in _evaluate_on_validation
    recommender_instance, train_time = self._fit_model(
  File "/home/fra/Documents/university/recsys-challenge-2022/src/HyperparameterTuning/SearchAbstractClass.py", line 293, in _fit_model
    recommender_instance.fit(*self.recommender_input_args.FIT_POSITIONAL_ARGS,
TypeError: CustomHybridRecommender.fit() got an unexpected keyword argument 'alpha1'

SearchBayesianSkopt: Config 2 Exception. Config: {'alpha1': 0.495713461248537, 'alpha2': 0.7106153824139506} - Exception: Traceback (most recent call last):
  File "/home/fra/Documents/university/recsys-challenge-2022/src/HyperparameterTuning/SearchAbstractClass.py", line 484, in _objective_function
    result_df, recommender_instance = self._evaluate_on_validation(
  File "/home/fra/Documents/university/recsys-challenge-2022/src/HyperparameterTuning/SearchAbstractClass.py", line 321, in _evaluate_on_validation
    recommender_instance, train_time = self._fit_model(
  File "/home/fra/Documents/university/recsys-challenge-2022/src/HyperparameterTuning/SearchAbstractClass.py", line 293, in _fit_model
    recommender_instance.fit(*self.recommender_input_args.FIT_POSITIONAL_ARGS,
TypeError: CustomHybridRecommender.fit() got an unexpected keyword argument 'alpha1'

SearchBayesianSkopt: Config 3 Exception. Config: {'alpha1': 0.18582206300678886, 'alpha2': 0.6650680109443643} - Exception: Traceback (most recent call last):
  File "/home/fra/Documents/university/recsys-challenge-2022/src/HyperparameterTuning/SearchAbstractClass.py", line 484, in _objective_function
    result_df, recommender_instance = self._evaluate_on_validation(
  File "/home/fra/Documents/university/recsys-challenge-2022/src/HyperparameterTuning/SearchAbstractClass.py", line 321, in _evaluate_on_validation
    recommender_instance, train_time = self._fit_model(
  File "/home/fra/Documents/university/recsys-challenge-2022/src/HyperparameterTuning/SearchAbstractClass.py", line 293, in _fit_model
    recommender_instance.fit(*self.recommender_input_args.FIT_POSITIONAL_ARGS,
TypeError: CustomHybridRecommender.fit() got an unexpected keyword argument 'alpha1'

SearchBayesianSkopt: Config 4 Exception. Config: {'alpha1': 0.4990950443190362, 'alpha2': 0.4572260050104624} - Exception: Traceback (most recent call last):
  File "/home/fra/Documents/university/recsys-challenge-2022/src/HyperparameterTuning/SearchAbstractClass.py", line 484, in _objective_function
    result_df, recommender_instance = self._evaluate_on_validation(
  File "/home/fra/Documents/university/recsys-challenge-2022/src/HyperparameterTuning/SearchAbstractClass.py", line 321, in _evaluate_on_validation
    recommender_instance, train_time = self._fit_model(
  File "/home/fra/Documents/university/recsys-challenge-2022/src/HyperparameterTuning/SearchAbstractClass.py", line 293, in _fit_model
    recommender_instance.fit(*self.recommender_input_args.FIT_POSITIONAL_ARGS,
TypeError: CustomHybridRecommender.fit() got an unexpected keyword argument 'alpha1'

SearchBayesianSkopt: Config 5 Exception. Config: {'alpha1': 0.19272279581784496, 'alpha2': 0.11519316118458015} - Exception: Traceback (most recent call last):
  File "/home/fra/Documents/university/recsys-challenge-2022/src/HyperparameterTuning/SearchAbstractClass.py", line 484, in _objective_function
    result_df, recommender_instance = self._evaluate_on_validation(
  File "/home/fra/Documents/university/recsys-challenge-2022/src/HyperparameterTuning/SearchAbstractClass.py", line 321, in _evaluate_on_validation
    recommender_instance, train_time = self._fit_model(
  File "/home/fra/Documents/university/recsys-challenge-2022/src/HyperparameterTuning/SearchAbstractClass.py", line 293, in _fit_model
    recommender_instance.fit(*self.recommender_input_args.FIT_POSITIONAL_ARGS,
TypeError: CustomHybridRecommender.fit() got an unexpected keyword argument 'alpha1'

SearchBayesianSkopt: Config 6 Exception. Config: {'alpha1': 0.7001619609052614, 'alpha2': 0.7705483356429195} - Exception: Traceback (most recent call last):
  File "/home/fra/Documents/university/recsys-challenge-2022/src/HyperparameterTuning/SearchAbstractClass.py", line 484, in _objective_function
    result_df, recommender_instance = self._evaluate_on_validation(
  File "/home/fra/Documents/university/recsys-challenge-2022/src/HyperparameterTuning/SearchAbstractClass.py", line 321, in _evaluate_on_validation
    recommender_instance, train_time = self._fit_model(
  File "/home/fra/Documents/university/recsys-challenge-2022/src/HyperparameterTuning/SearchAbstractClass.py", line 293, in _fit_model
    recommender_instance.fit(*self.recommender_input_args.FIT_POSITIONAL_ARGS,
TypeError: CustomHybridRecommender.fit() got an unexpected keyword argument 'alpha1'

SearchBayesianSkopt: Config 7 Exception. Config: {'alpha1': 0.04655319285381832, 'alpha2': 0.26352795390415656} - Exception: Traceback (most recent call last):
  File "/home/fra/Documents/university/recsys-challenge-2022/src/HyperparameterTuning/SearchAbstractClass.py", line 484, in _objective_function
    result_df, recommender_instance = self._evaluate_on_validation(
  File "/home/fra/Documents/university/recsys-challenge-2022/src/HyperparameterTuning/SearchAbstractClass.py", line 321, in _evaluate_on_validation
    recommender_instance, train_time = self._fit_model(
  File "/home/fra/Documents/university/recsys-challenge-2022/src/HyperparameterTuning/SearchAbstractClass.py", line 293, in _fit_model
    recommender_instance.fit(*self.recommender_input_args.FIT_POSITIONAL_ARGS,
TypeError: CustomHybridRecommender.fit() got an unexpected keyword argument 'alpha1'

SearchBayesianSkopt: Config 8 Exception. Config: {'alpha1': 0.1516447811636701, 'alpha2': 0.6264261207945644} - Exception: Traceback (most recent call last):
  File "/home/fra/Documents/university/recsys-challenge-2022/src/HyperparameterTuning/SearchAbstractClass.py", line 484, in _objective_function
    result_df, recommender_instance = self._evaluate_on_validation(
  File "/home/fra/Documents/university/recsys-challenge-2022/src/HyperparameterTuning/SearchAbstractClass.py", line 321, in _evaluate_on_validation
    recommender_instance, train_time = self._fit_model(
  File "/home/fra/Documents/university/recsys-challenge-2022/src/HyperparameterTuning/SearchAbstractClass.py", line 293, in _fit_model
    recommender_instance.fit(*self.recommender_input_args.FIT_POSITIONAL_ARGS,
TypeError: CustomHybridRecommender.fit() got an unexpected keyword argument 'alpha1'

SearchBayesianSkopt: Config 9 Exception. Config: {'alpha1': 0.7697292411565695, 'alpha2': 0.7393029739496694} - Exception: Traceback (most recent call last):
  File "/home/fra/Documents/university/recsys-challenge-2022/src/HyperparameterTuning/SearchAbstractClass.py", line 484, in _objective_function
    result_df, recommender_instance = self._evaluate_on_validation(
  File "/home/fra/Documents/university/recsys-challenge-2022/src/HyperparameterTuning/SearchAbstractClass.py", line 321, in _evaluate_on_validation
    recommender_instance, train_time = self._fit_model(
  File "/home/fra/Documents/university/recsys-challenge-2022/src/HyperparameterTuning/SearchAbstractClass.py", line 293, in _fit_model
    recommender_instance.fit(*self.recommender_input_args.FIT_POSITIONAL_ARGS,
TypeError: CustomHybridRecommender.fit() got an unexpected keyword argument 'alpha1'

SearchBayesianSkopt: Config 10 Exception. Config: {'alpha1': 0.6238333406562019, 'alpha2': 0.11414408269954548} - Exception: Traceback (most recent call last):
  File "/home/fra/Documents/university/recsys-challenge-2022/src/HyperparameterTuning/SearchAbstractClass.py", line 484, in _objective_function
    result_df, recommender_instance = self._evaluate_on_validation(
  File "/home/fra/Documents/university/recsys-challenge-2022/src/HyperparameterTuning/SearchAbstractClass.py", line 321, in _evaluate_on_validation
    recommender_instance, train_time = self._fit_model(
  File "/home/fra/Documents/university/recsys-challenge-2022/src/HyperparameterTuning/SearchAbstractClass.py", line 293, in _fit_model
    recommender_instance.fit(*self.recommender_input_args.FIT_POSITIONAL_ARGS,
TypeError: CustomHybridRecommender.fit() got an unexpected keyword argument 'alpha1'

SearchBayesianSkopt: Config 11 Exception. Config: {'alpha1': 0.13286758467908236, 'alpha2': 0.3697696899790956} - Exception: Traceback (most recent call last):
  File "/home/fra/Documents/university/recsys-challenge-2022/src/HyperparameterTuning/SearchAbstractClass.py", line 484, in _objective_function
    result_df, recommender_instance = self._evaluate_on_validation(
  File "/home/fra/Documents/university/recsys-challenge-2022/src/HyperparameterTuning/SearchAbstractClass.py", line 321, in _evaluate_on_validation
    recommender_instance, train_time = self._fit_model(
  File "/home/fra/Documents/university/recsys-challenge-2022/src/HyperparameterTuning/SearchAbstractClass.py", line 293, in _fit_model
    recommender_instance.fit(*self.recommender_input_args.FIT_POSITIONAL_ARGS,
TypeError: CustomHybridRecommender.fit() got an unexpected keyword argument 'alpha1'

SearchBayesianSkopt: Config 12 Exception. Config: {'alpha1': 0.9452441757929586, 'alpha2': 0.10330621181918834} - Exception: Traceback (most recent call last):
  File "/home/fra/Documents/university/recsys-challenge-2022/src/HyperparameterTuning/SearchAbstractClass.py", line 484, in _objective_function
    result_df, recommender_instance = self._evaluate_on_validation(
  File "/home/fra/Documents/university/recsys-challenge-2022/src/HyperparameterTuning/SearchAbstractClass.py", line 321, in _evaluate_on_validation
    recommender_instance, train_time = self._fit_model(
  File "/home/fra/Documents/university/recsys-challenge-2022/src/HyperparameterTuning/SearchAbstractClass.py", line 293, in _fit_model
    recommender_instance.fit(*self.recommender_input_args.FIT_POSITIONAL_ARGS,
TypeError: CustomHybridRecommender.fit() got an unexpected keyword argument 'alpha1'

SearchBayesianSkopt: Config 13 Exception. Config: {'alpha1': 0.6686750464037857, 'alpha2': 0.5353586895182515} - Exception: Traceback (most recent call last):
  File "/home/fra/Documents/university/recsys-challenge-2022/src/HyperparameterTuning/SearchAbstractClass.py", line 484, in _objective_function
    result_df, recommender_instance = self._evaluate_on_validation(
  File "/home/fra/Documents/university/recsys-challenge-2022/src/HyperparameterTuning/SearchAbstractClass.py", line 321, in _evaluate_on_validation
    recommender_instance, train_time = self._fit_model(
  File "/home/fra/Documents/university/recsys-challenge-2022/src/HyperparameterTuning/SearchAbstractClass.py", line 293, in _fit_model
    recommender_instance.fit(*self.recommender_input_args.FIT_POSITIONAL_ARGS,
TypeError: CustomHybridRecommender.fit() got an unexpected keyword argument 'alpha1'

SearchBayesianSkopt: Config 14 Exception. Config: {'alpha1': 0.6462104185868304, 'alpha2': 0.0008355072149940359} - Exception: Traceback (most recent call last):
  File "/home/fra/Documents/university/recsys-challenge-2022/src/HyperparameterTuning/SearchAbstractClass.py", line 484, in _objective_function
    result_df, recommender_instance = self._evaluate_on_validation(
  File "/home/fra/Documents/university/recsys-challenge-2022/src/HyperparameterTuning/SearchAbstractClass.py", line 321, in _evaluate_on_validation
    recommender_instance, train_time = self._fit_model(
  File "/home/fra/Documents/university/recsys-challenge-2022/src/HyperparameterTuning/SearchAbstractClass.py", line 293, in _fit_model
    recommender_instance.fit(*self.recommender_input_args.FIT_POSITIONAL_ARGS,
TypeError: CustomHybridRecommender.fit() got an unexpected keyword argument 'alpha1'

SearchBayesianSkopt: Config 15 Exception. Config: {'alpha1': 0.05357886967671645, 'alpha2': 0.20724530842772265} - Exception: Traceback (most recent call last):
  File "/home/fra/Documents/university/recsys-challenge-2022/src/HyperparameterTuning/SearchAbstractClass.py", line 484, in _objective_function
    result_df, recommender_instance = self._evaluate_on_validation(
  File "/home/fra/Documents/university/recsys-challenge-2022/src/HyperparameterTuning/SearchAbstractClass.py", line 321, in _evaluate_on_validation
    recommender_instance, train_time = self._fit_model(
  File "/home/fra/Documents/university/recsys-challenge-2022/src/HyperparameterTuning/SearchAbstractClass.py", line 293, in _fit_model
    recommender_instance.fit(*self.recommender_input_args.FIT_POSITIONAL_ARGS,
TypeError: CustomHybridRecommender.fit() got an unexpected keyword argument 'alpha1'

SearchBayesianSkopt: Config 16 Exception. Config: {'alpha1': 0.20599288976424218, 'alpha2': 0.2084033331469321} - Exception: Traceback (most recent call last):
  File "/home/fra/Documents/university/recsys-challenge-2022/src/HyperparameterTuning/SearchAbstractClass.py", line 484, in _objective_function
    result_df, recommender_instance = self._evaluate_on_validation(
  File "/home/fra/Documents/university/recsys-challenge-2022/src/HyperparameterTuning/SearchAbstractClass.py", line 321, in _evaluate_on_validation
    recommender_instance, train_time = self._fit_model(
  File "/home/fra/Documents/university/recsys-challenge-2022/src/HyperparameterTuning/SearchAbstractClass.py", line 293, in _fit_model
    recommender_instance.fit(*self.recommender_input_args.FIT_POSITIONAL_ARGS,
TypeError: CustomHybridRecommender.fit() got an unexpected keyword argument 'alpha1'

SearchBayesianSkopt: Config 17 Exception. Config: {'alpha1': 0.16749903077702702, 'alpha2': 0.17715725029426113} - Exception: Traceback (most recent call last):
  File "/home/fra/Documents/university/recsys-challenge-2022/src/HyperparameterTuning/SearchAbstractClass.py", line 484, in _objective_function
    result_df, recommender_instance = self._evaluate_on_validation(
  File "/home/fra/Documents/university/recsys-challenge-2022/src/HyperparameterTuning/SearchAbstractClass.py", line 321, in _evaluate_on_validation
    recommender_instance, train_time = self._fit_model(
  File "/home/fra/Documents/university/recsys-challenge-2022/src/HyperparameterTuning/SearchAbstractClass.py", line 293, in _fit_model
    recommender_instance.fit(*self.recommender_input_args.FIT_POSITIONAL_ARGS,
TypeError: CustomHybridRecommender.fit() got an unexpected keyword argument 'alpha1'

SearchBayesianSkopt: Config 18 Exception. Config: {'alpha1': 0.16455816599752307, 'alpha2': 0.11414594579751305} - Exception: Traceback (most recent call last):
  File "/home/fra/Documents/university/recsys-challenge-2022/src/HyperparameterTuning/SearchAbstractClass.py", line 484, in _objective_function
    result_df, recommender_instance = self._evaluate_on_validation(
  File "/home/fra/Documents/university/recsys-challenge-2022/src/HyperparameterTuning/SearchAbstractClass.py", line 321, in _evaluate_on_validation
    recommender_instance, train_time = self._fit_model(
  File "/home/fra/Documents/university/recsys-challenge-2022/src/HyperparameterTuning/SearchAbstractClass.py", line 293, in _fit_model
    recommender_instance.fit(*self.recommender_input_args.FIT_POSITIONAL_ARGS,
TypeError: CustomHybridRecommender.fit() got an unexpected keyword argument 'alpha1'

SearchBayesianSkopt: Config 19 Exception. Config: {'alpha1': 0.8337782443706221, 'alpha2': 0.36556981886690526} - Exception: Traceback (most recent call last):
  File "/home/fra/Documents/university/recsys-challenge-2022/src/HyperparameterTuning/SearchAbstractClass.py", line 484, in _objective_function
    result_df, recommender_instance = self._evaluate_on_validation(
  File "/home/fra/Documents/university/recsys-challenge-2022/src/HyperparameterTuning/SearchAbstractClass.py", line 321, in _evaluate_on_validation
    recommender_instance, train_time = self._fit_model(
  File "/home/fra/Documents/university/recsys-challenge-2022/src/HyperparameterTuning/SearchAbstractClass.py", line 293, in _fit_model
    recommender_instance.fit(*self.recommender_input_args.FIT_POSITIONAL_ARGS,
TypeError: CustomHybridRecommender.fit() got an unexpected keyword argument 'alpha1'

SearchBayesianSkopt: Config 20 Exception. Config: {'alpha1': 0.37092900955451674, 'alpha2': 0.5415129828189317} - Exception: Traceback (most recent call last):
  File "/home/fra/Documents/university/recsys-challenge-2022/src/HyperparameterTuning/SearchAbstractClass.py", line 484, in _objective_function
    result_df, recommender_instance = self._evaluate_on_validation(
  File "/home/fra/Documents/university/recsys-challenge-2022/src/HyperparameterTuning/SearchAbstractClass.py", line 321, in _evaluate_on_validation
    recommender_instance, train_time = self._fit_model(
  File "/home/fra/Documents/university/recsys-challenge-2022/src/HyperparameterTuning/SearchAbstractClass.py", line 293, in _fit_model
    recommender_instance.fit(*self.recommender_input_args.FIT_POSITIONAL_ARGS,
TypeError: CustomHybridRecommender.fit() got an unexpected keyword argument 'alpha1'

SearchBayesianSkopt: Config 21 Exception. Config: {'alpha1': 0.6126280078762145, 'alpha2': 0.31047115442102985} - Exception: Traceback (most recent call last):
  File "/home/fra/Documents/university/recsys-challenge-2022/src/HyperparameterTuning/SearchAbstractClass.py", line 484, in _objective_function
    result_df, recommender_instance = self._evaluate_on_validation(
  File "/home/fra/Documents/university/recsys-challenge-2022/src/HyperparameterTuning/SearchAbstractClass.py", line 321, in _evaluate_on_validation
    recommender_instance, train_time = self._fit_model(
  File "/home/fra/Documents/university/recsys-challenge-2022/src/HyperparameterTuning/SearchAbstractClass.py", line 293, in _fit_model
    recommender_instance.fit(*self.recommender_input_args.FIT_POSITIONAL_ARGS,
TypeError: CustomHybridRecommender.fit() got an unexpected keyword argument 'alpha1'

SearchBayesianSkopt: Config 22 Exception. Config: {'alpha1': 0.5806335666667064, 'alpha2': 0.8995298738544849} - Exception: Traceback (most recent call last):
  File "/home/fra/Documents/university/recsys-challenge-2022/src/HyperparameterTuning/SearchAbstractClass.py", line 484, in _objective_function
    result_df, recommender_instance = self._evaluate_on_validation(
  File "/home/fra/Documents/university/recsys-challenge-2022/src/HyperparameterTuning/SearchAbstractClass.py", line 321, in _evaluate_on_validation
    recommender_instance, train_time = self._fit_model(
  File "/home/fra/Documents/university/recsys-challenge-2022/src/HyperparameterTuning/SearchAbstractClass.py", line 293, in _fit_model
    recommender_instance.fit(*self.recommender_input_args.FIT_POSITIONAL_ARGS,
TypeError: CustomHybridRecommender.fit() got an unexpected keyword argument 'alpha1'

SearchBayesianSkopt: Config 23 Exception. Config: {'alpha1': 0.4390262143775494, 'alpha2': 0.39560206991558267} - Exception: Traceback (most recent call last):
  File "/home/fra/Documents/university/recsys-challenge-2022/src/HyperparameterTuning/SearchAbstractClass.py", line 484, in _objective_function
    result_df, recommender_instance = self._evaluate_on_validation(
  File "/home/fra/Documents/university/recsys-challenge-2022/src/HyperparameterTuning/SearchAbstractClass.py", line 321, in _evaluate_on_validation
    recommender_instance, train_time = self._fit_model(
  File "/home/fra/Documents/university/recsys-challenge-2022/src/HyperparameterTuning/SearchAbstractClass.py", line 293, in _fit_model
    recommender_instance.fit(*self.recommender_input_args.FIT_POSITIONAL_ARGS,
TypeError: CustomHybridRecommender.fit() got an unexpected keyword argument 'alpha1'

SearchBayesianSkopt: Config 24 Exception. Config: {'alpha1': 0.44856026510623337, 'alpha2': 0.014760266595345909} - Exception: Traceback (most recent call last):
  File "/home/fra/Documents/university/recsys-challenge-2022/src/HyperparameterTuning/SearchAbstractClass.py", line 484, in _objective_function
    result_df, recommender_instance = self._evaluate_on_validation(
  File "/home/fra/Documents/university/recsys-challenge-2022/src/HyperparameterTuning/SearchAbstractClass.py", line 321, in _evaluate_on_validation
    recommender_instance, train_time = self._fit_model(
  File "/home/fra/Documents/university/recsys-challenge-2022/src/HyperparameterTuning/SearchAbstractClass.py", line 293, in _fit_model
    recommender_instance.fit(*self.recommender_input_args.FIT_POSITIONAL_ARGS,
TypeError: CustomHybridRecommender.fit() got an unexpected keyword argument 'alpha1'

SearchBayesianSkopt: Config 25 Exception. Config: {'alpha1': 0.41499373936530837, 'alpha2': 0.1967337092401263} - Exception: Traceback (most recent call last):
  File "/home/fra/Documents/university/recsys-challenge-2022/src/HyperparameterTuning/SearchAbstractClass.py", line 484, in _objective_function
    result_df, recommender_instance = self._evaluate_on_validation(
  File "/home/fra/Documents/university/recsys-challenge-2022/src/HyperparameterTuning/SearchAbstractClass.py", line 321, in _evaluate_on_validation
    recommender_instance, train_time = self._fit_model(
  File "/home/fra/Documents/university/recsys-challenge-2022/src/HyperparameterTuning/SearchAbstractClass.py", line 293, in _fit_model
    recommender_instance.fit(*self.recommender_input_args.FIT_POSITIONAL_ARGS,
TypeError: CustomHybridRecommender.fit() got an unexpected keyword argument 'alpha1'

SearchBayesianSkopt: Config 26 Exception. Config: {'alpha1': 0.5534057836707073, 'alpha2': 0.7449446179525758} - Exception: Traceback (most recent call last):
  File "/home/fra/Documents/university/recsys-challenge-2022/src/HyperparameterTuning/SearchAbstractClass.py", line 484, in _objective_function
    result_df, recommender_instance = self._evaluate_on_validation(
  File "/home/fra/Documents/university/recsys-challenge-2022/src/HyperparameterTuning/SearchAbstractClass.py", line 321, in _evaluate_on_validation
    recommender_instance, train_time = self._fit_model(
  File "/home/fra/Documents/university/recsys-challenge-2022/src/HyperparameterTuning/SearchAbstractClass.py", line 293, in _fit_model
    recommender_instance.fit(*self.recommender_input_args.FIT_POSITIONAL_ARGS,
TypeError: CustomHybridRecommender.fit() got an unexpected keyword argument 'alpha1'

SearchBayesianSkopt: Config 27 Exception. Config: {'alpha1': 0.24714849984440096, 'alpha2': 0.6394971462864565} - Exception: Traceback (most recent call last):
  File "/home/fra/Documents/university/recsys-challenge-2022/src/HyperparameterTuning/SearchAbstractClass.py", line 484, in _objective_function
    result_df, recommender_instance = self._evaluate_on_validation(
  File "/home/fra/Documents/university/recsys-challenge-2022/src/HyperparameterTuning/SearchAbstractClass.py", line 321, in _evaluate_on_validation
    recommender_instance, train_time = self._fit_model(
  File "/home/fra/Documents/university/recsys-challenge-2022/src/HyperparameterTuning/SearchAbstractClass.py", line 293, in _fit_model
    recommender_instance.fit(*self.recommender_input_args.FIT_POSITIONAL_ARGS,
TypeError: CustomHybridRecommender.fit() got an unexpected keyword argument 'alpha1'

SearchBayesianSkopt: Config 28 Exception. Config: {'alpha1': 0.7405052146818649, 'alpha2': 0.2663202620059591} - Exception: Traceback (most recent call last):
  File "/home/fra/Documents/university/recsys-challenge-2022/src/HyperparameterTuning/SearchAbstractClass.py", line 484, in _objective_function
    result_df, recommender_instance = self._evaluate_on_validation(
  File "/home/fra/Documents/university/recsys-challenge-2022/src/HyperparameterTuning/SearchAbstractClass.py", line 321, in _evaluate_on_validation
    recommender_instance, train_time = self._fit_model(
  File "/home/fra/Documents/university/recsys-challenge-2022/src/HyperparameterTuning/SearchAbstractClass.py", line 293, in _fit_model
    recommender_instance.fit(*self.recommender_input_args.FIT_POSITIONAL_ARGS,
TypeError: CustomHybridRecommender.fit() got an unexpected keyword argument 'alpha1'

SearchBayesianSkopt: Config 29 Exception. Config: {'alpha1': 0.7454329170071499, 'alpha2': 0.5818177659382913} - Exception: Traceback (most recent call last):
  File "/home/fra/Documents/university/recsys-challenge-2022/src/HyperparameterTuning/SearchAbstractClass.py", line 484, in _objective_function
    result_df, recommender_instance = self._evaluate_on_validation(
  File "/home/fra/Documents/university/recsys-challenge-2022/src/HyperparameterTuning/SearchAbstractClass.py", line 321, in _evaluate_on_validation
    recommender_instance, train_time = self._fit_model(
  File "/home/fra/Documents/university/recsys-challenge-2022/src/HyperparameterTuning/SearchAbstractClass.py", line 293, in _fit_model
    recommender_instance.fit(*self.recommender_input_args.FIT_POSITIONAL_ARGS,
TypeError: CustomHybridRecommender.fit() got an unexpected keyword argument 'alpha1'

SearchBayesianSkopt: Search interrupted. No valid config was found during the initial random initialization
SearchBayesianSkopt: Config 0 Exception. Config: {'alpha1': 0.28117997537194944, 'alpha2': 0.295787549184598} - Exception: Traceback (most recent call last):
  File "/home/fra/Documents/university/recsys-challenge-2022/src/HyperparameterTuning/SearchAbstractClass.py", line 484, in _objective_function
    result_df, recommender_instance = self._evaluate_on_validation(
  File "/home/fra/Documents/university/recsys-challenge-2022/src/HyperparameterTuning/SearchAbstractClass.py", line 321, in _evaluate_on_validation
    recommender_instance, train_time = self._fit_model(
  File "/home/fra/Documents/university/recsys-challenge-2022/src/HyperparameterTuning/SearchAbstractClass.py", line 293, in _fit_model
    recommender_instance.fit(*self.recommender_input_args.FIT_POSITIONAL_ARGS,
TypeError: CustomHybridRecommender.fit() got an unexpected keyword argument 'alpha1'

SearchBayesianSkopt: Config 1 Exception. Config: {'alpha1': 0.06966732721756065, 'alpha2': 0.8534548642913619} - Exception: Traceback (most recent call last):
  File "/home/fra/Documents/university/recsys-challenge-2022/src/HyperparameterTuning/SearchAbstractClass.py", line 484, in _objective_function
    result_df, recommender_instance = self._evaluate_on_validation(
  File "/home/fra/Documents/university/recsys-challenge-2022/src/HyperparameterTuning/SearchAbstractClass.py", line 321, in _evaluate_on_validation
    recommender_instance, train_time = self._fit_model(
  File "/home/fra/Documents/university/recsys-challenge-2022/src/HyperparameterTuning/SearchAbstractClass.py", line 293, in _fit_model
    recommender_instance.fit(*self.recommender_input_args.FIT_POSITIONAL_ARGS,
TypeError: CustomHybridRecommender.fit() got an unexpected keyword argument 'alpha1'

SearchBayesianSkopt: Config 2 Exception. Config: {'alpha1': 0.7415836868497206, 'alpha2': 0.4724500748458117} - Exception: Traceback (most recent call last):
  File "/home/fra/Documents/university/recsys-challenge-2022/src/HyperparameterTuning/SearchAbstractClass.py", line 484, in _objective_function
    result_df, recommender_instance = self._evaluate_on_validation(
  File "/home/fra/Documents/university/recsys-challenge-2022/src/HyperparameterTuning/SearchAbstractClass.py", line 321, in _evaluate_on_validation
    recommender_instance, train_time = self._fit_model(
  File "/home/fra/Documents/university/recsys-challenge-2022/src/HyperparameterTuning/SearchAbstractClass.py", line 293, in _fit_model
    recommender_instance.fit(*self.recommender_input_args.FIT_POSITIONAL_ARGS,
TypeError: CustomHybridRecommender.fit() got an unexpected keyword argument 'alpha1'

SearchBayesianSkopt: Config 3 Exception. Config: {'alpha1': 0.0058684482165999325, 'alpha2': 0.9092365389200172} - Exception: Traceback (most recent call last):
  File "/home/fra/Documents/university/recsys-challenge-2022/src/HyperparameterTuning/SearchAbstractClass.py", line 484, in _objective_function
    result_df, recommender_instance = self._evaluate_on_validation(
  File "/home/fra/Documents/university/recsys-challenge-2022/src/HyperparameterTuning/SearchAbstractClass.py", line 321, in _evaluate_on_validation
    recommender_instance, train_time = self._fit_model(
  File "/home/fra/Documents/university/recsys-challenge-2022/src/HyperparameterTuning/SearchAbstractClass.py", line 293, in _fit_model
    recommender_instance.fit(*self.recommender_input_args.FIT_POSITIONAL_ARGS,
TypeError: CustomHybridRecommender.fit() got an unexpected keyword argument 'alpha1'

SearchBayesianSkopt: Config 4 Exception. Config: {'alpha1': 0.94229204214397, 'alpha2': 0.944368427917186} - Exception: Traceback (most recent call last):
  File "/home/fra/Documents/university/recsys-challenge-2022/src/HyperparameterTuning/SearchAbstractClass.py", line 484, in _objective_function
    result_df, recommender_instance = self._evaluate_on_validation(
  File "/home/fra/Documents/university/recsys-challenge-2022/src/HyperparameterTuning/SearchAbstractClass.py", line 321, in _evaluate_on_validation
    recommender_instance, train_time = self._fit_model(
  File "/home/fra/Documents/university/recsys-challenge-2022/src/HyperparameterTuning/SearchAbstractClass.py", line 293, in _fit_model
    recommender_instance.fit(*self.recommender_input_args.FIT_POSITIONAL_ARGS,
TypeError: CustomHybridRecommender.fit() got an unexpected keyword argument 'alpha1'

SearchBayesianSkopt: Config 5 Exception. Config: {'alpha1': 0.19774586671149047, 'alpha2': 0.619248243348896} - Exception: Traceback (most recent call last):
  File "/home/fra/Documents/university/recsys-challenge-2022/src/HyperparameterTuning/SearchAbstractClass.py", line 484, in _objective_function
    result_df, recommender_instance = self._evaluate_on_validation(
  File "/home/fra/Documents/university/recsys-challenge-2022/src/HyperparameterTuning/SearchAbstractClass.py", line 321, in _evaluate_on_validation
    recommender_instance, train_time = self._fit_model(
  File "/home/fra/Documents/university/recsys-challenge-2022/src/HyperparameterTuning/SearchAbstractClass.py", line 293, in _fit_model
    recommender_instance.fit(*self.recommender_input_args.FIT_POSITIONAL_ARGS,
TypeError: CustomHybridRecommender.fit() got an unexpected keyword argument 'alpha1'

SearchBayesianSkopt: Config 6 Exception. Config: {'alpha1': 0.06449638591217934, 'alpha2': 0.5832548179123563} - Exception: Traceback (most recent call last):
  File "/home/fra/Documents/university/recsys-challenge-2022/src/HyperparameterTuning/SearchAbstractClass.py", line 484, in _objective_function
    result_df, recommender_instance = self._evaluate_on_validation(
  File "/home/fra/Documents/university/recsys-challenge-2022/src/HyperparameterTuning/SearchAbstractClass.py", line 321, in _evaluate_on_validation
    recommender_instance, train_time = self._fit_model(
  File "/home/fra/Documents/university/recsys-challenge-2022/src/HyperparameterTuning/SearchAbstractClass.py", line 293, in _fit_model
    recommender_instance.fit(*self.recommender_input_args.FIT_POSITIONAL_ARGS,
TypeError: CustomHybridRecommender.fit() got an unexpected keyword argument 'alpha1'

SearchBayesianSkopt: Config 7 Exception. Config: {'alpha1': 0.9254594861798288, 'alpha2': 0.31465050829920665} - Exception: Traceback (most recent call last):
  File "/home/fra/Documents/university/recsys-challenge-2022/src/HyperparameterTuning/SearchAbstractClass.py", line 484, in _objective_function
    result_df, recommender_instance = self._evaluate_on_validation(
  File "/home/fra/Documents/university/recsys-challenge-2022/src/HyperparameterTuning/SearchAbstractClass.py", line 321, in _evaluate_on_validation
    recommender_instance, train_time = self._fit_model(
  File "/home/fra/Documents/university/recsys-challenge-2022/src/HyperparameterTuning/SearchAbstractClass.py", line 293, in _fit_model
    recommender_instance.fit(*self.recommender_input_args.FIT_POSITIONAL_ARGS,
TypeError: CustomHybridRecommender.fit() got an unexpected keyword argument 'alpha1'

SearchBayesianSkopt: Config 8 Exception. Config: {'alpha1': 0.9779433026468558, 'alpha2': 0.3633078854926883} - Exception: Traceback (most recent call last):
  File "/home/fra/Documents/university/recsys-challenge-2022/src/HyperparameterTuning/SearchAbstractClass.py", line 484, in _objective_function
    result_df, recommender_instance = self._evaluate_on_validation(
  File "/home/fra/Documents/university/recsys-challenge-2022/src/HyperparameterTuning/SearchAbstractClass.py", line 321, in _evaluate_on_validation
    recommender_instance, train_time = self._fit_model(
  File "/home/fra/Documents/university/recsys-challenge-2022/src/HyperparameterTuning/SearchAbstractClass.py", line 293, in _fit_model
    recommender_instance.fit(*self.recommender_input_args.FIT_POSITIONAL_ARGS,
TypeError: CustomHybridRecommender.fit() got an unexpected keyword argument 'alpha1'

SearchBayesianSkopt: Config 9 Exception. Config: {'alpha1': 0.4060301627787162, 'alpha2': 0.8652895658505338} - Exception: Traceback (most recent call last):
  File "/home/fra/Documents/university/recsys-challenge-2022/src/HyperparameterTuning/SearchAbstractClass.py", line 484, in _objective_function
    result_df, recommender_instance = self._evaluate_on_validation(
  File "/home/fra/Documents/university/recsys-challenge-2022/src/HyperparameterTuning/SearchAbstractClass.py", line 321, in _evaluate_on_validation
    recommender_instance, train_time = self._fit_model(
  File "/home/fra/Documents/university/recsys-challenge-2022/src/HyperparameterTuning/SearchAbstractClass.py", line 293, in _fit_model
    recommender_instance.fit(*self.recommender_input_args.FIT_POSITIONAL_ARGS,
TypeError: CustomHybridRecommender.fit() got an unexpected keyword argument 'alpha1'

SearchBayesianSkopt: Config 10 Exception. Config: {'alpha1': 0.5781034303750053, 'alpha2': 0.12305478029318798} - Exception: Traceback (most recent call last):
  File "/home/fra/Documents/university/recsys-challenge-2022/src/HyperparameterTuning/SearchAbstractClass.py", line 484, in _objective_function
    result_df, recommender_instance = self._evaluate_on_validation(
  File "/home/fra/Documents/university/recsys-challenge-2022/src/HyperparameterTuning/SearchAbstractClass.py", line 321, in _evaluate_on_validation
    recommender_instance, train_time = self._fit_model(
  File "/home/fra/Documents/university/recsys-challenge-2022/src/HyperparameterTuning/SearchAbstractClass.py", line 293, in _fit_model
    recommender_instance.fit(*self.recommender_input_args.FIT_POSITIONAL_ARGS,
TypeError: CustomHybridRecommender.fit() got an unexpected keyword argument 'alpha1'

SearchBayesianSkopt: Config 11 Exception. Config: {'alpha1': 0.3419592497783394, 'alpha2': 0.35019229314830397} - Exception: Traceback (most recent call last):
  File "/home/fra/Documents/university/recsys-challenge-2022/src/HyperparameterTuning/SearchAbstractClass.py", line 484, in _objective_function
    result_df, recommender_instance = self._evaluate_on_validation(
  File "/home/fra/Documents/university/recsys-challenge-2022/src/HyperparameterTuning/SearchAbstractClass.py", line 321, in _evaluate_on_validation
    recommender_instance, train_time = self._fit_model(
  File "/home/fra/Documents/university/recsys-challenge-2022/src/HyperparameterTuning/SearchAbstractClass.py", line 293, in _fit_model
    recommender_instance.fit(*self.recommender_input_args.FIT_POSITIONAL_ARGS,
TypeError: CustomHybridRecommender.fit() got an unexpected keyword argument 'alpha1'

SearchBayesianSkopt: Config 12 Exception. Config: {'alpha1': 0.21185018761409175, 'alpha2': 0.19889875647961436} - Exception: Traceback (most recent call last):
  File "/home/fra/Documents/university/recsys-challenge-2022/src/HyperparameterTuning/SearchAbstractClass.py", line 484, in _objective_function
    result_df, recommender_instance = self._evaluate_on_validation(
  File "/home/fra/Documents/university/recsys-challenge-2022/src/HyperparameterTuning/SearchAbstractClass.py", line 321, in _evaluate_on_validation
    recommender_instance, train_time = self._fit_model(
  File "/home/fra/Documents/university/recsys-challenge-2022/src/HyperparameterTuning/SearchAbstractClass.py", line 293, in _fit_model
    recommender_instance.fit(*self.recommender_input_args.FIT_POSITIONAL_ARGS,
TypeError: CustomHybridRecommender.fit() got an unexpected keyword argument 'alpha1'

SearchBayesianSkopt: Config 13 Exception. Config: {'alpha1': 0.02373697268917741, 'alpha2': 0.7806790641188833} - Exception: Traceback (most recent call last):
  File "/home/fra/Documents/university/recsys-challenge-2022/src/HyperparameterTuning/SearchAbstractClass.py", line 484, in _objective_function
    result_df, recommender_instance = self._evaluate_on_validation(
  File "/home/fra/Documents/university/recsys-challenge-2022/src/HyperparameterTuning/SearchAbstractClass.py", line 321, in _evaluate_on_validation
    recommender_instance, train_time = self._fit_model(
  File "/home/fra/Documents/university/recsys-challenge-2022/src/HyperparameterTuning/SearchAbstractClass.py", line 293, in _fit_model
    recommender_instance.fit(*self.recommender_input_args.FIT_POSITIONAL_ARGS,
TypeError: CustomHybridRecommender.fit() got an unexpected keyword argument 'alpha1'

SearchBayesianSkopt: Config 14 Exception. Config: {'alpha1': 0.29534927308700026, 'alpha2': 0.22654504584954932} - Exception: Traceback (most recent call last):
  File "/home/fra/Documents/university/recsys-challenge-2022/src/HyperparameterTuning/SearchAbstractClass.py", line 484, in _objective_function
    result_df, recommender_instance = self._evaluate_on_validation(
  File "/home/fra/Documents/university/recsys-challenge-2022/src/HyperparameterTuning/SearchAbstractClass.py", line 321, in _evaluate_on_validation
    recommender_instance, train_time = self._fit_model(
  File "/home/fra/Documents/university/recsys-challenge-2022/src/HyperparameterTuning/SearchAbstractClass.py", line 293, in _fit_model
    recommender_instance.fit(*self.recommender_input_args.FIT_POSITIONAL_ARGS,
TypeError: CustomHybridRecommender.fit() got an unexpected keyword argument 'alpha1'

SearchBayesianSkopt: Config 15 Exception. Config: {'alpha1': 0.0835459705663454, 'alpha2': 0.7339802777427732} - Exception: Traceback (most recent call last):
  File "/home/fra/Documents/university/recsys-challenge-2022/src/HyperparameterTuning/SearchAbstractClass.py", line 484, in _objective_function
    result_df, recommender_instance = self._evaluate_on_validation(
  File "/home/fra/Documents/university/recsys-challenge-2022/src/HyperparameterTuning/SearchAbstractClass.py", line 321, in _evaluate_on_validation
    recommender_instance, train_time = self._fit_model(
  File "/home/fra/Documents/university/recsys-challenge-2022/src/HyperparameterTuning/SearchAbstractClass.py", line 293, in _fit_model
    recommender_instance.fit(*self.recommender_input_args.FIT_POSITIONAL_ARGS,
TypeError: CustomHybridRecommender.fit() got an unexpected keyword argument 'alpha1'

SearchBayesianSkopt: Config 16 Exception. Config: {'alpha1': 0.8361986589576006, 'alpha2': 0.8079717278423381} - Exception: Traceback (most recent call last):
  File "/home/fra/Documents/university/recsys-challenge-2022/src/HyperparameterTuning/SearchAbstractClass.py", line 484, in _objective_function
    result_df, recommender_instance = self._evaluate_on_validation(
  File "/home/fra/Documents/university/recsys-challenge-2022/src/HyperparameterTuning/SearchAbstractClass.py", line 321, in _evaluate_on_validation
    recommender_instance, train_time = self._fit_model(
  File "/home/fra/Documents/university/recsys-challenge-2022/src/HyperparameterTuning/SearchAbstractClass.py", line 293, in _fit_model
    recommender_instance.fit(*self.recommender_input_args.FIT_POSITIONAL_ARGS,
TypeError: CustomHybridRecommender.fit() got an unexpected keyword argument 'alpha1'

SearchBayesianSkopt: Config 17 Exception. Config: {'alpha1': 0.678042926323897, 'alpha2': 0.9577373715915408} - Exception: Traceback (most recent call last):
  File "/home/fra/Documents/university/recsys-challenge-2022/src/HyperparameterTuning/SearchAbstractClass.py", line 484, in _objective_function
    result_df, recommender_instance = self._evaluate_on_validation(
  File "/home/fra/Documents/university/recsys-challenge-2022/src/HyperparameterTuning/SearchAbstractClass.py", line 321, in _evaluate_on_validation
    recommender_instance, train_time = self._fit_model(
  File "/home/fra/Documents/university/recsys-challenge-2022/src/HyperparameterTuning/SearchAbstractClass.py", line 293, in _fit_model
    recommender_instance.fit(*self.recommender_input_args.FIT_POSITIONAL_ARGS,
TypeError: CustomHybridRecommender.fit() got an unexpected keyword argument 'alpha1'

SearchBayesianSkopt: Config 0 Exception. Config: {'alpha1': 0.3381995712734714, 'alpha2': 0.004435383975355257} - Exception: Traceback (most recent call last):
  File "/home/fra/Documents/university/recsys-challenge-2022/src/HyperparameterTuning/SearchAbstractClass.py", line 484, in _objective_function
    result_df, recommender_instance = self._evaluate_on_validation(
  File "/home/fra/Documents/university/recsys-challenge-2022/src/HyperparameterTuning/SearchAbstractClass.py", line 321, in _evaluate_on_validation
    recommender_instance, train_time = self._fit_model(
  File "/home/fra/Documents/university/recsys-challenge-2022/src/HyperparameterTuning/SearchAbstractClass.py", line 293, in _fit_model
    recommender_instance.fit(*self.recommender_input_args.FIT_POSITIONAL_ARGS,
TypeError: CustomHybridRecommender.fit() got an unexpected keyword argument 'alpha1'

SearchBayesianSkopt: Config 1 Exception. Config: {'alpha1': 0.46843542859252263, 'alpha2': 0.8713259826268798} - Exception: Traceback (most recent call last):
  File "/home/fra/Documents/university/recsys-challenge-2022/src/HyperparameterTuning/SearchAbstractClass.py", line 484, in _objective_function
    result_df, recommender_instance = self._evaluate_on_validation(
  File "/home/fra/Documents/university/recsys-challenge-2022/src/HyperparameterTuning/SearchAbstractClass.py", line 321, in _evaluate_on_validation
    recommender_instance, train_time = self._fit_model(
  File "/home/fra/Documents/university/recsys-challenge-2022/src/HyperparameterTuning/SearchAbstractClass.py", line 293, in _fit_model
    recommender_instance.fit(*self.recommender_input_args.FIT_POSITIONAL_ARGS,
TypeError: CustomHybridRecommender.fit() got an unexpected keyword argument 'alpha1'

SearchBayesianSkopt: Config 2 Exception. Config: {'alpha1': 0.11607645967700722, 'alpha2': 0.22039973238247607} - Exception: Traceback (most recent call last):
  File "/home/fra/Documents/university/recsys-challenge-2022/src/HyperparameterTuning/SearchAbstractClass.py", line 484, in _objective_function
    result_df, recommender_instance = self._evaluate_on_validation(
  File "/home/fra/Documents/university/recsys-challenge-2022/src/HyperparameterTuning/SearchAbstractClass.py", line 321, in _evaluate_on_validation
    recommender_instance, train_time = self._fit_model(
  File "/home/fra/Documents/university/recsys-challenge-2022/src/HyperparameterTuning/SearchAbstractClass.py", line 293, in _fit_model
    recommender_instance.fit(*self.recommender_input_args.FIT_POSITIONAL_ARGS,
TypeError: CustomHybridRecommender.fit() got an unexpected keyword argument 'alpha1'

SearchBayesianSkopt: Config 3 Exception. Config: {'alpha1': 0.8235985529460151, 'alpha2': 0.7627959541967642} - Exception: Traceback (most recent call last):
  File "/home/fra/Documents/university/recsys-challenge-2022/src/HyperparameterTuning/SearchAbstractClass.py", line 484, in _objective_function
    result_df, recommender_instance = self._evaluate_on_validation(
  File "/home/fra/Documents/university/recsys-challenge-2022/src/HyperparameterTuning/SearchAbstractClass.py", line 321, in _evaluate_on_validation
    recommender_instance, train_time = self._fit_model(
  File "/home/fra/Documents/university/recsys-challenge-2022/src/HyperparameterTuning/SearchAbstractClass.py", line 293, in _fit_model
    recommender_instance.fit(*self.recommender_input_args.FIT_POSITIONAL_ARGS,
TypeError: CustomHybridRecommender.fit() got an unexpected keyword argument 'alpha1'

SearchBayesianSkopt: Config 4 Exception. Config: {'alpha1': 0.7840688973077012, 'alpha2': 0.36249666692832233} - Exception: Traceback (most recent call last):
  File "/home/fra/Documents/university/recsys-challenge-2022/src/HyperparameterTuning/SearchAbstractClass.py", line 484, in _objective_function
    result_df, recommender_instance = self._evaluate_on_validation(
  File "/home/fra/Documents/university/recsys-challenge-2022/src/HyperparameterTuning/SearchAbstractClass.py", line 321, in _evaluate_on_validation
    recommender_instance, train_time = self._fit_model(
  File "/home/fra/Documents/university/recsys-challenge-2022/src/HyperparameterTuning/SearchAbstractClass.py", line 293, in _fit_model
    recommender_instance.fit(*self.recommender_input_args.FIT_POSITIONAL_ARGS,
TypeError: CustomHybridRecommender.fit() got an unexpected keyword argument 'alpha1'

SearchBayesianSkopt: Config 5 Exception. Config: {'alpha1': 0.8902633380344922, 'alpha2': 0.8659406203205647} - Exception: Traceback (most recent call last):
  File "/home/fra/Documents/university/recsys-challenge-2022/src/HyperparameterTuning/SearchAbstractClass.py", line 484, in _objective_function
    result_df, recommender_instance = self._evaluate_on_validation(
  File "/home/fra/Documents/university/recsys-challenge-2022/src/HyperparameterTuning/SearchAbstractClass.py", line 321, in _evaluate_on_validation
    recommender_instance, train_time = self._fit_model(
  File "/home/fra/Documents/university/recsys-challenge-2022/src/HyperparameterTuning/SearchAbstractClass.py", line 293, in _fit_model
    recommender_instance.fit(*self.recommender_input_args.FIT_POSITIONAL_ARGS,
TypeError: CustomHybridRecommender.fit() got an unexpected keyword argument 'alpha1'

SearchBayesianSkopt: Config 6 Exception. Config: {'alpha1': 0.0795276031133877, 'alpha2': 0.9400794628039311} - Exception: Traceback (most recent call last):
  File "/home/fra/Documents/university/recsys-challenge-2022/src/HyperparameterTuning/SearchAbstractClass.py", line 484, in _objective_function
    result_df, recommender_instance = self._evaluate_on_validation(
  File "/home/fra/Documents/university/recsys-challenge-2022/src/HyperparameterTuning/SearchAbstractClass.py", line 321, in _evaluate_on_validation
    recommender_instance, train_time = self._fit_model(
  File "/home/fra/Documents/university/recsys-challenge-2022/src/HyperparameterTuning/SearchAbstractClass.py", line 293, in _fit_model
    recommender_instance.fit(*self.recommender_input_args.FIT_POSITIONAL_ARGS,
TypeError: CustomHybridRecommender.fit() got an unexpected keyword argument 'alpha1'

SearchBayesianSkopt: Config 7 Exception. Config: {'alpha1': 0.42882397865227817, 'alpha2': 0.09876784707487354} - Exception: Traceback (most recent call last):
  File "/home/fra/Documents/university/recsys-challenge-2022/src/HyperparameterTuning/SearchAbstractClass.py", line 484, in _objective_function
    result_df, recommender_instance = self._evaluate_on_validation(
  File "/home/fra/Documents/university/recsys-challenge-2022/src/HyperparameterTuning/SearchAbstractClass.py", line 321, in _evaluate_on_validation
    recommender_instance, train_time = self._fit_model(
  File "/home/fra/Documents/university/recsys-challenge-2022/src/HyperparameterTuning/SearchAbstractClass.py", line 293, in _fit_model
    recommender_instance.fit(*self.recommender_input_args.FIT_POSITIONAL_ARGS,
TypeError: CustomHybridRecommender.fit() got an unexpected keyword argument 'alpha1'

SearchBayesianSkopt: Config 8 Exception. Config: {'alpha1': 0.8288577720807924, 'alpha2': 0.16191507955101328} - Exception: Traceback (most recent call last):
  File "/home/fra/Documents/university/recsys-challenge-2022/src/HyperparameterTuning/SearchAbstractClass.py", line 484, in _objective_function
    result_df, recommender_instance = self._evaluate_on_validation(
  File "/home/fra/Documents/university/recsys-challenge-2022/src/HyperparameterTuning/SearchAbstractClass.py", line 321, in _evaluate_on_validation
    recommender_instance, train_time = self._fit_model(
  File "/home/fra/Documents/university/recsys-challenge-2022/src/HyperparameterTuning/SearchAbstractClass.py", line 293, in _fit_model
    recommender_instance.fit(*self.recommender_input_args.FIT_POSITIONAL_ARGS,
TypeError: CustomHybridRecommender.fit() got an unexpected keyword argument 'alpha1'

SearchBayesianSkopt: Config 9 Exception. Config: {'alpha1': 0.3244699328348181, 'alpha2': 0.445607939049695} - Exception: Traceback (most recent call last):
  File "/home/fra/Documents/university/recsys-challenge-2022/src/HyperparameterTuning/SearchAbstractClass.py", line 484, in _objective_function
    result_df, recommender_instance = self._evaluate_on_validation(
  File "/home/fra/Documents/university/recsys-challenge-2022/src/HyperparameterTuning/SearchAbstractClass.py", line 321, in _evaluate_on_validation
    recommender_instance, train_time = self._fit_model(
  File "/home/fra/Documents/university/recsys-challenge-2022/src/HyperparameterTuning/SearchAbstractClass.py", line 293, in _fit_model
    recommender_instance.fit(*self.recommender_input_args.FIT_POSITIONAL_ARGS,
TypeError: CustomHybridRecommender.fit() got an unexpected keyword argument 'alpha1'

SearchBayesianSkopt: Config 10 Exception. Config: {'alpha1': 0.01392848244485401, 'alpha2': 0.029802804139419277} - Exception: Traceback (most recent call last):
  File "/home/fra/Documents/university/recsys-challenge-2022/src/HyperparameterTuning/SearchAbstractClass.py", line 484, in _objective_function
    result_df, recommender_instance = self._evaluate_on_validation(
  File "/home/fra/Documents/university/recsys-challenge-2022/src/HyperparameterTuning/SearchAbstractClass.py", line 321, in _evaluate_on_validation
    recommender_instance, train_time = self._fit_model(
  File "/home/fra/Documents/university/recsys-challenge-2022/src/HyperparameterTuning/SearchAbstractClass.py", line 293, in _fit_model
    recommender_instance.fit(*self.recommender_input_args.FIT_POSITIONAL_ARGS,
TypeError: CustomHybridRecommender.fit() got an unexpected keyword argument 'alpha1'

SearchBayesianSkopt: Config 11 Exception. Config: {'alpha1': 0.4612778594801713, 'alpha2': 0.3752443899048069} - Exception: Traceback (most recent call last):
  File "/home/fra/Documents/university/recsys-challenge-2022/src/HyperparameterTuning/SearchAbstractClass.py", line 484, in _objective_function
    result_df, recommender_instance = self._evaluate_on_validation(
  File "/home/fra/Documents/university/recsys-challenge-2022/src/HyperparameterTuning/SearchAbstractClass.py", line 321, in _evaluate_on_validation
    recommender_instance, train_time = self._fit_model(
  File "/home/fra/Documents/university/recsys-challenge-2022/src/HyperparameterTuning/SearchAbstractClass.py", line 293, in _fit_model
    recommender_instance.fit(*self.recommender_input_args.FIT_POSITIONAL_ARGS,
TypeError: CustomHybridRecommender.fit() got an unexpected keyword argument 'alpha1'

SearchBayesianSkopt: Config 12 Exception. Config: {'alpha1': 0.054008683629588786, 'alpha2': 0.2525120492270045} - Exception: Traceback (most recent call last):
  File "/home/fra/Documents/university/recsys-challenge-2022/src/HyperparameterTuning/SearchAbstractClass.py", line 484, in _objective_function
    result_df, recommender_instance = self._evaluate_on_validation(
  File "/home/fra/Documents/university/recsys-challenge-2022/src/HyperparameterTuning/SearchAbstractClass.py", line 321, in _evaluate_on_validation
    recommender_instance, train_time = self._fit_model(
  File "/home/fra/Documents/university/recsys-challenge-2022/src/HyperparameterTuning/SearchAbstractClass.py", line 293, in _fit_model
    recommender_instance.fit(*self.recommender_input_args.FIT_POSITIONAL_ARGS,
TypeError: CustomHybridRecommender.fit() got an unexpected keyword argument 'alpha1'

SearchBayesianSkopt: Config 13 Exception. Config: {'alpha1': 0.10116362860433561, 'alpha2': 0.9228350991312994} - Exception: Traceback (most recent call last):
  File "/home/fra/Documents/university/recsys-challenge-2022/src/HyperparameterTuning/SearchAbstractClass.py", line 484, in _objective_function
    result_df, recommender_instance = self._evaluate_on_validation(
  File "/home/fra/Documents/university/recsys-challenge-2022/src/HyperparameterTuning/SearchAbstractClass.py", line 321, in _evaluate_on_validation
    recommender_instance, train_time = self._fit_model(
  File "/home/fra/Documents/university/recsys-challenge-2022/src/HyperparameterTuning/SearchAbstractClass.py", line 293, in _fit_model
    recommender_instance.fit(*self.recommender_input_args.FIT_POSITIONAL_ARGS,
TypeError: CustomHybridRecommender.fit() got an unexpected keyword argument 'alpha1'

SearchBayesianSkopt: Config 14 Exception. Config: {'alpha1': 0.9160713722755475, 'alpha2': 0.2096355638340111} - Exception: Traceback (most recent call last):
  File "/home/fra/Documents/university/recsys-challenge-2022/src/HyperparameterTuning/SearchAbstractClass.py", line 484, in _objective_function
    result_df, recommender_instance = self._evaluate_on_validation(
  File "/home/fra/Documents/university/recsys-challenge-2022/src/HyperparameterTuning/SearchAbstractClass.py", line 321, in _evaluate_on_validation
    recommender_instance, train_time = self._fit_model(
  File "/home/fra/Documents/university/recsys-challenge-2022/src/HyperparameterTuning/SearchAbstractClass.py", line 293, in _fit_model
    recommender_instance.fit(*self.recommender_input_args.FIT_POSITIONAL_ARGS,
TypeError: CustomHybridRecommender.fit() got an unexpected keyword argument 'alpha1'

SearchBayesianSkopt: Config 15 Exception. Config: {'alpha1': 0.9507518327775791, 'alpha2': 0.7005275260681992} - Exception: Traceback (most recent call last):
  File "/home/fra/Documents/university/recsys-challenge-2022/src/HyperparameterTuning/SearchAbstractClass.py", line 484, in _objective_function
    result_df, recommender_instance = self._evaluate_on_validation(
  File "/home/fra/Documents/university/recsys-challenge-2022/src/HyperparameterTuning/SearchAbstractClass.py", line 321, in _evaluate_on_validation
    recommender_instance, train_time = self._fit_model(
  File "/home/fra/Documents/university/recsys-challenge-2022/src/HyperparameterTuning/SearchAbstractClass.py", line 293, in _fit_model
    recommender_instance.fit(*self.recommender_input_args.FIT_POSITIONAL_ARGS,
TypeError: CustomHybridRecommender.fit() got an unexpected keyword argument 'alpha1'

SearchBayesianSkopt: Config 16 Exception. Config: {'alpha1': 0.9550092972520979, 'alpha2': 0.8444631610725012} - Exception: Traceback (most recent call last):
  File "/home/fra/Documents/university/recsys-challenge-2022/src/HyperparameterTuning/SearchAbstractClass.py", line 484, in _objective_function
    result_df, recommender_instance = self._evaluate_on_validation(
  File "/home/fra/Documents/university/recsys-challenge-2022/src/HyperparameterTuning/SearchAbstractClass.py", line 321, in _evaluate_on_validation
    recommender_instance, train_time = self._fit_model(
  File "/home/fra/Documents/university/recsys-challenge-2022/src/HyperparameterTuning/SearchAbstractClass.py", line 293, in _fit_model
    recommender_instance.fit(*self.recommender_input_args.FIT_POSITIONAL_ARGS,
TypeError: CustomHybridRecommender.fit() got an unexpected keyword argument 'alpha1'

SearchBayesianSkopt: Config 17 Exception. Config: {'alpha1': 0.6628553009565266, 'alpha2': 0.6997459481486908} - Exception: Traceback (most recent call last):
  File "/home/fra/Documents/university/recsys-challenge-2022/src/HyperparameterTuning/SearchAbstractClass.py", line 484, in _objective_function
    result_df, recommender_instance = self._evaluate_on_validation(
  File "/home/fra/Documents/university/recsys-challenge-2022/src/HyperparameterTuning/SearchAbstractClass.py", line 321, in _evaluate_on_validation
    recommender_instance, train_time = self._fit_model(
  File "/home/fra/Documents/university/recsys-challenge-2022/src/HyperparameterTuning/SearchAbstractClass.py", line 293, in _fit_model
    recommender_instance.fit(*self.recommender_input_args.FIT_POSITIONAL_ARGS,
TypeError: CustomHybridRecommender.fit() got an unexpected keyword argument 'alpha1'

SearchBayesianSkopt: Config 18 Exception. Config: {'alpha1': 0.20958070988851846, 'alpha2': 0.09441327801625879} - Exception: Traceback (most recent call last):
  File "/home/fra/Documents/university/recsys-challenge-2022/src/HyperparameterTuning/SearchAbstractClass.py", line 484, in _objective_function
    result_df, recommender_instance = self._evaluate_on_validation(
  File "/home/fra/Documents/university/recsys-challenge-2022/src/HyperparameterTuning/SearchAbstractClass.py", line 321, in _evaluate_on_validation
    recommender_instance, train_time = self._fit_model(
  File "/home/fra/Documents/university/recsys-challenge-2022/src/HyperparameterTuning/SearchAbstractClass.py", line 293, in _fit_model
    recommender_instance.fit(*self.recommender_input_args.FIT_POSITIONAL_ARGS,
TypeError: CustomHybridRecommender.fit() got an unexpected keyword argument 'alpha1'

SearchBayesianSkopt: Config 19 Exception. Config: {'alpha1': 0.05891281393985916, 'alpha2': 0.23398032719992828} - Exception: Traceback (most recent call last):
  File "/home/fra/Documents/university/recsys-challenge-2022/src/HyperparameterTuning/SearchAbstractClass.py", line 484, in _objective_function
    result_df, recommender_instance = self._evaluate_on_validation(
  File "/home/fra/Documents/university/recsys-challenge-2022/src/HyperparameterTuning/SearchAbstractClass.py", line 321, in _evaluate_on_validation
    recommender_instance, train_time = self._fit_model(
  File "/home/fra/Documents/university/recsys-challenge-2022/src/HyperparameterTuning/SearchAbstractClass.py", line 293, in _fit_model
    recommender_instance.fit(*self.recommender_input_args.FIT_POSITIONAL_ARGS,
TypeError: CustomHybridRecommender.fit() got an unexpected keyword argument 'alpha1'

SearchBayesianSkopt: Config 20 Exception. Config: {'alpha1': 0.634746370228082, 'alpha2': 0.22688770721369406} - Exception: Traceback (most recent call last):
  File "/home/fra/Documents/university/recsys-challenge-2022/src/HyperparameterTuning/SearchAbstractClass.py", line 484, in _objective_function
    result_df, recommender_instance = self._evaluate_on_validation(
  File "/home/fra/Documents/university/recsys-challenge-2022/src/HyperparameterTuning/SearchAbstractClass.py", line 321, in _evaluate_on_validation
    recommender_instance, train_time = self._fit_model(
  File "/home/fra/Documents/university/recsys-challenge-2022/src/HyperparameterTuning/SearchAbstractClass.py", line 293, in _fit_model
    recommender_instance.fit(*self.recommender_input_args.FIT_POSITIONAL_ARGS,
TypeError: CustomHybridRecommender.fit() got an unexpected keyword argument 'alpha1'

SearchBayesianSkopt: Config 21 Exception. Config: {'alpha1': 0.007278201531247587, 'alpha2': 0.8407459799408765} - Exception: Traceback (most recent call last):
  File "/home/fra/Documents/university/recsys-challenge-2022/src/HyperparameterTuning/SearchAbstractClass.py", line 484, in _objective_function
    result_df, recommender_instance = self._evaluate_on_validation(
  File "/home/fra/Documents/university/recsys-challenge-2022/src/HyperparameterTuning/SearchAbstractClass.py", line 321, in _evaluate_on_validation
    recommender_instance, train_time = self._fit_model(
  File "/home/fra/Documents/university/recsys-challenge-2022/src/HyperparameterTuning/SearchAbstractClass.py", line 293, in _fit_model
    recommender_instance.fit(*self.recommender_input_args.FIT_POSITIONAL_ARGS,
TypeError: CustomHybridRecommender.fit() got an unexpected keyword argument 'alpha1'

SearchBayesianSkopt: Config 22 Exception. Config: {'alpha1': 0.16518780921965928, 'alpha2': 0.5264941751506752} - Exception: Traceback (most recent call last):
  File "/home/fra/Documents/university/recsys-challenge-2022/src/HyperparameterTuning/SearchAbstractClass.py", line 484, in _objective_function
    result_df, recommender_instance = self._evaluate_on_validation(
  File "/home/fra/Documents/university/recsys-challenge-2022/src/HyperparameterTuning/SearchAbstractClass.py", line 321, in _evaluate_on_validation
    recommender_instance, train_time = self._fit_model(
  File "/home/fra/Documents/university/recsys-challenge-2022/src/HyperparameterTuning/SearchAbstractClass.py", line 293, in _fit_model
    recommender_instance.fit(*self.recommender_input_args.FIT_POSITIONAL_ARGS,
TypeError: CustomHybridRecommender.fit() got an unexpected keyword argument 'alpha1'

SearchBayesianSkopt: Config 23 Exception. Config: {'alpha1': 0.2822401668583468, 'alpha2': 0.6585300697203955} - Exception: Traceback (most recent call last):
  File "/home/fra/Documents/university/recsys-challenge-2022/src/HyperparameterTuning/SearchAbstractClass.py", line 484, in _objective_function
    result_df, recommender_instance = self._evaluate_on_validation(
  File "/home/fra/Documents/university/recsys-challenge-2022/src/HyperparameterTuning/SearchAbstractClass.py", line 321, in _evaluate_on_validation
    recommender_instance, train_time = self._fit_model(
  File "/home/fra/Documents/university/recsys-challenge-2022/src/HyperparameterTuning/SearchAbstractClass.py", line 293, in _fit_model
    recommender_instance.fit(*self.recommender_input_args.FIT_POSITIONAL_ARGS,
TypeError: CustomHybridRecommender.fit() got an unexpected keyword argument 'alpha1'

SearchBayesianSkopt: Config 24 Exception. Config: {'alpha1': 0.24810264341516025, 'alpha2': 0.13582022893647086} - Exception: Traceback (most recent call last):
  File "/home/fra/Documents/university/recsys-challenge-2022/src/HyperparameterTuning/SearchAbstractClass.py", line 484, in _objective_function
    result_df, recommender_instance = self._evaluate_on_validation(
  File "/home/fra/Documents/university/recsys-challenge-2022/src/HyperparameterTuning/SearchAbstractClass.py", line 321, in _evaluate_on_validation
    recommender_instance, train_time = self._fit_model(
  File "/home/fra/Documents/university/recsys-challenge-2022/src/HyperparameterTuning/SearchAbstractClass.py", line 293, in _fit_model
    recommender_instance.fit(*self.recommender_input_args.FIT_POSITIONAL_ARGS,
TypeError: CustomHybridRecommender.fit() got an unexpected keyword argument 'alpha1'

SearchBayesianSkopt: Config 25 Exception. Config: {'alpha1': 0.7588857108508901, 'alpha2': 0.954801092328353} - Exception: Traceback (most recent call last):
  File "/home/fra/Documents/university/recsys-challenge-2022/src/HyperparameterTuning/SearchAbstractClass.py", line 484, in _objective_function
    result_df, recommender_instance = self._evaluate_on_validation(
  File "/home/fra/Documents/university/recsys-challenge-2022/src/HyperparameterTuning/SearchAbstractClass.py", line 321, in _evaluate_on_validation
    recommender_instance, train_time = self._fit_model(
  File "/home/fra/Documents/university/recsys-challenge-2022/src/HyperparameterTuning/SearchAbstractClass.py", line 293, in _fit_model
    recommender_instance.fit(*self.recommender_input_args.FIT_POSITIONAL_ARGS,
TypeError: CustomHybridRecommender.fit() got an unexpected keyword argument 'alpha1'

SearchBayesianSkopt: Config 26 Exception. Config: {'alpha1': 0.9950833276781536, 'alpha2': 0.26545873670661074} - Exception: Traceback (most recent call last):
  File "/home/fra/Documents/university/recsys-challenge-2022/src/HyperparameterTuning/SearchAbstractClass.py", line 484, in _objective_function
    result_df, recommender_instance = self._evaluate_on_validation(
  File "/home/fra/Documents/university/recsys-challenge-2022/src/HyperparameterTuning/SearchAbstractClass.py", line 321, in _evaluate_on_validation
    recommender_instance, train_time = self._fit_model(
  File "/home/fra/Documents/university/recsys-challenge-2022/src/HyperparameterTuning/SearchAbstractClass.py", line 293, in _fit_model
    recommender_instance.fit(*self.recommender_input_args.FIT_POSITIONAL_ARGS,
TypeError: CustomHybridRecommender.fit() got an unexpected keyword argument 'alpha1'

SearchBayesianSkopt: Config 27 Exception. Config: {'alpha1': 0.7578719455118187, 'alpha2': 0.2530757312911322} - Exception: Traceback (most recent call last):
  File "/home/fra/Documents/university/recsys-challenge-2022/src/HyperparameterTuning/SearchAbstractClass.py", line 484, in _objective_function
    result_df, recommender_instance = self._evaluate_on_validation(
  File "/home/fra/Documents/university/recsys-challenge-2022/src/HyperparameterTuning/SearchAbstractClass.py", line 321, in _evaluate_on_validation
    recommender_instance, train_time = self._fit_model(
  File "/home/fra/Documents/university/recsys-challenge-2022/src/HyperparameterTuning/SearchAbstractClass.py", line 293, in _fit_model
    recommender_instance.fit(*self.recommender_input_args.FIT_POSITIONAL_ARGS,
TypeError: CustomHybridRecommender.fit() got an unexpected keyword argument 'alpha1'

SearchBayesianSkopt: Config 28 Exception. Config: {'alpha1': 0.5318878180911154, 'alpha2': 0.5696980385295534} - Exception: Traceback (most recent call last):
  File "/home/fra/Documents/university/recsys-challenge-2022/src/HyperparameterTuning/SearchAbstractClass.py", line 484, in _objective_function
    result_df, recommender_instance = self._evaluate_on_validation(
  File "/home/fra/Documents/university/recsys-challenge-2022/src/HyperparameterTuning/SearchAbstractClass.py", line 321, in _evaluate_on_validation
    recommender_instance, train_time = self._fit_model(
  File "/home/fra/Documents/university/recsys-challenge-2022/src/HyperparameterTuning/SearchAbstractClass.py", line 293, in _fit_model
    recommender_instance.fit(*self.recommender_input_args.FIT_POSITIONAL_ARGS,
TypeError: CustomHybridRecommender.fit() got an unexpected keyword argument 'alpha1'

SearchBayesianSkopt: Config 29 Exception. Config: {'alpha1': 0.824048020867636, 'alpha2': 0.7020190730695363} - Exception: Traceback (most recent call last):
  File "/home/fra/Documents/university/recsys-challenge-2022/src/HyperparameterTuning/SearchAbstractClass.py", line 484, in _objective_function
    result_df, recommender_instance = self._evaluate_on_validation(
  File "/home/fra/Documents/university/recsys-challenge-2022/src/HyperparameterTuning/SearchAbstractClass.py", line 321, in _evaluate_on_validation
    recommender_instance, train_time = self._fit_model(
  File "/home/fra/Documents/university/recsys-challenge-2022/src/HyperparameterTuning/SearchAbstractClass.py", line 293, in _fit_model
    recommender_instance.fit(*self.recommender_input_args.FIT_POSITIONAL_ARGS,
TypeError: CustomHybridRecommender.fit() got an unexpected keyword argument 'alpha1'

SearchBayesianSkopt: Search interrupted. No valid config was found during the initial random initialization
SearchBayesianSkopt: Config 0 Exception. Config: {'alpha1': 0.6732559502925654, 'alpha2': 0.03481977459837394} - Exception: Traceback (most recent call last):
  File "/home/fra/Documents/university/recsys-challenge-2022/src/HyperparameterTuning/SearchAbstractClass.py", line 484, in _objective_function
    result_df, recommender_instance = self._evaluate_on_validation(
  File "/home/fra/Documents/university/recsys-challenge-2022/src/HyperparameterTuning/SearchAbstractClass.py", line 321, in _evaluate_on_validation
    recommender_instance, train_time = self._fit_model(
  File "/home/fra/Documents/university/recsys-challenge-2022/src/HyperparameterTuning/SearchAbstractClass.py", line 293, in _fit_model
    recommender_instance.fit(*self.recommender_input_args.FIT_POSITIONAL_ARGS,
  File "/tmp/ipykernel_18500/3604799846.py", line 26, in fit
    for i in range(len(self.alphas)):
AttributeError: 'CustomHybridRecommender' object has no attribute 'alphas'

SearchBayesianSkopt: Config 1 Exception. Config: {'alpha1': 0.3059115421157888, 'alpha2': 0.703353019393425} - Exception: Traceback (most recent call last):
  File "/home/fra/Documents/university/recsys-challenge-2022/src/HyperparameterTuning/SearchAbstractClass.py", line 484, in _objective_function
    result_df, recommender_instance = self._evaluate_on_validation(
  File "/home/fra/Documents/university/recsys-challenge-2022/src/HyperparameterTuning/SearchAbstractClass.py", line 321, in _evaluate_on_validation
    recommender_instance, train_time = self._fit_model(
  File "/home/fra/Documents/university/recsys-challenge-2022/src/HyperparameterTuning/SearchAbstractClass.py", line 293, in _fit_model
    recommender_instance.fit(*self.recommender_input_args.FIT_POSITIONAL_ARGS,
  File "/tmp/ipykernel_18500/3604799846.py", line 26, in fit
    for i in range(len(self.alphas)):
AttributeError: 'CustomHybridRecommender' object has no attribute 'alphas'

SearchBayesianSkopt: Config 2 Exception. Config: {'alpha1': 0.8775066199871334, 'alpha2': 0.17367299715769094} - Exception: Traceback (most recent call last):
  File "/home/fra/Documents/university/recsys-challenge-2022/src/HyperparameterTuning/SearchAbstractClass.py", line 484, in _objective_function
    result_df, recommender_instance = self._evaluate_on_validation(
  File "/home/fra/Documents/university/recsys-challenge-2022/src/HyperparameterTuning/SearchAbstractClass.py", line 321, in _evaluate_on_validation
    recommender_instance, train_time = self._fit_model(
  File "/home/fra/Documents/university/recsys-challenge-2022/src/HyperparameterTuning/SearchAbstractClass.py", line 293, in _fit_model
    recommender_instance.fit(*self.recommender_input_args.FIT_POSITIONAL_ARGS,
  File "/tmp/ipykernel_18500/3604799846.py", line 26, in fit
    for i in range(len(self.alphas)):
AttributeError: 'CustomHybridRecommender' object has no attribute 'alphas'

SearchBayesianSkopt: Config 3 Exception. Config: {'alpha1': 0.17563930295255417, 'alpha2': 0.0032851292387197093} - Exception: Traceback (most recent call last):
  File "/home/fra/Documents/university/recsys-challenge-2022/src/HyperparameterTuning/SearchAbstractClass.py", line 484, in _objective_function
    result_df, recommender_instance = self._evaluate_on_validation(
  File "/home/fra/Documents/university/recsys-challenge-2022/src/HyperparameterTuning/SearchAbstractClass.py", line 321, in _evaluate_on_validation
    recommender_instance, train_time = self._fit_model(
  File "/home/fra/Documents/university/recsys-challenge-2022/src/HyperparameterTuning/SearchAbstractClass.py", line 293, in _fit_model
    recommender_instance.fit(*self.recommender_input_args.FIT_POSITIONAL_ARGS,
  File "/tmp/ipykernel_18500/3604799846.py", line 26, in fit
    for i in range(len(self.alphas)):
AttributeError: 'CustomHybridRecommender' object has no attribute 'alphas'

SearchBayesianSkopt: Config 4 Exception. Config: {'alpha1': 0.4745304996194495, 'alpha2': 0.39505835355563845} - Exception: Traceback (most recent call last):
  File "/home/fra/Documents/university/recsys-challenge-2022/src/HyperparameterTuning/SearchAbstractClass.py", line 484, in _objective_function
    result_df, recommender_instance = self._evaluate_on_validation(
  File "/home/fra/Documents/university/recsys-challenge-2022/src/HyperparameterTuning/SearchAbstractClass.py", line 321, in _evaluate_on_validation
    recommender_instance, train_time = self._fit_model(
  File "/home/fra/Documents/university/recsys-challenge-2022/src/HyperparameterTuning/SearchAbstractClass.py", line 293, in _fit_model
    recommender_instance.fit(*self.recommender_input_args.FIT_POSITIONAL_ARGS,
  File "/tmp/ipykernel_18500/3604799846.py", line 26, in fit
    for i in range(len(self.alphas)):
AttributeError: 'CustomHybridRecommender' object has no attribute 'alphas'

SearchBayesianSkopt: Config 5 Exception. Config: {'alpha1': 0.40404023513413345, 'alpha2': 0.6949266390602115} - Exception: Traceback (most recent call last):
  File "/home/fra/Documents/university/recsys-challenge-2022/src/HyperparameterTuning/SearchAbstractClass.py", line 484, in _objective_function
    result_df, recommender_instance = self._evaluate_on_validation(
  File "/home/fra/Documents/university/recsys-challenge-2022/src/HyperparameterTuning/SearchAbstractClass.py", line 321, in _evaluate_on_validation
    recommender_instance, train_time = self._fit_model(
  File "/home/fra/Documents/university/recsys-challenge-2022/src/HyperparameterTuning/SearchAbstractClass.py", line 293, in _fit_model
    recommender_instance.fit(*self.recommender_input_args.FIT_POSITIONAL_ARGS,
  File "/tmp/ipykernel_18500/3604799846.py", line 26, in fit
    for i in range(len(self.alphas)):
AttributeError: 'CustomHybridRecommender' object has no attribute 'alphas'

SearchBayesianSkopt: Config 6 Exception. Config: {'alpha1': 0.08884939372612767, 'alpha2': 0.10663702599902428} - Exception: Traceback (most recent call last):
  File "/home/fra/Documents/university/recsys-challenge-2022/src/HyperparameterTuning/SearchAbstractClass.py", line 484, in _objective_function
    result_df, recommender_instance = self._evaluate_on_validation(
  File "/home/fra/Documents/university/recsys-challenge-2022/src/HyperparameterTuning/SearchAbstractClass.py", line 321, in _evaluate_on_validation
    recommender_instance, train_time = self._fit_model(
  File "/home/fra/Documents/university/recsys-challenge-2022/src/HyperparameterTuning/SearchAbstractClass.py", line 293, in _fit_model
    recommender_instance.fit(*self.recommender_input_args.FIT_POSITIONAL_ARGS,
  File "/tmp/ipykernel_18500/3604799846.py", line 26, in fit
    for i in range(len(self.alphas)):
AttributeError: 'CustomHybridRecommender' object has no attribute 'alphas'

SearchBayesianSkopt: Config 7 Exception. Config: {'alpha1': 0.16454251159896952, 'alpha2': 0.9159852558080396} - Exception: Traceback (most recent call last):
  File "/home/fra/Documents/university/recsys-challenge-2022/src/HyperparameterTuning/SearchAbstractClass.py", line 484, in _objective_function
    result_df, recommender_instance = self._evaluate_on_validation(
  File "/home/fra/Documents/university/recsys-challenge-2022/src/HyperparameterTuning/SearchAbstractClass.py", line 321, in _evaluate_on_validation
    recommender_instance, train_time = self._fit_model(
  File "/home/fra/Documents/university/recsys-challenge-2022/src/HyperparameterTuning/SearchAbstractClass.py", line 293, in _fit_model
    recommender_instance.fit(*self.recommender_input_args.FIT_POSITIONAL_ARGS,
  File "/tmp/ipykernel_18500/3604799846.py", line 26, in fit
    for i in range(len(self.alphas)):
AttributeError: 'CustomHybridRecommender' object has no attribute 'alphas'

SearchBayesianSkopt: Config 8 Exception. Config: {'alpha1': 0.43726301365781717, 'alpha2': 0.8234668560210469} - Exception: Traceback (most recent call last):
  File "/home/fra/Documents/university/recsys-challenge-2022/src/HyperparameterTuning/SearchAbstractClass.py", line 484, in _objective_function
    result_df, recommender_instance = self._evaluate_on_validation(
  File "/home/fra/Documents/university/recsys-challenge-2022/src/HyperparameterTuning/SearchAbstractClass.py", line 321, in _evaluate_on_validation
    recommender_instance, train_time = self._fit_model(
  File "/home/fra/Documents/university/recsys-challenge-2022/src/HyperparameterTuning/SearchAbstractClass.py", line 293, in _fit_model
    recommender_instance.fit(*self.recommender_input_args.FIT_POSITIONAL_ARGS,
  File "/tmp/ipykernel_18500/3604799846.py", line 26, in fit
    for i in range(len(self.alphas)):
AttributeError: 'CustomHybridRecommender' object has no attribute 'alphas'

SearchBayesianSkopt: Config 9 Exception. Config: {'alpha1': 0.15040698910631448, 'alpha2': 0.6921491621614815} - Exception: Traceback (most recent call last):
  File "/home/fra/Documents/university/recsys-challenge-2022/src/HyperparameterTuning/SearchAbstractClass.py", line 484, in _objective_function
    result_df, recommender_instance = self._evaluate_on_validation(
  File "/home/fra/Documents/university/recsys-challenge-2022/src/HyperparameterTuning/SearchAbstractClass.py", line 321, in _evaluate_on_validation
    recommender_instance, train_time = self._fit_model(
  File "/home/fra/Documents/university/recsys-challenge-2022/src/HyperparameterTuning/SearchAbstractClass.py", line 293, in _fit_model
    recommender_instance.fit(*self.recommender_input_args.FIT_POSITIONAL_ARGS,
  File "/tmp/ipykernel_18500/3604799846.py", line 26, in fit
    for i in range(len(self.alphas)):
AttributeError: 'CustomHybridRecommender' object has no attribute 'alphas'

SearchBayesianSkopt: Config 10 Exception. Config: {'alpha1': 0.7099874822373865, 'alpha2': 0.6598486776287543} - Exception: Traceback (most recent call last):
  File "/home/fra/Documents/university/recsys-challenge-2022/src/HyperparameterTuning/SearchAbstractClass.py", line 484, in _objective_function
    result_df, recommender_instance = self._evaluate_on_validation(
  File "/home/fra/Documents/university/recsys-challenge-2022/src/HyperparameterTuning/SearchAbstractClass.py", line 321, in _evaluate_on_validation
    recommender_instance, train_time = self._fit_model(
  File "/home/fra/Documents/university/recsys-challenge-2022/src/HyperparameterTuning/SearchAbstractClass.py", line 293, in _fit_model
    recommender_instance.fit(*self.recommender_input_args.FIT_POSITIONAL_ARGS,
  File "/tmp/ipykernel_18500/3604799846.py", line 26, in fit
    for i in range(len(self.alphas)):
AttributeError: 'CustomHybridRecommender' object has no attribute 'alphas'

SearchBayesianSkopt: Config 11 Exception. Config: {'alpha1': 0.15326564866619655, 'alpha2': 0.6327978022793603} - Exception: Traceback (most recent call last):
  File "/home/fra/Documents/university/recsys-challenge-2022/src/HyperparameterTuning/SearchAbstractClass.py", line 484, in _objective_function
    result_df, recommender_instance = self._evaluate_on_validation(
  File "/home/fra/Documents/university/recsys-challenge-2022/src/HyperparameterTuning/SearchAbstractClass.py", line 321, in _evaluate_on_validation
    recommender_instance, train_time = self._fit_model(
  File "/home/fra/Documents/university/recsys-challenge-2022/src/HyperparameterTuning/SearchAbstractClass.py", line 293, in _fit_model
    recommender_instance.fit(*self.recommender_input_args.FIT_POSITIONAL_ARGS,
  File "/tmp/ipykernel_18500/3604799846.py", line 26, in fit
    for i in range(len(self.alphas)):
AttributeError: 'CustomHybridRecommender' object has no attribute 'alphas'

SearchBayesianSkopt: Config 12 Exception. Config: {'alpha1': 0.3209891218449766, 'alpha2': 0.25967738387874345} - Exception: Traceback (most recent call last):
  File "/home/fra/Documents/university/recsys-challenge-2022/src/HyperparameterTuning/SearchAbstractClass.py", line 484, in _objective_function
    result_df, recommender_instance = self._evaluate_on_validation(
  File "/home/fra/Documents/university/recsys-challenge-2022/src/HyperparameterTuning/SearchAbstractClass.py", line 321, in _evaluate_on_validation
    recommender_instance, train_time = self._fit_model(
  File "/home/fra/Documents/university/recsys-challenge-2022/src/HyperparameterTuning/SearchAbstractClass.py", line 293, in _fit_model
    recommender_instance.fit(*self.recommender_input_args.FIT_POSITIONAL_ARGS,
  File "/tmp/ipykernel_18500/3604799846.py", line 26, in fit
    for i in range(len(self.alphas)):
AttributeError: 'CustomHybridRecommender' object has no attribute 'alphas'

SearchBayesianSkopt: Config 13 Exception. Config: {'alpha1': 0.11375597150448805, 'alpha2': 0.660751491108032} - Exception: Traceback (most recent call last):
  File "/home/fra/Documents/university/recsys-challenge-2022/src/HyperparameterTuning/SearchAbstractClass.py", line 484, in _objective_function
    result_df, recommender_instance = self._evaluate_on_validation(
  File "/home/fra/Documents/university/recsys-challenge-2022/src/HyperparameterTuning/SearchAbstractClass.py", line 321, in _evaluate_on_validation
    recommender_instance, train_time = self._fit_model(
  File "/home/fra/Documents/university/recsys-challenge-2022/src/HyperparameterTuning/SearchAbstractClass.py", line 293, in _fit_model
    recommender_instance.fit(*self.recommender_input_args.FIT_POSITIONAL_ARGS,
  File "/tmp/ipykernel_18500/3604799846.py", line 26, in fit
    for i in range(len(self.alphas)):
AttributeError: 'CustomHybridRecommender' object has no attribute 'alphas'

SearchBayesianSkopt: Config 14 Exception. Config: {'alpha1': 0.6293985588759466, 'alpha2': 0.7228532182155463} - Exception: Traceback (most recent call last):
  File "/home/fra/Documents/university/recsys-challenge-2022/src/HyperparameterTuning/SearchAbstractClass.py", line 484, in _objective_function
    result_df, recommender_instance = self._evaluate_on_validation(
  File "/home/fra/Documents/university/recsys-challenge-2022/src/HyperparameterTuning/SearchAbstractClass.py", line 321, in _evaluate_on_validation
    recommender_instance, train_time = self._fit_model(
  File "/home/fra/Documents/university/recsys-challenge-2022/src/HyperparameterTuning/SearchAbstractClass.py", line 293, in _fit_model
    recommender_instance.fit(*self.recommender_input_args.FIT_POSITIONAL_ARGS,
  File "/tmp/ipykernel_18500/3604799846.py", line 26, in fit
    for i in range(len(self.alphas)):
AttributeError: 'CustomHybridRecommender' object has no attribute 'alphas'

SearchBayesianSkopt: Config 15 Exception. Config: {'alpha1': 0.6252095147611723, 'alpha2': 0.9304638846860356} - Exception: Traceback (most recent call last):
  File "/home/fra/Documents/university/recsys-challenge-2022/src/HyperparameterTuning/SearchAbstractClass.py", line 484, in _objective_function
    result_df, recommender_instance = self._evaluate_on_validation(
  File "/home/fra/Documents/university/recsys-challenge-2022/src/HyperparameterTuning/SearchAbstractClass.py", line 321, in _evaluate_on_validation
    recommender_instance, train_time = self._fit_model(
  File "/home/fra/Documents/university/recsys-challenge-2022/src/HyperparameterTuning/SearchAbstractClass.py", line 293, in _fit_model
    recommender_instance.fit(*self.recommender_input_args.FIT_POSITIONAL_ARGS,
  File "/tmp/ipykernel_18500/3604799846.py", line 26, in fit
    for i in range(len(self.alphas)):
AttributeError: 'CustomHybridRecommender' object has no attribute 'alphas'

SearchBayesianSkopt: Config 16 Exception. Config: {'alpha1': 0.1489660104484988, 'alpha2': 0.7348694751175451} - Exception: Traceback (most recent call last):
  File "/home/fra/Documents/university/recsys-challenge-2022/src/HyperparameterTuning/SearchAbstractClass.py", line 484, in _objective_function
    result_df, recommender_instance = self._evaluate_on_validation(
  File "/home/fra/Documents/university/recsys-challenge-2022/src/HyperparameterTuning/SearchAbstractClass.py", line 321, in _evaluate_on_validation
    recommender_instance, train_time = self._fit_model(
  File "/home/fra/Documents/university/recsys-challenge-2022/src/HyperparameterTuning/SearchAbstractClass.py", line 293, in _fit_model
    recommender_instance.fit(*self.recommender_input_args.FIT_POSITIONAL_ARGS,
  File "/tmp/ipykernel_18500/3604799846.py", line 26, in fit
    for i in range(len(self.alphas)):
AttributeError: 'CustomHybridRecommender' object has no attribute 'alphas'

SearchBayesianSkopt: Config 17 Exception. Config: {'alpha1': 0.8181828052720325, 'alpha2': 0.7807780089322145} - Exception: Traceback (most recent call last):
  File "/home/fra/Documents/university/recsys-challenge-2022/src/HyperparameterTuning/SearchAbstractClass.py", line 484, in _objective_function
    result_df, recommender_instance = self._evaluate_on_validation(
  File "/home/fra/Documents/university/recsys-challenge-2022/src/HyperparameterTuning/SearchAbstractClass.py", line 321, in _evaluate_on_validation
    recommender_instance, train_time = self._fit_model(
  File "/home/fra/Documents/university/recsys-challenge-2022/src/HyperparameterTuning/SearchAbstractClass.py", line 293, in _fit_model
    recommender_instance.fit(*self.recommender_input_args.FIT_POSITIONAL_ARGS,
  File "/tmp/ipykernel_18500/3604799846.py", line 26, in fit
    for i in range(len(self.alphas)):
AttributeError: 'CustomHybridRecommender' object has no attribute 'alphas'

SearchBayesianSkopt: Config 18 Exception. Config: {'alpha1': 0.599499959418873, 'alpha2': 0.9476814280499116} - Exception: Traceback (most recent call last):
  File "/home/fra/Documents/university/recsys-challenge-2022/src/HyperparameterTuning/SearchAbstractClass.py", line 484, in _objective_function
    result_df, recommender_instance = self._evaluate_on_validation(
  File "/home/fra/Documents/university/recsys-challenge-2022/src/HyperparameterTuning/SearchAbstractClass.py", line 321, in _evaluate_on_validation
    recommender_instance, train_time = self._fit_model(
  File "/home/fra/Documents/university/recsys-challenge-2022/src/HyperparameterTuning/SearchAbstractClass.py", line 293, in _fit_model
    recommender_instance.fit(*self.recommender_input_args.FIT_POSITIONAL_ARGS,
  File "/tmp/ipykernel_18500/3604799846.py", line 26, in fit
    for i in range(len(self.alphas)):
AttributeError: 'CustomHybridRecommender' object has no attribute 'alphas'

SearchBayesianSkopt: Config 19 Exception. Config: {'alpha1': 0.11244625451181126, 'alpha2': 0.27837198287964854} - Exception: Traceback (most recent call last):
  File "/home/fra/Documents/university/recsys-challenge-2022/src/HyperparameterTuning/SearchAbstractClass.py", line 484, in _objective_function
    result_df, recommender_instance = self._evaluate_on_validation(
  File "/home/fra/Documents/university/recsys-challenge-2022/src/HyperparameterTuning/SearchAbstractClass.py", line 321, in _evaluate_on_validation
    recommender_instance, train_time = self._fit_model(
  File "/home/fra/Documents/university/recsys-challenge-2022/src/HyperparameterTuning/SearchAbstractClass.py", line 293, in _fit_model
    recommender_instance.fit(*self.recommender_input_args.FIT_POSITIONAL_ARGS,
  File "/tmp/ipykernel_18500/3604799846.py", line 26, in fit
    for i in range(len(self.alphas)):
AttributeError: 'CustomHybridRecommender' object has no attribute 'alphas'

SearchBayesianSkopt: Config 20 Exception. Config: {'alpha1': 0.8537191169871668, 'alpha2': 0.6447169496449879} - Exception: Traceback (most recent call last):
  File "/home/fra/Documents/university/recsys-challenge-2022/src/HyperparameterTuning/SearchAbstractClass.py", line 484, in _objective_function
    result_df, recommender_instance = self._evaluate_on_validation(
  File "/home/fra/Documents/university/recsys-challenge-2022/src/HyperparameterTuning/SearchAbstractClass.py", line 321, in _evaluate_on_validation
    recommender_instance, train_time = self._fit_model(
  File "/home/fra/Documents/university/recsys-challenge-2022/src/HyperparameterTuning/SearchAbstractClass.py", line 293, in _fit_model
    recommender_instance.fit(*self.recommender_input_args.FIT_POSITIONAL_ARGS,
  File "/tmp/ipykernel_18500/3604799846.py", line 26, in fit
    for i in range(len(self.alphas)):
AttributeError: 'CustomHybridRecommender' object has no attribute 'alphas'

SearchBayesianSkopt: Config 21 Exception. Config: {'alpha1': 0.13474086538985977, 'alpha2': 0.8086284868516115} - Exception: Traceback (most recent call last):
  File "/home/fra/Documents/university/recsys-challenge-2022/src/HyperparameterTuning/SearchAbstractClass.py", line 484, in _objective_function
    result_df, recommender_instance = self._evaluate_on_validation(
  File "/home/fra/Documents/university/recsys-challenge-2022/src/HyperparameterTuning/SearchAbstractClass.py", line 321, in _evaluate_on_validation
    recommender_instance, train_time = self._fit_model(
  File "/home/fra/Documents/university/recsys-challenge-2022/src/HyperparameterTuning/SearchAbstractClass.py", line 293, in _fit_model
    recommender_instance.fit(*self.recommender_input_args.FIT_POSITIONAL_ARGS,
  File "/tmp/ipykernel_18500/3604799846.py", line 26, in fit
    for i in range(len(self.alphas)):
AttributeError: 'CustomHybridRecommender' object has no attribute 'alphas'

SearchBayesianSkopt: Config 22 Exception. Config: {'alpha1': 0.22653816199853266, 'alpha2': 0.4455704181683463} - Exception: Traceback (most recent call last):
  File "/home/fra/Documents/university/recsys-challenge-2022/src/HyperparameterTuning/SearchAbstractClass.py", line 484, in _objective_function
    result_df, recommender_instance = self._evaluate_on_validation(
  File "/home/fra/Documents/university/recsys-challenge-2022/src/HyperparameterTuning/SearchAbstractClass.py", line 321, in _evaluate_on_validation
    recommender_instance, train_time = self._fit_model(
  File "/home/fra/Documents/university/recsys-challenge-2022/src/HyperparameterTuning/SearchAbstractClass.py", line 293, in _fit_model
    recommender_instance.fit(*self.recommender_input_args.FIT_POSITIONAL_ARGS,
  File "/tmp/ipykernel_18500/3604799846.py", line 26, in fit
    for i in range(len(self.alphas)):
AttributeError: 'CustomHybridRecommender' object has no attribute 'alphas'

SearchBayesianSkopt: Config 23 Exception. Config: {'alpha1': 0.8520371352239368, 'alpha2': 0.31291606428152724} - Exception: Traceback (most recent call last):
  File "/home/fra/Documents/university/recsys-challenge-2022/src/HyperparameterTuning/SearchAbstractClass.py", line 484, in _objective_function
    result_df, recommender_instance = self._evaluate_on_validation(
  File "/home/fra/Documents/university/recsys-challenge-2022/src/HyperparameterTuning/SearchAbstractClass.py", line 321, in _evaluate_on_validation
    recommender_instance, train_time = self._fit_model(
  File "/home/fra/Documents/university/recsys-challenge-2022/src/HyperparameterTuning/SearchAbstractClass.py", line 293, in _fit_model
    recommender_instance.fit(*self.recommender_input_args.FIT_POSITIONAL_ARGS,
  File "/tmp/ipykernel_18500/3604799846.py", line 26, in fit
    for i in range(len(self.alphas)):
AttributeError: 'CustomHybridRecommender' object has no attribute 'alphas'

SearchBayesianSkopt: Config 24 Exception. Config: {'alpha1': 0.6323749674953169, 'alpha2': 0.8592842665046122} - Exception: Traceback (most recent call last):
  File "/home/fra/Documents/university/recsys-challenge-2022/src/HyperparameterTuning/SearchAbstractClass.py", line 484, in _objective_function
    result_df, recommender_instance = self._evaluate_on_validation(
  File "/home/fra/Documents/university/recsys-challenge-2022/src/HyperparameterTuning/SearchAbstractClass.py", line 321, in _evaluate_on_validation
    recommender_instance, train_time = self._fit_model(
  File "/home/fra/Documents/university/recsys-challenge-2022/src/HyperparameterTuning/SearchAbstractClass.py", line 293, in _fit_model
    recommender_instance.fit(*self.recommender_input_args.FIT_POSITIONAL_ARGS,
  File "/tmp/ipykernel_18500/3604799846.py", line 26, in fit
    for i in range(len(self.alphas)):
AttributeError: 'CustomHybridRecommender' object has no attribute 'alphas'

SearchBayesianSkopt: Config 25 Exception. Config: {'alpha1': 0.7531174090500282, 'alpha2': 0.1046599888201081} - Exception: Traceback (most recent call last):
  File "/home/fra/Documents/university/recsys-challenge-2022/src/HyperparameterTuning/SearchAbstractClass.py", line 484, in _objective_function
    result_df, recommender_instance = self._evaluate_on_validation(
  File "/home/fra/Documents/university/recsys-challenge-2022/src/HyperparameterTuning/SearchAbstractClass.py", line 321, in _evaluate_on_validation
    recommender_instance, train_time = self._fit_model(
  File "/home/fra/Documents/university/recsys-challenge-2022/src/HyperparameterTuning/SearchAbstractClass.py", line 293, in _fit_model
    recommender_instance.fit(*self.recommender_input_args.FIT_POSITIONAL_ARGS,
  File "/tmp/ipykernel_18500/3604799846.py", line 26, in fit
    for i in range(len(self.alphas)):
AttributeError: 'CustomHybridRecommender' object has no attribute 'alphas'

SearchBayesianSkopt: Config 26 Exception. Config: {'alpha1': 0.4489387446424443, 'alpha2': 0.9942939989179647} - Exception: Traceback (most recent call last):
  File "/home/fra/Documents/university/recsys-challenge-2022/src/HyperparameterTuning/SearchAbstractClass.py", line 484, in _objective_function
    result_df, recommender_instance = self._evaluate_on_validation(
  File "/home/fra/Documents/university/recsys-challenge-2022/src/HyperparameterTuning/SearchAbstractClass.py", line 321, in _evaluate_on_validation
    recommender_instance, train_time = self._fit_model(
  File "/home/fra/Documents/university/recsys-challenge-2022/src/HyperparameterTuning/SearchAbstractClass.py", line 293, in _fit_model
    recommender_instance.fit(*self.recommender_input_args.FIT_POSITIONAL_ARGS,
  File "/tmp/ipykernel_18500/3604799846.py", line 26, in fit
    for i in range(len(self.alphas)):
AttributeError: 'CustomHybridRecommender' object has no attribute 'alphas'

SearchBayesianSkopt: Config 27 Exception. Config: {'alpha1': 0.28954181612576296, 'alpha2': 0.35737724476621996} - Exception: Traceback (most recent call last):
  File "/home/fra/Documents/university/recsys-challenge-2022/src/HyperparameterTuning/SearchAbstractClass.py", line 484, in _objective_function
    result_df, recommender_instance = self._evaluate_on_validation(
  File "/home/fra/Documents/university/recsys-challenge-2022/src/HyperparameterTuning/SearchAbstractClass.py", line 321, in _evaluate_on_validation
    recommender_instance, train_time = self._fit_model(
  File "/home/fra/Documents/university/recsys-challenge-2022/src/HyperparameterTuning/SearchAbstractClass.py", line 293, in _fit_model
    recommender_instance.fit(*self.recommender_input_args.FIT_POSITIONAL_ARGS,
  File "/tmp/ipykernel_18500/3604799846.py", line 26, in fit
    for i in range(len(self.alphas)):
AttributeError: 'CustomHybridRecommender' object has no attribute 'alphas'

SearchBayesianSkopt: Config 28 Exception. Config: {'alpha1': 0.34525928221426433, 'alpha2': 0.7926992147027391} - Exception: Traceback (most recent call last):
  File "/home/fra/Documents/university/recsys-challenge-2022/src/HyperparameterTuning/SearchAbstractClass.py", line 484, in _objective_function
    result_df, recommender_instance = self._evaluate_on_validation(
  File "/home/fra/Documents/university/recsys-challenge-2022/src/HyperparameterTuning/SearchAbstractClass.py", line 321, in _evaluate_on_validation
    recommender_instance, train_time = self._fit_model(
  File "/home/fra/Documents/university/recsys-challenge-2022/src/HyperparameterTuning/SearchAbstractClass.py", line 293, in _fit_model
    recommender_instance.fit(*self.recommender_input_args.FIT_POSITIONAL_ARGS,
  File "/tmp/ipykernel_18500/3604799846.py", line 26, in fit
    for i in range(len(self.alphas)):
AttributeError: 'CustomHybridRecommender' object has no attribute 'alphas'

SearchBayesianSkopt: Config 29 Exception. Config: {'alpha1': 0.3595855632110084, 'alpha2': 0.45074532146438284} - Exception: Traceback (most recent call last):
  File "/home/fra/Documents/university/recsys-challenge-2022/src/HyperparameterTuning/SearchAbstractClass.py", line 484, in _objective_function
    result_df, recommender_instance = self._evaluate_on_validation(
  File "/home/fra/Documents/university/recsys-challenge-2022/src/HyperparameterTuning/SearchAbstractClass.py", line 321, in _evaluate_on_validation
    recommender_instance, train_time = self._fit_model(
  File "/home/fra/Documents/university/recsys-challenge-2022/src/HyperparameterTuning/SearchAbstractClass.py", line 293, in _fit_model
    recommender_instance.fit(*self.recommender_input_args.FIT_POSITIONAL_ARGS,
  File "/tmp/ipykernel_18500/3604799846.py", line 26, in fit
    for i in range(len(self.alphas)):
AttributeError: 'CustomHybridRecommender' object has no attribute 'alphas'

SearchBayesianSkopt: Search interrupted. No valid config was found during the initial random initialization
SearchBayesianSkopt: Config 0 Exception. Config: {'alpha1': 0.3565268520549412, 'alpha2': 0.23415263197598996} - Exception: Traceback (most recent call last):
  File "/home/fra/Documents/university/recsys-challenge-2022/src/HyperparameterTuning/SearchAbstractClass.py", line 484, in _objective_function
    result_df, recommender_instance = self._evaluate_on_validation(
  File "/home/fra/Documents/university/recsys-challenge-2022/src/HyperparameterTuning/SearchAbstractClass.py", line 321, in _evaluate_on_validation
    recommender_instance, train_time = self._fit_model(
  File "/home/fra/Documents/university/recsys-challenge-2022/src/HyperparameterTuning/SearchAbstractClass.py", line 293, in _fit_model
    recommender_instance.fit(*self.recommender_input_args.FIT_POSITIONAL_ARGS,
  File "/tmp/ipykernel_18500/39214433.py", line 21, in fit
    for k, v in kwargs:
ValueError: too many values to unpack (expected 2)

SearchBayesianSkopt: Config 1 Exception. Config: {'alpha1': 0.19353306194497494, 'alpha2': 0.06094199272316504} - Exception: Traceback (most recent call last):
  File "/home/fra/Documents/university/recsys-challenge-2022/src/HyperparameterTuning/SearchAbstractClass.py", line 484, in _objective_function
    result_df, recommender_instance = self._evaluate_on_validation(
  File "/home/fra/Documents/university/recsys-challenge-2022/src/HyperparameterTuning/SearchAbstractClass.py", line 321, in _evaluate_on_validation
    recommender_instance, train_time = self._fit_model(
  File "/home/fra/Documents/university/recsys-challenge-2022/src/HyperparameterTuning/SearchAbstractClass.py", line 293, in _fit_model
    recommender_instance.fit(*self.recommender_input_args.FIT_POSITIONAL_ARGS,
  File "/tmp/ipykernel_18500/39214433.py", line 21, in fit
    for k, v in kwargs:
ValueError: too many values to unpack (expected 2)

SearchBayesianSkopt: Config 2 Exception. Config: {'alpha1': 0.8673048164321011, 'alpha2': 0.24048513476556993} - Exception: Traceback (most recent call last):
  File "/home/fra/Documents/university/recsys-challenge-2022/src/HyperparameterTuning/SearchAbstractClass.py", line 484, in _objective_function
    result_df, recommender_instance = self._evaluate_on_validation(
  File "/home/fra/Documents/university/recsys-challenge-2022/src/HyperparameterTuning/SearchAbstractClass.py", line 321, in _evaluate_on_validation
    recommender_instance, train_time = self._fit_model(
  File "/home/fra/Documents/university/recsys-challenge-2022/src/HyperparameterTuning/SearchAbstractClass.py", line 293, in _fit_model
    recommender_instance.fit(*self.recommender_input_args.FIT_POSITIONAL_ARGS,
  File "/tmp/ipykernel_18500/39214433.py", line 21, in fit
    for k, v in kwargs:
ValueError: too many values to unpack (expected 2)

SearchBayesianSkopt: Config 3 Exception. Config: {'alpha1': 0.5596199508912233, 'alpha2': 0.5793053000567859} - Exception: Traceback (most recent call last):
  File "/home/fra/Documents/university/recsys-challenge-2022/src/HyperparameterTuning/SearchAbstractClass.py", line 484, in _objective_function
    result_df, recommender_instance = self._evaluate_on_validation(
  File "/home/fra/Documents/university/recsys-challenge-2022/src/HyperparameterTuning/SearchAbstractClass.py", line 321, in _evaluate_on_validation
    recommender_instance, train_time = self._fit_model(
  File "/home/fra/Documents/university/recsys-challenge-2022/src/HyperparameterTuning/SearchAbstractClass.py", line 293, in _fit_model
    recommender_instance.fit(*self.recommender_input_args.FIT_POSITIONAL_ARGS,
  File "/tmp/ipykernel_18500/39214433.py", line 21, in fit
    for k, v in kwargs:
ValueError: too many values to unpack (expected 2)

SearchBayesianSkopt: Config 4 Exception. Config: {'alpha1': 0.7073567340312938, 'alpha2': 0.16101558862185575} - Exception: Traceback (most recent call last):
  File "/home/fra/Documents/university/recsys-challenge-2022/src/HyperparameterTuning/SearchAbstractClass.py", line 484, in _objective_function
    result_df, recommender_instance = self._evaluate_on_validation(
  File "/home/fra/Documents/university/recsys-challenge-2022/src/HyperparameterTuning/SearchAbstractClass.py", line 321, in _evaluate_on_validation
    recommender_instance, train_time = self._fit_model(
  File "/home/fra/Documents/university/recsys-challenge-2022/src/HyperparameterTuning/SearchAbstractClass.py", line 293, in _fit_model
    recommender_instance.fit(*self.recommender_input_args.FIT_POSITIONAL_ARGS,
  File "/tmp/ipykernel_18500/39214433.py", line 21, in fit
    for k, v in kwargs:
ValueError: too many values to unpack (expected 2)

SearchBayesianSkopt: Config 5 Exception. Config: {'alpha1': 0.13806545679570806, 'alpha2': 0.7130772314655653} - Exception: Traceback (most recent call last):
  File "/home/fra/Documents/university/recsys-challenge-2022/src/HyperparameterTuning/SearchAbstractClass.py", line 484, in _objective_function
    result_df, recommender_instance = self._evaluate_on_validation(
  File "/home/fra/Documents/university/recsys-challenge-2022/src/HyperparameterTuning/SearchAbstractClass.py", line 321, in _evaluate_on_validation
    recommender_instance, train_time = self._fit_model(
  File "/home/fra/Documents/university/recsys-challenge-2022/src/HyperparameterTuning/SearchAbstractClass.py", line 293, in _fit_model
    recommender_instance.fit(*self.recommender_input_args.FIT_POSITIONAL_ARGS,
  File "/tmp/ipykernel_18500/39214433.py", line 21, in fit
    for k, v in kwargs:
ValueError: too many values to unpack (expected 2)

SearchBayesianSkopt: Config 6 Exception. Config: {'alpha1': 0.9544319390293382, 'alpha2': 0.8439253000122892} - Exception: Traceback (most recent call last):
  File "/home/fra/Documents/university/recsys-challenge-2022/src/HyperparameterTuning/SearchAbstractClass.py", line 484, in _objective_function
    result_df, recommender_instance = self._evaluate_on_validation(
  File "/home/fra/Documents/university/recsys-challenge-2022/src/HyperparameterTuning/SearchAbstractClass.py", line 321, in _evaluate_on_validation
    recommender_instance, train_time = self._fit_model(
  File "/home/fra/Documents/university/recsys-challenge-2022/src/HyperparameterTuning/SearchAbstractClass.py", line 293, in _fit_model
    recommender_instance.fit(*self.recommender_input_args.FIT_POSITIONAL_ARGS,
  File "/tmp/ipykernel_18500/39214433.py", line 21, in fit
    for k, v in kwargs:
ValueError: too many values to unpack (expected 2)

SearchBayesianSkopt: Config 7 Exception. Config: {'alpha1': 0.19340766105329438, 'alpha2': 0.5853690759566196} - Exception: Traceback (most recent call last):
  File "/home/fra/Documents/university/recsys-challenge-2022/src/HyperparameterTuning/SearchAbstractClass.py", line 484, in _objective_function
    result_df, recommender_instance = self._evaluate_on_validation(
  File "/home/fra/Documents/university/recsys-challenge-2022/src/HyperparameterTuning/SearchAbstractClass.py", line 321, in _evaluate_on_validation
    recommender_instance, train_time = self._fit_model(
  File "/home/fra/Documents/university/recsys-challenge-2022/src/HyperparameterTuning/SearchAbstractClass.py", line 293, in _fit_model
    recommender_instance.fit(*self.recommender_input_args.FIT_POSITIONAL_ARGS,
  File "/tmp/ipykernel_18500/39214433.py", line 21, in fit
    for k, v in kwargs:
ValueError: too many values to unpack (expected 2)

SearchBayesianSkopt: Config 8 Exception. Config: {'alpha1': 0.7632266034672054, 'alpha2': 0.1776434534842876} - Exception: Traceback (most recent call last):
  File "/home/fra/Documents/university/recsys-challenge-2022/src/HyperparameterTuning/SearchAbstractClass.py", line 484, in _objective_function
    result_df, recommender_instance = self._evaluate_on_validation(
  File "/home/fra/Documents/university/recsys-challenge-2022/src/HyperparameterTuning/SearchAbstractClass.py", line 321, in _evaluate_on_validation
    recommender_instance, train_time = self._fit_model(
  File "/home/fra/Documents/university/recsys-challenge-2022/src/HyperparameterTuning/SearchAbstractClass.py", line 293, in _fit_model
    recommender_instance.fit(*self.recommender_input_args.FIT_POSITIONAL_ARGS,
  File "/tmp/ipykernel_18500/39214433.py", line 21, in fit
    for k, v in kwargs:
ValueError: too many values to unpack (expected 2)

SearchBayesianSkopt: Config 9 Exception. Config: {'alpha1': 0.7133975897670717, 'alpha2': 0.9936532324103607} - Exception: Traceback (most recent call last):
  File "/home/fra/Documents/university/recsys-challenge-2022/src/HyperparameterTuning/SearchAbstractClass.py", line 484, in _objective_function
    result_df, recommender_instance = self._evaluate_on_validation(
  File "/home/fra/Documents/university/recsys-challenge-2022/src/HyperparameterTuning/SearchAbstractClass.py", line 321, in _evaluate_on_validation
    recommender_instance, train_time = self._fit_model(
  File "/home/fra/Documents/university/recsys-challenge-2022/src/HyperparameterTuning/SearchAbstractClass.py", line 293, in _fit_model
    recommender_instance.fit(*self.recommender_input_args.FIT_POSITIONAL_ARGS,
  File "/tmp/ipykernel_18500/39214433.py", line 21, in fit
    for k, v in kwargs:
ValueError: too many values to unpack (expected 2)

SearchBayesianSkopt: Config 10 Exception. Config: {'alpha1': 0.6822283797357792, 'alpha2': 0.11317916743520176} - Exception: Traceback (most recent call last):
  File "/home/fra/Documents/university/recsys-challenge-2022/src/HyperparameterTuning/SearchAbstractClass.py", line 484, in _objective_function
    result_df, recommender_instance = self._evaluate_on_validation(
  File "/home/fra/Documents/university/recsys-challenge-2022/src/HyperparameterTuning/SearchAbstractClass.py", line 321, in _evaluate_on_validation
    recommender_instance, train_time = self._fit_model(
  File "/home/fra/Documents/university/recsys-challenge-2022/src/HyperparameterTuning/SearchAbstractClass.py", line 293, in _fit_model
    recommender_instance.fit(*self.recommender_input_args.FIT_POSITIONAL_ARGS,
  File "/tmp/ipykernel_18500/39214433.py", line 21, in fit
    for k, v in kwargs:
ValueError: too many values to unpack (expected 2)

SearchBayesianSkopt: Config 11 Exception. Config: {'alpha1': 0.47426463309521516, 'alpha2': 0.44615438042595146} - Exception: Traceback (most recent call last):
  File "/home/fra/Documents/university/recsys-challenge-2022/src/HyperparameterTuning/SearchAbstractClass.py", line 484, in _objective_function
    result_df, recommender_instance = self._evaluate_on_validation(
  File "/home/fra/Documents/university/recsys-challenge-2022/src/HyperparameterTuning/SearchAbstractClass.py", line 321, in _evaluate_on_validation
    recommender_instance, train_time = self._fit_model(
  File "/home/fra/Documents/university/recsys-challenge-2022/src/HyperparameterTuning/SearchAbstractClass.py", line 293, in _fit_model
    recommender_instance.fit(*self.recommender_input_args.FIT_POSITIONAL_ARGS,
  File "/tmp/ipykernel_18500/39214433.py", line 21, in fit
    for k, v in kwargs:
ValueError: too many values to unpack (expected 2)

SearchBayesianSkopt: Config 12 Exception. Config: {'alpha1': 0.5045413191352721, 'alpha2': 0.25621787211149777} - Exception: Traceback (most recent call last):
  File "/home/fra/Documents/university/recsys-challenge-2022/src/HyperparameterTuning/SearchAbstractClass.py", line 484, in _objective_function
    result_df, recommender_instance = self._evaluate_on_validation(
  File "/home/fra/Documents/university/recsys-challenge-2022/src/HyperparameterTuning/SearchAbstractClass.py", line 321, in _evaluate_on_validation
    recommender_instance, train_time = self._fit_model(
  File "/home/fra/Documents/university/recsys-challenge-2022/src/HyperparameterTuning/SearchAbstractClass.py", line 293, in _fit_model
    recommender_instance.fit(*self.recommender_input_args.FIT_POSITIONAL_ARGS,
  File "/tmp/ipykernel_18500/39214433.py", line 21, in fit
    for k, v in kwargs:
ValueError: too many values to unpack (expected 2)

SearchBayesianSkopt: Config 13 Exception. Config: {'alpha1': 0.12629002632813727, 'alpha2': 0.9738273836794773} - Exception: Traceback (most recent call last):
  File "/home/fra/Documents/university/recsys-challenge-2022/src/HyperparameterTuning/SearchAbstractClass.py", line 484, in _objective_function
    result_df, recommender_instance = self._evaluate_on_validation(
  File "/home/fra/Documents/university/recsys-challenge-2022/src/HyperparameterTuning/SearchAbstractClass.py", line 321, in _evaluate_on_validation
    recommender_instance, train_time = self._fit_model(
  File "/home/fra/Documents/university/recsys-challenge-2022/src/HyperparameterTuning/SearchAbstractClass.py", line 293, in _fit_model
    recommender_instance.fit(*self.recommender_input_args.FIT_POSITIONAL_ARGS,
  File "/tmp/ipykernel_18500/39214433.py", line 21, in fit
    for k, v in kwargs:
ValueError: too many values to unpack (expected 2)

SearchBayesianSkopt: Config 14 Exception. Config: {'alpha1': 0.41725311687890265, 'alpha2': 0.005272378943027679} - Exception: Traceback (most recent call last):
  File "/home/fra/Documents/university/recsys-challenge-2022/src/HyperparameterTuning/SearchAbstractClass.py", line 484, in _objective_function
    result_df, recommender_instance = self._evaluate_on_validation(
  File "/home/fra/Documents/university/recsys-challenge-2022/src/HyperparameterTuning/SearchAbstractClass.py", line 321, in _evaluate_on_validation
    recommender_instance, train_time = self._fit_model(
  File "/home/fra/Documents/university/recsys-challenge-2022/src/HyperparameterTuning/SearchAbstractClass.py", line 293, in _fit_model
    recommender_instance.fit(*self.recommender_input_args.FIT_POSITIONAL_ARGS,
  File "/tmp/ipykernel_18500/39214433.py", line 21, in fit
    for k, v in kwargs:
ValueError: too many values to unpack (expected 2)

SearchBayesianSkopt: Config 15 Exception. Config: {'alpha1': 0.21068742868195528, 'alpha2': 0.26657020218136934} - Exception: Traceback (most recent call last):
  File "/home/fra/Documents/university/recsys-challenge-2022/src/HyperparameterTuning/SearchAbstractClass.py", line 484, in _objective_function
    result_df, recommender_instance = self._evaluate_on_validation(
  File "/home/fra/Documents/university/recsys-challenge-2022/src/HyperparameterTuning/SearchAbstractClass.py", line 321, in _evaluate_on_validation
    recommender_instance, train_time = self._fit_model(
  File "/home/fra/Documents/university/recsys-challenge-2022/src/HyperparameterTuning/SearchAbstractClass.py", line 293, in _fit_model
    recommender_instance.fit(*self.recommender_input_args.FIT_POSITIONAL_ARGS,
  File "/tmp/ipykernel_18500/39214433.py", line 21, in fit
    for k, v in kwargs:
ValueError: too many values to unpack (expected 2)

SearchBayesianSkopt: Config 16 Exception. Config: {'alpha1': 0.02395116147227428, 'alpha2': 0.217544220593122} - Exception: Traceback (most recent call last):
  File "/home/fra/Documents/university/recsys-challenge-2022/src/HyperparameterTuning/SearchAbstractClass.py", line 484, in _objective_function
    result_df, recommender_instance = self._evaluate_on_validation(
  File "/home/fra/Documents/university/recsys-challenge-2022/src/HyperparameterTuning/SearchAbstractClass.py", line 321, in _evaluate_on_validation
    recommender_instance, train_time = self._fit_model(
  File "/home/fra/Documents/university/recsys-challenge-2022/src/HyperparameterTuning/SearchAbstractClass.py", line 293, in _fit_model
    recommender_instance.fit(*self.recommender_input_args.FIT_POSITIONAL_ARGS,
  File "/tmp/ipykernel_18500/39214433.py", line 21, in fit
    for k, v in kwargs:
ValueError: too many values to unpack (expected 2)

SearchBayesianSkopt: Config 17 Exception. Config: {'alpha1': 0.42217710245948437, 'alpha2': 0.524716650244423} - Exception: Traceback (most recent call last):
  File "/home/fra/Documents/university/recsys-challenge-2022/src/HyperparameterTuning/SearchAbstractClass.py", line 484, in _objective_function
    result_df, recommender_instance = self._evaluate_on_validation(
  File "/home/fra/Documents/university/recsys-challenge-2022/src/HyperparameterTuning/SearchAbstractClass.py", line 321, in _evaluate_on_validation
    recommender_instance, train_time = self._fit_model(
  File "/home/fra/Documents/university/recsys-challenge-2022/src/HyperparameterTuning/SearchAbstractClass.py", line 293, in _fit_model
    recommender_instance.fit(*self.recommender_input_args.FIT_POSITIONAL_ARGS,
  File "/tmp/ipykernel_18500/39214433.py", line 21, in fit
    for k, v in kwargs:
ValueError: too many values to unpack (expected 2)

SearchBayesianSkopt: Config 18 Exception. Config: {'alpha1': 0.8094178895466334, 'alpha2': 0.3518505861103675} - Exception: Traceback (most recent call last):
  File "/home/fra/Documents/university/recsys-challenge-2022/src/HyperparameterTuning/SearchAbstractClass.py", line 484, in _objective_function
    result_df, recommender_instance = self._evaluate_on_validation(
  File "/home/fra/Documents/university/recsys-challenge-2022/src/HyperparameterTuning/SearchAbstractClass.py", line 321, in _evaluate_on_validation
    recommender_instance, train_time = self._fit_model(
  File "/home/fra/Documents/university/recsys-challenge-2022/src/HyperparameterTuning/SearchAbstractClass.py", line 293, in _fit_model
    recommender_instance.fit(*self.recommender_input_args.FIT_POSITIONAL_ARGS,
  File "/tmp/ipykernel_18500/39214433.py", line 21, in fit
    for k, v in kwargs:
ValueError: too many values to unpack (expected 2)

SearchBayesianSkopt: Config 19 Exception. Config: {'alpha1': 0.03821731650141203, 'alpha2': 0.8085380075499737} - Exception: Traceback (most recent call last):
  File "/home/fra/Documents/university/recsys-challenge-2022/src/HyperparameterTuning/SearchAbstractClass.py", line 484, in _objective_function
    result_df, recommender_instance = self._evaluate_on_validation(
  File "/home/fra/Documents/university/recsys-challenge-2022/src/HyperparameterTuning/SearchAbstractClass.py", line 321, in _evaluate_on_validation
    recommender_instance, train_time = self._fit_model(
  File "/home/fra/Documents/university/recsys-challenge-2022/src/HyperparameterTuning/SearchAbstractClass.py", line 293, in _fit_model
    recommender_instance.fit(*self.recommender_input_args.FIT_POSITIONAL_ARGS,
  File "/tmp/ipykernel_18500/39214433.py", line 21, in fit
    for k, v in kwargs:
ValueError: too many values to unpack (expected 2)

SearchBayesianSkopt: Config 20 Exception. Config: {'alpha1': 0.2544023888094484, 'alpha2': 0.8778668159888108} - Exception: Traceback (most recent call last):
  File "/home/fra/Documents/university/recsys-challenge-2022/src/HyperparameterTuning/SearchAbstractClass.py", line 484, in _objective_function
    result_df, recommender_instance = self._evaluate_on_validation(
  File "/home/fra/Documents/university/recsys-challenge-2022/src/HyperparameterTuning/SearchAbstractClass.py", line 321, in _evaluate_on_validation
    recommender_instance, train_time = self._fit_model(
  File "/home/fra/Documents/university/recsys-challenge-2022/src/HyperparameterTuning/SearchAbstractClass.py", line 293, in _fit_model
    recommender_instance.fit(*self.recommender_input_args.FIT_POSITIONAL_ARGS,
  File "/tmp/ipykernel_18500/39214433.py", line 21, in fit
    for k, v in kwargs:
ValueError: too many values to unpack (expected 2)

SearchBayesianSkopt: Config 21 Exception. Config: {'alpha1': 0.7546086759177935, 'alpha2': 0.6158987770582586} - Exception: Traceback (most recent call last):
  File "/home/fra/Documents/university/recsys-challenge-2022/src/HyperparameterTuning/SearchAbstractClass.py", line 484, in _objective_function
    result_df, recommender_instance = self._evaluate_on_validation(
  File "/home/fra/Documents/university/recsys-challenge-2022/src/HyperparameterTuning/SearchAbstractClass.py", line 321, in _evaluate_on_validation
    recommender_instance, train_time = self._fit_model(
  File "/home/fra/Documents/university/recsys-challenge-2022/src/HyperparameterTuning/SearchAbstractClass.py", line 293, in _fit_model
    recommender_instance.fit(*self.recommender_input_args.FIT_POSITIONAL_ARGS,
  File "/tmp/ipykernel_18500/39214433.py", line 21, in fit
    for k, v in kwargs:
ValueError: too many values to unpack (expected 2)

SearchBayesianSkopt: Config 22 Exception. Config: {'alpha1': 0.8362070597799873, 'alpha2': 0.6523908143279444} - Exception: Traceback (most recent call last):
  File "/home/fra/Documents/university/recsys-challenge-2022/src/HyperparameterTuning/SearchAbstractClass.py", line 484, in _objective_function
    result_df, recommender_instance = self._evaluate_on_validation(
  File "/home/fra/Documents/university/recsys-challenge-2022/src/HyperparameterTuning/SearchAbstractClass.py", line 321, in _evaluate_on_validation
    recommender_instance, train_time = self._fit_model(
  File "/home/fra/Documents/university/recsys-challenge-2022/src/HyperparameterTuning/SearchAbstractClass.py", line 293, in _fit_model
    recommender_instance.fit(*self.recommender_input_args.FIT_POSITIONAL_ARGS,
  File "/tmp/ipykernel_18500/39214433.py", line 21, in fit
    for k, v in kwargs:
ValueError: too many values to unpack (expected 2)

SearchBayesianSkopt: Config 23 Exception. Config: {'alpha1': 0.23582950716606194, 'alpha2': 0.7673935095819238} - Exception: Traceback (most recent call last):
  File "/home/fra/Documents/university/recsys-challenge-2022/src/HyperparameterTuning/SearchAbstractClass.py", line 484, in _objective_function
    result_df, recommender_instance = self._evaluate_on_validation(
  File "/home/fra/Documents/university/recsys-challenge-2022/src/HyperparameterTuning/SearchAbstractClass.py", line 321, in _evaluate_on_validation
    recommender_instance, train_time = self._fit_model(
  File "/home/fra/Documents/university/recsys-challenge-2022/src/HyperparameterTuning/SearchAbstractClass.py", line 293, in _fit_model
    recommender_instance.fit(*self.recommender_input_args.FIT_POSITIONAL_ARGS,
  File "/tmp/ipykernel_18500/39214433.py", line 21, in fit
    for k, v in kwargs:
ValueError: too many values to unpack (expected 2)

SearchBayesianSkopt: Config 24 Exception. Config: {'alpha1': 0.5836034339128382, 'alpha2': 0.8443599453863991} - Exception: Traceback (most recent call last):
  File "/home/fra/Documents/university/recsys-challenge-2022/src/HyperparameterTuning/SearchAbstractClass.py", line 484, in _objective_function
    result_df, recommender_instance = self._evaluate_on_validation(
  File "/home/fra/Documents/university/recsys-challenge-2022/src/HyperparameterTuning/SearchAbstractClass.py", line 321, in _evaluate_on_validation
    recommender_instance, train_time = self._fit_model(
  File "/home/fra/Documents/university/recsys-challenge-2022/src/HyperparameterTuning/SearchAbstractClass.py", line 293, in _fit_model
    recommender_instance.fit(*self.recommender_input_args.FIT_POSITIONAL_ARGS,
  File "/tmp/ipykernel_18500/39214433.py", line 21, in fit
    for k, v in kwargs:
ValueError: too many values to unpack (expected 2)

SearchBayesianSkopt: Config 25 Exception. Config: {'alpha1': 0.41569681132334524, 'alpha2': 0.5821756453322282} - Exception: Traceback (most recent call last):
  File "/home/fra/Documents/university/recsys-challenge-2022/src/HyperparameterTuning/SearchAbstractClass.py", line 484, in _objective_function
    result_df, recommender_instance = self._evaluate_on_validation(
  File "/home/fra/Documents/university/recsys-challenge-2022/src/HyperparameterTuning/SearchAbstractClass.py", line 321, in _evaluate_on_validation
    recommender_instance, train_time = self._fit_model(
  File "/home/fra/Documents/university/recsys-challenge-2022/src/HyperparameterTuning/SearchAbstractClass.py", line 293, in _fit_model
    recommender_instance.fit(*self.recommender_input_args.FIT_POSITIONAL_ARGS,
  File "/tmp/ipykernel_18500/39214433.py", line 21, in fit
    for k, v in kwargs:
ValueError: too many values to unpack (expected 2)

SearchBayesianSkopt: Config 26 Exception. Config: {'alpha1': 0.516811748217329, 'alpha2': 0.1550249001770422} - Exception: Traceback (most recent call last):
  File "/home/fra/Documents/university/recsys-challenge-2022/src/HyperparameterTuning/SearchAbstractClass.py", line 484, in _objective_function
    result_df, recommender_instance = self._evaluate_on_validation(
  File "/home/fra/Documents/university/recsys-challenge-2022/src/HyperparameterTuning/SearchAbstractClass.py", line 321, in _evaluate_on_validation
    recommender_instance, train_time = self._fit_model(
  File "/home/fra/Documents/university/recsys-challenge-2022/src/HyperparameterTuning/SearchAbstractClass.py", line 293, in _fit_model
    recommender_instance.fit(*self.recommender_input_args.FIT_POSITIONAL_ARGS,
  File "/tmp/ipykernel_18500/39214433.py", line 21, in fit
    for k, v in kwargs:
ValueError: too many values to unpack (expected 2)

SearchBayesianSkopt: Config 27 Exception. Config: {'alpha1': 0.6013170483509288, 'alpha2': 0.1419090258200635} - Exception: Traceback (most recent call last):
  File "/home/fra/Documents/university/recsys-challenge-2022/src/HyperparameterTuning/SearchAbstractClass.py", line 484, in _objective_function
    result_df, recommender_instance = self._evaluate_on_validation(
  File "/home/fra/Documents/university/recsys-challenge-2022/src/HyperparameterTuning/SearchAbstractClass.py", line 321, in _evaluate_on_validation
    recommender_instance, train_time = self._fit_model(
  File "/home/fra/Documents/university/recsys-challenge-2022/src/HyperparameterTuning/SearchAbstractClass.py", line 293, in _fit_model
    recommender_instance.fit(*self.recommender_input_args.FIT_POSITIONAL_ARGS,
  File "/tmp/ipykernel_18500/39214433.py", line 21, in fit
    for k, v in kwargs:
ValueError: too many values to unpack (expected 2)

SearchBayesianSkopt: Config 28 Exception. Config: {'alpha1': 0.8819556007724166, 'alpha2': 0.7002218749526116} - Exception: Traceback (most recent call last):
  File "/home/fra/Documents/university/recsys-challenge-2022/src/HyperparameterTuning/SearchAbstractClass.py", line 484, in _objective_function
    result_df, recommender_instance = self._evaluate_on_validation(
  File "/home/fra/Documents/university/recsys-challenge-2022/src/HyperparameterTuning/SearchAbstractClass.py", line 321, in _evaluate_on_validation
    recommender_instance, train_time = self._fit_model(
  File "/home/fra/Documents/university/recsys-challenge-2022/src/HyperparameterTuning/SearchAbstractClass.py", line 293, in _fit_model
    recommender_instance.fit(*self.recommender_input_args.FIT_POSITIONAL_ARGS,
  File "/tmp/ipykernel_18500/39214433.py", line 21, in fit
    for k, v in kwargs:
ValueError: too many values to unpack (expected 2)

SearchBayesianSkopt: Config 29 Exception. Config: {'alpha1': 0.2868288351433285, 'alpha2': 0.0808230657155782} - Exception: Traceback (most recent call last):
  File "/home/fra/Documents/university/recsys-challenge-2022/src/HyperparameterTuning/SearchAbstractClass.py", line 484, in _objective_function
    result_df, recommender_instance = self._evaluate_on_validation(
  File "/home/fra/Documents/university/recsys-challenge-2022/src/HyperparameterTuning/SearchAbstractClass.py", line 321, in _evaluate_on_validation
    recommender_instance, train_time = self._fit_model(
  File "/home/fra/Documents/university/recsys-challenge-2022/src/HyperparameterTuning/SearchAbstractClass.py", line 293, in _fit_model
    recommender_instance.fit(*self.recommender_input_args.FIT_POSITIONAL_ARGS,
  File "/tmp/ipykernel_18500/39214433.py", line 21, in fit
    for k, v in kwargs:
ValueError: too many values to unpack (expected 2)

SearchBayesianSkopt: Search interrupted. No valid config was found during the initial random initialization
SearchBayesianSkopt: Config 0 Exception. Config: {'alpha1': 0.6884665391317576, 'alpha2': 0.73971110999259} - Exception: Traceback (most recent call last):
  File "/home/fra/Documents/university/recsys-challenge-2022/src/HyperparameterTuning/SearchAbstractClass.py", line 484, in _objective_function
    result_df, recommender_instance = self._evaluate_on_validation(
  File "/home/fra/Documents/university/recsys-challenge-2022/src/HyperparameterTuning/SearchAbstractClass.py", line 321, in _evaluate_on_validation
    recommender_instance, train_time = self._fit_model(
  File "/home/fra/Documents/university/recsys-challenge-2022/src/HyperparameterTuning/SearchAbstractClass.py", line 293, in _fit_model
    recommender_instance.fit(*self.recommender_input_args.FIT_POSITIONAL_ARGS,
  File "/tmp/ipykernel_18500/2008049256.py", line 30, in fit
    for i in range(len(self.alphas)):
AttributeError: 'CustomHybridRecommender' object has no attribute 'alphas'

SearchBayesianSkopt: Config 1 Exception. Config: {'alpha1': 0.6637285430706157, 'alpha2': 0.8892405225596594} - Exception: Traceback (most recent call last):
  File "/home/fra/Documents/university/recsys-challenge-2022/src/HyperparameterTuning/SearchAbstractClass.py", line 484, in _objective_function
    result_df, recommender_instance = self._evaluate_on_validation(
  File "/home/fra/Documents/university/recsys-challenge-2022/src/HyperparameterTuning/SearchAbstractClass.py", line 321, in _evaluate_on_validation
    recommender_instance, train_time = self._fit_model(
  File "/home/fra/Documents/university/recsys-challenge-2022/src/HyperparameterTuning/SearchAbstractClass.py", line 293, in _fit_model
    recommender_instance.fit(*self.recommender_input_args.FIT_POSITIONAL_ARGS,
  File "/tmp/ipykernel_18500/2008049256.py", line 30, in fit
    for i in range(len(self.alphas)):
AttributeError: 'CustomHybridRecommender' object has no attribute 'alphas'

SearchBayesianSkopt: Config 2 Exception. Config: {'alpha1': 0.3554140667475702, 'alpha2': 0.2309873361041826} - Exception: Traceback (most recent call last):
  File "/home/fra/Documents/university/recsys-challenge-2022/src/HyperparameterTuning/SearchAbstractClass.py", line 484, in _objective_function
    result_df, recommender_instance = self._evaluate_on_validation(
  File "/home/fra/Documents/university/recsys-challenge-2022/src/HyperparameterTuning/SearchAbstractClass.py", line 321, in _evaluate_on_validation
    recommender_instance, train_time = self._fit_model(
  File "/home/fra/Documents/university/recsys-challenge-2022/src/HyperparameterTuning/SearchAbstractClass.py", line 293, in _fit_model
    recommender_instance.fit(*self.recommender_input_args.FIT_POSITIONAL_ARGS,
  File "/tmp/ipykernel_18500/2008049256.py", line 30, in fit
    for i in range(len(self.alphas)):
AttributeError: 'CustomHybridRecommender' object has no attribute 'alphas'

SearchBayesianSkopt: Config 3 Exception. Config: {'alpha1': 0.8907241503927723, 'alpha2': 0.22300510135193558} - Exception: Traceback (most recent call last):
  File "/home/fra/Documents/university/recsys-challenge-2022/src/HyperparameterTuning/SearchAbstractClass.py", line 484, in _objective_function
    result_df, recommender_instance = self._evaluate_on_validation(
  File "/home/fra/Documents/university/recsys-challenge-2022/src/HyperparameterTuning/SearchAbstractClass.py", line 321, in _evaluate_on_validation
    recommender_instance, train_time = self._fit_model(
  File "/home/fra/Documents/university/recsys-challenge-2022/src/HyperparameterTuning/SearchAbstractClass.py", line 293, in _fit_model
    recommender_instance.fit(*self.recommender_input_args.FIT_POSITIONAL_ARGS,
  File "/tmp/ipykernel_18500/2008049256.py", line 30, in fit
    for i in range(len(self.alphas)):
AttributeError: 'CustomHybridRecommender' object has no attribute 'alphas'

SearchBayesianSkopt: Config 4 Exception. Config: {'alpha1': 0.6298408374418365, 'alpha2': 0.7568773750858222} - Exception: Traceback (most recent call last):
  File "/home/fra/Documents/university/recsys-challenge-2022/src/HyperparameterTuning/SearchAbstractClass.py", line 484, in _objective_function
    result_df, recommender_instance = self._evaluate_on_validation(
  File "/home/fra/Documents/university/recsys-challenge-2022/src/HyperparameterTuning/SearchAbstractClass.py", line 321, in _evaluate_on_validation
    recommender_instance, train_time = self._fit_model(
  File "/home/fra/Documents/university/recsys-challenge-2022/src/HyperparameterTuning/SearchAbstractClass.py", line 293, in _fit_model
    recommender_instance.fit(*self.recommender_input_args.FIT_POSITIONAL_ARGS,
  File "/tmp/ipykernel_18500/2008049256.py", line 30, in fit
    for i in range(len(self.alphas)):
AttributeError: 'CustomHybridRecommender' object has no attribute 'alphas'

SearchBayesianSkopt: Config 5 Exception. Config: {'alpha1': 0.15501530887400242, 'alpha2': 0.31241440619059985} - Exception: Traceback (most recent call last):
  File "/home/fra/Documents/university/recsys-challenge-2022/src/HyperparameterTuning/SearchAbstractClass.py", line 484, in _objective_function
    result_df, recommender_instance = self._evaluate_on_validation(
  File "/home/fra/Documents/university/recsys-challenge-2022/src/HyperparameterTuning/SearchAbstractClass.py", line 321, in _evaluate_on_validation
    recommender_instance, train_time = self._fit_model(
  File "/home/fra/Documents/university/recsys-challenge-2022/src/HyperparameterTuning/SearchAbstractClass.py", line 293, in _fit_model
    recommender_instance.fit(*self.recommender_input_args.FIT_POSITIONAL_ARGS,
  File "/tmp/ipykernel_18500/2008049256.py", line 30, in fit
    for i in range(len(self.alphas)):
AttributeError: 'CustomHybridRecommender' object has no attribute 'alphas'

SearchBayesianSkopt: Config 6 Exception. Config: {'alpha1': 0.3821860703937814, 'alpha2': 0.24115925374686703} - Exception: Traceback (most recent call last):
  File "/home/fra/Documents/university/recsys-challenge-2022/src/HyperparameterTuning/SearchAbstractClass.py", line 484, in _objective_function
    result_df, recommender_instance = self._evaluate_on_validation(
  File "/home/fra/Documents/university/recsys-challenge-2022/src/HyperparameterTuning/SearchAbstractClass.py", line 321, in _evaluate_on_validation
    recommender_instance, train_time = self._fit_model(
  File "/home/fra/Documents/university/recsys-challenge-2022/src/HyperparameterTuning/SearchAbstractClass.py", line 293, in _fit_model
    recommender_instance.fit(*self.recommender_input_args.FIT_POSITIONAL_ARGS,
  File "/tmp/ipykernel_18500/2008049256.py", line 30, in fit
    for i in range(len(self.alphas)):
AttributeError: 'CustomHybridRecommender' object has no attribute 'alphas'

SearchBayesianSkopt: Config 7 Exception. Config: {'alpha1': 0.4968791180133916, 'alpha2': 0.16231545835290498} - Exception: Traceback (most recent call last):
  File "/home/fra/Documents/university/recsys-challenge-2022/src/HyperparameterTuning/SearchAbstractClass.py", line 484, in _objective_function
    result_df, recommender_instance = self._evaluate_on_validation(
  File "/home/fra/Documents/university/recsys-challenge-2022/src/HyperparameterTuning/SearchAbstractClass.py", line 321, in _evaluate_on_validation
    recommender_instance, train_time = self._fit_model(
  File "/home/fra/Documents/university/recsys-challenge-2022/src/HyperparameterTuning/SearchAbstractClass.py", line 293, in _fit_model
    recommender_instance.fit(*self.recommender_input_args.FIT_POSITIONAL_ARGS,
  File "/tmp/ipykernel_18500/2008049256.py", line 30, in fit
    for i in range(len(self.alphas)):
AttributeError: 'CustomHybridRecommender' object has no attribute 'alphas'

SearchBayesianSkopt: Config 8 Exception. Config: {'alpha1': 0.8069394731155143, 'alpha2': 0.808970433944647} - Exception: Traceback (most recent call last):
  File "/home/fra/Documents/university/recsys-challenge-2022/src/HyperparameterTuning/SearchAbstractClass.py", line 484, in _objective_function
    result_df, recommender_instance = self._evaluate_on_validation(
  File "/home/fra/Documents/university/recsys-challenge-2022/src/HyperparameterTuning/SearchAbstractClass.py", line 321, in _evaluate_on_validation
    recommender_instance, train_time = self._fit_model(
  File "/home/fra/Documents/university/recsys-challenge-2022/src/HyperparameterTuning/SearchAbstractClass.py", line 293, in _fit_model
    recommender_instance.fit(*self.recommender_input_args.FIT_POSITIONAL_ARGS,
  File "/tmp/ipykernel_18500/2008049256.py", line 30, in fit
    for i in range(len(self.alphas)):
AttributeError: 'CustomHybridRecommender' object has no attribute 'alphas'

SearchBayesianSkopt: Config 9 Exception. Config: {'alpha1': 0.6103621969136916, 'alpha2': 0.5081945803039526} - Exception: Traceback (most recent call last):
  File "/home/fra/Documents/university/recsys-challenge-2022/src/HyperparameterTuning/SearchAbstractClass.py", line 484, in _objective_function
    result_df, recommender_instance = self._evaluate_on_validation(
  File "/home/fra/Documents/university/recsys-challenge-2022/src/HyperparameterTuning/SearchAbstractClass.py", line 321, in _evaluate_on_validation
    recommender_instance, train_time = self._fit_model(
  File "/home/fra/Documents/university/recsys-challenge-2022/src/HyperparameterTuning/SearchAbstractClass.py", line 293, in _fit_model
    recommender_instance.fit(*self.recommender_input_args.FIT_POSITIONAL_ARGS,
  File "/tmp/ipykernel_18500/2008049256.py", line 30, in fit
    for i in range(len(self.alphas)):
AttributeError: 'CustomHybridRecommender' object has no attribute 'alphas'

SearchBayesianSkopt: Config 10 Exception. Config: {'alpha1': 0.40520922534039316, 'alpha2': 0.39952686540502325} - Exception: Traceback (most recent call last):
  File "/home/fra/Documents/university/recsys-challenge-2022/src/HyperparameterTuning/SearchAbstractClass.py", line 484, in _objective_function
    result_df, recommender_instance = self._evaluate_on_validation(
  File "/home/fra/Documents/university/recsys-challenge-2022/src/HyperparameterTuning/SearchAbstractClass.py", line 321, in _evaluate_on_validation
    recommender_instance, train_time = self._fit_model(
  File "/home/fra/Documents/university/recsys-challenge-2022/src/HyperparameterTuning/SearchAbstractClass.py", line 293, in _fit_model
    recommender_instance.fit(*self.recommender_input_args.FIT_POSITIONAL_ARGS,
  File "/tmp/ipykernel_18500/2008049256.py", line 30, in fit
    for i in range(len(self.alphas)):
AttributeError: 'CustomHybridRecommender' object has no attribute 'alphas'

SearchBayesianSkopt: Config 11 Exception. Config: {'alpha1': 0.9667822627833821, 'alpha2': 0.33279061718463493} - Exception: Traceback (most recent call last):
  File "/home/fra/Documents/university/recsys-challenge-2022/src/HyperparameterTuning/SearchAbstractClass.py", line 484, in _objective_function
    result_df, recommender_instance = self._evaluate_on_validation(
  File "/home/fra/Documents/university/recsys-challenge-2022/src/HyperparameterTuning/SearchAbstractClass.py", line 321, in _evaluate_on_validation
    recommender_instance, train_time = self._fit_model(
  File "/home/fra/Documents/university/recsys-challenge-2022/src/HyperparameterTuning/SearchAbstractClass.py", line 293, in _fit_model
    recommender_instance.fit(*self.recommender_input_args.FIT_POSITIONAL_ARGS,
  File "/tmp/ipykernel_18500/2008049256.py", line 30, in fit
    for i in range(len(self.alphas)):
AttributeError: 'CustomHybridRecommender' object has no attribute 'alphas'

SearchBayesianSkopt: Config 12 Exception. Config: {'alpha1': 0.4491180039275001, 'alpha2': 0.6538297175947496} - Exception: Traceback (most recent call last):
  File "/home/fra/Documents/university/recsys-challenge-2022/src/HyperparameterTuning/SearchAbstractClass.py", line 484, in _objective_function
    result_df, recommender_instance = self._evaluate_on_validation(
  File "/home/fra/Documents/university/recsys-challenge-2022/src/HyperparameterTuning/SearchAbstractClass.py", line 321, in _evaluate_on_validation
    recommender_instance, train_time = self._fit_model(
  File "/home/fra/Documents/university/recsys-challenge-2022/src/HyperparameterTuning/SearchAbstractClass.py", line 293, in _fit_model
    recommender_instance.fit(*self.recommender_input_args.FIT_POSITIONAL_ARGS,
  File "/tmp/ipykernel_18500/2008049256.py", line 30, in fit
    for i in range(len(self.alphas)):
AttributeError: 'CustomHybridRecommender' object has no attribute 'alphas'

SearchBayesianSkopt: Config 13 Exception. Config: {'alpha1': 0.9637896345056312, 'alpha2': 0.7686963614441056} - Exception: Traceback (most recent call last):
  File "/home/fra/Documents/university/recsys-challenge-2022/src/HyperparameterTuning/SearchAbstractClass.py", line 484, in _objective_function
    result_df, recommender_instance = self._evaluate_on_validation(
  File "/home/fra/Documents/university/recsys-challenge-2022/src/HyperparameterTuning/SearchAbstractClass.py", line 321, in _evaluate_on_validation
    recommender_instance, train_time = self._fit_model(
  File "/home/fra/Documents/university/recsys-challenge-2022/src/HyperparameterTuning/SearchAbstractClass.py", line 293, in _fit_model
    recommender_instance.fit(*self.recommender_input_args.FIT_POSITIONAL_ARGS,
  File "/tmp/ipykernel_18500/2008049256.py", line 30, in fit
    for i in range(len(self.alphas)):
AttributeError: 'CustomHybridRecommender' object has no attribute 'alphas'

SearchBayesianSkopt: Config 14 Exception. Config: {'alpha1': 0.5411569405765713, 'alpha2': 0.12889583858047907} - Exception: Traceback (most recent call last):
  File "/home/fra/Documents/university/recsys-challenge-2022/src/HyperparameterTuning/SearchAbstractClass.py", line 484, in _objective_function
    result_df, recommender_instance = self._evaluate_on_validation(
  File "/home/fra/Documents/university/recsys-challenge-2022/src/HyperparameterTuning/SearchAbstractClass.py", line 321, in _evaluate_on_validation
    recommender_instance, train_time = self._fit_model(
  File "/home/fra/Documents/university/recsys-challenge-2022/src/HyperparameterTuning/SearchAbstractClass.py", line 293, in _fit_model
    recommender_instance.fit(*self.recommender_input_args.FIT_POSITIONAL_ARGS,
  File "/tmp/ipykernel_18500/2008049256.py", line 30, in fit
    for i in range(len(self.alphas)):
AttributeError: 'CustomHybridRecommender' object has no attribute 'alphas'

SearchBayesianSkopt: Config 15 Exception. Config: {'alpha1': 0.18832473426072865, 'alpha2': 0.8264686564206701} - Exception: Traceback (most recent call last):
  File "/home/fra/Documents/university/recsys-challenge-2022/src/HyperparameterTuning/SearchAbstractClass.py", line 484, in _objective_function
    result_df, recommender_instance = self._evaluate_on_validation(
  File "/home/fra/Documents/university/recsys-challenge-2022/src/HyperparameterTuning/SearchAbstractClass.py", line 321, in _evaluate_on_validation
    recommender_instance, train_time = self._fit_model(
  File "/home/fra/Documents/university/recsys-challenge-2022/src/HyperparameterTuning/SearchAbstractClass.py", line 293, in _fit_model
    recommender_instance.fit(*self.recommender_input_args.FIT_POSITIONAL_ARGS,
  File "/tmp/ipykernel_18500/2008049256.py", line 30, in fit
    for i in range(len(self.alphas)):
AttributeError: 'CustomHybridRecommender' object has no attribute 'alphas'

SearchBayesianSkopt: Config 16 Exception. Config: {'alpha1': 0.49856732019094063, 'alpha2': 0.15075061272319415} - Exception: Traceback (most recent call last):
  File "/home/fra/Documents/university/recsys-challenge-2022/src/HyperparameterTuning/SearchAbstractClass.py", line 484, in _objective_function
    result_df, recommender_instance = self._evaluate_on_validation(
  File "/home/fra/Documents/university/recsys-challenge-2022/src/HyperparameterTuning/SearchAbstractClass.py", line 321, in _evaluate_on_validation
    recommender_instance, train_time = self._fit_model(
  File "/home/fra/Documents/university/recsys-challenge-2022/src/HyperparameterTuning/SearchAbstractClass.py", line 293, in _fit_model
    recommender_instance.fit(*self.recommender_input_args.FIT_POSITIONAL_ARGS,
  File "/tmp/ipykernel_18500/2008049256.py", line 30, in fit
    for i in range(len(self.alphas)):
AttributeError: 'CustomHybridRecommender' object has no attribute 'alphas'

SearchBayesianSkopt: Config 17 Exception. Config: {'alpha1': 0.44218844529183954, 'alpha2': 0.6759801959396058} - Exception: Traceback (most recent call last):
  File "/home/fra/Documents/university/recsys-challenge-2022/src/HyperparameterTuning/SearchAbstractClass.py", line 484, in _objective_function
    result_df, recommender_instance = self._evaluate_on_validation(
  File "/home/fra/Documents/university/recsys-challenge-2022/src/HyperparameterTuning/SearchAbstractClass.py", line 321, in _evaluate_on_validation
    recommender_instance, train_time = self._fit_model(
  File "/home/fra/Documents/university/recsys-challenge-2022/src/HyperparameterTuning/SearchAbstractClass.py", line 293, in _fit_model
    recommender_instance.fit(*self.recommender_input_args.FIT_POSITIONAL_ARGS,
  File "/tmp/ipykernel_18500/2008049256.py", line 30, in fit
    for i in range(len(self.alphas)):
AttributeError: 'CustomHybridRecommender' object has no attribute 'alphas'

SearchBayesianSkopt: Config 18 Exception. Config: {'alpha1': 0.6540587342697297, 'alpha2': 0.8235835024489616} - Exception: Traceback (most recent call last):
  File "/home/fra/Documents/university/recsys-challenge-2022/src/HyperparameterTuning/SearchAbstractClass.py", line 484, in _objective_function
    result_df, recommender_instance = self._evaluate_on_validation(
  File "/home/fra/Documents/university/recsys-challenge-2022/src/HyperparameterTuning/SearchAbstractClass.py", line 321, in _evaluate_on_validation
    recommender_instance, train_time = self._fit_model(
  File "/home/fra/Documents/university/recsys-challenge-2022/src/HyperparameterTuning/SearchAbstractClass.py", line 293, in _fit_model
    recommender_instance.fit(*self.recommender_input_args.FIT_POSITIONAL_ARGS,
  File "/tmp/ipykernel_18500/2008049256.py", line 30, in fit
    for i in range(len(self.alphas)):
AttributeError: 'CustomHybridRecommender' object has no attribute 'alphas'

SearchBayesianSkopt: Config 19 Exception. Config: {'alpha1': 0.05247217098740166, 'alpha2': 0.26793107238886454} - Exception: Traceback (most recent call last):
  File "/home/fra/Documents/university/recsys-challenge-2022/src/HyperparameterTuning/SearchAbstractClass.py", line 484, in _objective_function
    result_df, recommender_instance = self._evaluate_on_validation(
  File "/home/fra/Documents/university/recsys-challenge-2022/src/HyperparameterTuning/SearchAbstractClass.py", line 321, in _evaluate_on_validation
    recommender_instance, train_time = self._fit_model(
  File "/home/fra/Documents/university/recsys-challenge-2022/src/HyperparameterTuning/SearchAbstractClass.py", line 293, in _fit_model
    recommender_instance.fit(*self.recommender_input_args.FIT_POSITIONAL_ARGS,
  File "/tmp/ipykernel_18500/2008049256.py", line 30, in fit
    for i in range(len(self.alphas)):
AttributeError: 'CustomHybridRecommender' object has no attribute 'alphas'

SearchBayesianSkopt: Config 20 Exception. Config: {'alpha1': 0.5206993173119776, 'alpha2': 0.16210642642811726} - Exception: Traceback (most recent call last):
  File "/home/fra/Documents/university/recsys-challenge-2022/src/HyperparameterTuning/SearchAbstractClass.py", line 484, in _objective_function
    result_df, recommender_instance = self._evaluate_on_validation(
  File "/home/fra/Documents/university/recsys-challenge-2022/src/HyperparameterTuning/SearchAbstractClass.py", line 321, in _evaluate_on_validation
    recommender_instance, train_time = self._fit_model(
  File "/home/fra/Documents/university/recsys-challenge-2022/src/HyperparameterTuning/SearchAbstractClass.py", line 293, in _fit_model
    recommender_instance.fit(*self.recommender_input_args.FIT_POSITIONAL_ARGS,
  File "/tmp/ipykernel_18500/2008049256.py", line 30, in fit
    for i in range(len(self.alphas)):
AttributeError: 'CustomHybridRecommender' object has no attribute 'alphas'

SearchBayesianSkopt: Config 21 Exception. Config: {'alpha1': 0.9891723555367519, 'alpha2': 0.23440877727808856} - Exception: Traceback (most recent call last):
  File "/home/fra/Documents/university/recsys-challenge-2022/src/HyperparameterTuning/SearchAbstractClass.py", line 484, in _objective_function
    result_df, recommender_instance = self._evaluate_on_validation(
  File "/home/fra/Documents/university/recsys-challenge-2022/src/HyperparameterTuning/SearchAbstractClass.py", line 321, in _evaluate_on_validation
    recommender_instance, train_time = self._fit_model(
  File "/home/fra/Documents/university/recsys-challenge-2022/src/HyperparameterTuning/SearchAbstractClass.py", line 293, in _fit_model
    recommender_instance.fit(*self.recommender_input_args.FIT_POSITIONAL_ARGS,
  File "/tmp/ipykernel_18500/2008049256.py", line 30, in fit
    for i in range(len(self.alphas)):
AttributeError: 'CustomHybridRecommender' object has no attribute 'alphas'

SearchBayesianSkopt: Config 22 Exception. Config: {'alpha1': 0.2112599978413669, 'alpha2': 0.8299225399492689} - Exception: Traceback (most recent call last):
  File "/home/fra/Documents/university/recsys-challenge-2022/src/HyperparameterTuning/SearchAbstractClass.py", line 484, in _objective_function
    result_df, recommender_instance = self._evaluate_on_validation(
  File "/home/fra/Documents/university/recsys-challenge-2022/src/HyperparameterTuning/SearchAbstractClass.py", line 321, in _evaluate_on_validation
    recommender_instance, train_time = self._fit_model(
  File "/home/fra/Documents/university/recsys-challenge-2022/src/HyperparameterTuning/SearchAbstractClass.py", line 293, in _fit_model
    recommender_instance.fit(*self.recommender_input_args.FIT_POSITIONAL_ARGS,
  File "/tmp/ipykernel_18500/2008049256.py", line 30, in fit
    for i in range(len(self.alphas)):
AttributeError: 'CustomHybridRecommender' object has no attribute 'alphas'

SearchBayesianSkopt: Config 23 Exception. Config: {'alpha1': 0.07618574546084002, 'alpha2': 0.23182801283443694} - Exception: Traceback (most recent call last):
  File "/home/fra/Documents/university/recsys-challenge-2022/src/HyperparameterTuning/SearchAbstractClass.py", line 484, in _objective_function
    result_df, recommender_instance = self._evaluate_on_validation(
  File "/home/fra/Documents/university/recsys-challenge-2022/src/HyperparameterTuning/SearchAbstractClass.py", line 321, in _evaluate_on_validation
    recommender_instance, train_time = self._fit_model(
  File "/home/fra/Documents/university/recsys-challenge-2022/src/HyperparameterTuning/SearchAbstractClass.py", line 293, in _fit_model
    recommender_instance.fit(*self.recommender_input_args.FIT_POSITIONAL_ARGS,
  File "/tmp/ipykernel_18500/2008049256.py", line 30, in fit
    for i in range(len(self.alphas)):
AttributeError: 'CustomHybridRecommender' object has no attribute 'alphas'

SearchBayesianSkopt: Config 24 Exception. Config: {'alpha1': 0.6666291536648304, 'alpha2': 0.7714097430447397} - Exception: Traceback (most recent call last):
  File "/home/fra/Documents/university/recsys-challenge-2022/src/HyperparameterTuning/SearchAbstractClass.py", line 484, in _objective_function
    result_df, recommender_instance = self._evaluate_on_validation(
  File "/home/fra/Documents/university/recsys-challenge-2022/src/HyperparameterTuning/SearchAbstractClass.py", line 321, in _evaluate_on_validation
    recommender_instance, train_time = self._fit_model(
  File "/home/fra/Documents/university/recsys-challenge-2022/src/HyperparameterTuning/SearchAbstractClass.py", line 293, in _fit_model
    recommender_instance.fit(*self.recommender_input_args.FIT_POSITIONAL_ARGS,
  File "/tmp/ipykernel_18500/2008049256.py", line 30, in fit
    for i in range(len(self.alphas)):
AttributeError: 'CustomHybridRecommender' object has no attribute 'alphas'

SearchBayesianSkopt: Config 25 Exception. Config: {'alpha1': 0.5582346469225903, 'alpha2': 0.6583382372757881} - Exception: Traceback (most recent call last):
  File "/home/fra/Documents/university/recsys-challenge-2022/src/HyperparameterTuning/SearchAbstractClass.py", line 484, in _objective_function
    result_df, recommender_instance = self._evaluate_on_validation(
  File "/home/fra/Documents/university/recsys-challenge-2022/src/HyperparameterTuning/SearchAbstractClass.py", line 321, in _evaluate_on_validation
    recommender_instance, train_time = self._fit_model(
  File "/home/fra/Documents/university/recsys-challenge-2022/src/HyperparameterTuning/SearchAbstractClass.py", line 293, in _fit_model
    recommender_instance.fit(*self.recommender_input_args.FIT_POSITIONAL_ARGS,
  File "/tmp/ipykernel_18500/2008049256.py", line 30, in fit
    for i in range(len(self.alphas)):
AttributeError: 'CustomHybridRecommender' object has no attribute 'alphas'

SearchBayesianSkopt: Config 26 Exception. Config: {'alpha1': 0.7548066703937498, 'alpha2': 0.6341625109156284} - Exception: Traceback (most recent call last):
  File "/home/fra/Documents/university/recsys-challenge-2022/src/HyperparameterTuning/SearchAbstractClass.py", line 484, in _objective_function
    result_df, recommender_instance = self._evaluate_on_validation(
  File "/home/fra/Documents/university/recsys-challenge-2022/src/HyperparameterTuning/SearchAbstractClass.py", line 321, in _evaluate_on_validation
    recommender_instance, train_time = self._fit_model(
  File "/home/fra/Documents/university/recsys-challenge-2022/src/HyperparameterTuning/SearchAbstractClass.py", line 293, in _fit_model
    recommender_instance.fit(*self.recommender_input_args.FIT_POSITIONAL_ARGS,
  File "/tmp/ipykernel_18500/2008049256.py", line 30, in fit
    for i in range(len(self.alphas)):
AttributeError: 'CustomHybridRecommender' object has no attribute 'alphas'

SearchBayesianSkopt: Config 27 Exception. Config: {'alpha1': 0.18833193763040895, 'alpha2': 0.1626598085808099} - Exception: Traceback (most recent call last):
  File "/home/fra/Documents/university/recsys-challenge-2022/src/HyperparameterTuning/SearchAbstractClass.py", line 484, in _objective_function
    result_df, recommender_instance = self._evaluate_on_validation(
  File "/home/fra/Documents/university/recsys-challenge-2022/src/HyperparameterTuning/SearchAbstractClass.py", line 321, in _evaluate_on_validation
    recommender_instance, train_time = self._fit_model(
  File "/home/fra/Documents/university/recsys-challenge-2022/src/HyperparameterTuning/SearchAbstractClass.py", line 293, in _fit_model
    recommender_instance.fit(*self.recommender_input_args.FIT_POSITIONAL_ARGS,
  File "/tmp/ipykernel_18500/2008049256.py", line 30, in fit
    for i in range(len(self.alphas)):
AttributeError: 'CustomHybridRecommender' object has no attribute 'alphas'

SearchBayesianSkopt: Config 28 Exception. Config: {'alpha1': 0.048437866923456877, 'alpha2': 0.7816313566299411} - Exception: Traceback (most recent call last):
  File "/home/fra/Documents/university/recsys-challenge-2022/src/HyperparameterTuning/SearchAbstractClass.py", line 484, in _objective_function
    result_df, recommender_instance = self._evaluate_on_validation(
  File "/home/fra/Documents/university/recsys-challenge-2022/src/HyperparameterTuning/SearchAbstractClass.py", line 321, in _evaluate_on_validation
    recommender_instance, train_time = self._fit_model(
  File "/home/fra/Documents/university/recsys-challenge-2022/src/HyperparameterTuning/SearchAbstractClass.py", line 293, in _fit_model
    recommender_instance.fit(*self.recommender_input_args.FIT_POSITIONAL_ARGS,
  File "/tmp/ipykernel_18500/2008049256.py", line 30, in fit
    for i in range(len(self.alphas)):
AttributeError: 'CustomHybridRecommender' object has no attribute 'alphas'

SearchBayesianSkopt: Config 29 Exception. Config: {'alpha1': 0.08398354958707256, 'alpha2': 0.497845683532982} - Exception: Traceback (most recent call last):
  File "/home/fra/Documents/university/recsys-challenge-2022/src/HyperparameterTuning/SearchAbstractClass.py", line 484, in _objective_function
    result_df, recommender_instance = self._evaluate_on_validation(
  File "/home/fra/Documents/university/recsys-challenge-2022/src/HyperparameterTuning/SearchAbstractClass.py", line 321, in _evaluate_on_validation
    recommender_instance, train_time = self._fit_model(
  File "/home/fra/Documents/university/recsys-challenge-2022/src/HyperparameterTuning/SearchAbstractClass.py", line 293, in _fit_model
    recommender_instance.fit(*self.recommender_input_args.FIT_POSITIONAL_ARGS,
  File "/tmp/ipykernel_18500/2008049256.py", line 30, in fit
    for i in range(len(self.alphas)):
AttributeError: 'CustomHybridRecommender' object has no attribute 'alphas'

SearchBayesianSkopt: Search interrupted. No valid config was found during the initial random initialization
SearchBayesianSkopt: Config 0 Exception. Config: {'alpha1': 0.1936438482087945, 'alpha2': 0.8947192735081827} - Exception: Traceback (most recent call last):
  File "/home/fra/Documents/university/recsys-challenge-2022/src/HyperparameterTuning/SearchAbstractClass.py", line 484, in _objective_function
    result_df, recommender_instance = self._evaluate_on_validation(
  File "/home/fra/Documents/university/recsys-challenge-2022/src/HyperparameterTuning/SearchAbstractClass.py", line 321, in _evaluate_on_validation
    recommender_instance, train_time = self._fit_model(
  File "/home/fra/Documents/university/recsys-challenge-2022/src/HyperparameterTuning/SearchAbstractClass.py", line 293, in _fit_model
    recommender_instance.fit(*self.recommender_input_args.FIT_POSITIONAL_ARGS,
  File "/tmp/ipykernel_18500/1361228625.py", line 31, in fit
    sum += alphas
TypeError: unsupported operand type(s) for +=: 'int' and 'list'

SearchBayesianSkopt: Config 1 Exception. Config: {'alpha1': 0.031191667553003517, 'alpha2': 0.8674640487133436} - Exception: Traceback (most recent call last):
  File "/home/fra/Documents/university/recsys-challenge-2022/src/HyperparameterTuning/SearchAbstractClass.py", line 484, in _objective_function
    result_df, recommender_instance = self._evaluate_on_validation(
  File "/home/fra/Documents/university/recsys-challenge-2022/src/HyperparameterTuning/SearchAbstractClass.py", line 321, in _evaluate_on_validation
    recommender_instance, train_time = self._fit_model(
  File "/home/fra/Documents/university/recsys-challenge-2022/src/HyperparameterTuning/SearchAbstractClass.py", line 293, in _fit_model
    recommender_instance.fit(*self.recommender_input_args.FIT_POSITIONAL_ARGS,
  File "/tmp/ipykernel_18500/1361228625.py", line 31, in fit
    sum += alphas
TypeError: unsupported operand type(s) for +=: 'int' and 'list'

SearchBayesianSkopt: Config 2 Exception. Config: {'alpha1': 0.3024122953996314, 'alpha2': 0.5126287182361597} - Exception: Traceback (most recent call last):
  File "/home/fra/Documents/university/recsys-challenge-2022/src/HyperparameterTuning/SearchAbstractClass.py", line 484, in _objective_function
    result_df, recommender_instance = self._evaluate_on_validation(
  File "/home/fra/Documents/university/recsys-challenge-2022/src/HyperparameterTuning/SearchAbstractClass.py", line 321, in _evaluate_on_validation
    recommender_instance, train_time = self._fit_model(
  File "/home/fra/Documents/university/recsys-challenge-2022/src/HyperparameterTuning/SearchAbstractClass.py", line 293, in _fit_model
    recommender_instance.fit(*self.recommender_input_args.FIT_POSITIONAL_ARGS,
  File "/tmp/ipykernel_18500/1361228625.py", line 31, in fit
    sum += alphas
TypeError: unsupported operand type(s) for +=: 'int' and 'list'

SearchBayesianSkopt: Config 3 Exception. Config: {'alpha1': 0.9337260547719631, 'alpha2': 0.27627665951649766} - Exception: Traceback (most recent call last):
  File "/home/fra/Documents/university/recsys-challenge-2022/src/HyperparameterTuning/SearchAbstractClass.py", line 484, in _objective_function
    result_df, recommender_instance = self._evaluate_on_validation(
  File "/home/fra/Documents/university/recsys-challenge-2022/src/HyperparameterTuning/SearchAbstractClass.py", line 321, in _evaluate_on_validation
    recommender_instance, train_time = self._fit_model(
  File "/home/fra/Documents/university/recsys-challenge-2022/src/HyperparameterTuning/SearchAbstractClass.py", line 293, in _fit_model
    recommender_instance.fit(*self.recommender_input_args.FIT_POSITIONAL_ARGS,
  File "/tmp/ipykernel_18500/1361228625.py", line 31, in fit
    sum += alphas
TypeError: unsupported operand type(s) for +=: 'int' and 'list'

SearchBayesianSkopt: Config 4 Exception. Config: {'alpha1': 0.24253016597646654, 'alpha2': 0.9804821853909705} - Exception: Traceback (most recent call last):
  File "/home/fra/Documents/university/recsys-challenge-2022/src/HyperparameterTuning/SearchAbstractClass.py", line 484, in _objective_function
    result_df, recommender_instance = self._evaluate_on_validation(
  File "/home/fra/Documents/university/recsys-challenge-2022/src/HyperparameterTuning/SearchAbstractClass.py", line 321, in _evaluate_on_validation
    recommender_instance, train_time = self._fit_model(
  File "/home/fra/Documents/university/recsys-challenge-2022/src/HyperparameterTuning/SearchAbstractClass.py", line 293, in _fit_model
    recommender_instance.fit(*self.recommender_input_args.FIT_POSITIONAL_ARGS,
  File "/tmp/ipykernel_18500/1361228625.py", line 31, in fit
    sum += alphas
TypeError: unsupported operand type(s) for +=: 'int' and 'list'

SearchBayesianSkopt: Config 5 Exception. Config: {'alpha1': 0.648478743983307, 'alpha2': 0.6678132156303834} - Exception: Traceback (most recent call last):
  File "/home/fra/Documents/university/recsys-challenge-2022/src/HyperparameterTuning/SearchAbstractClass.py", line 484, in _objective_function
    result_df, recommender_instance = self._evaluate_on_validation(
  File "/home/fra/Documents/university/recsys-challenge-2022/src/HyperparameterTuning/SearchAbstractClass.py", line 321, in _evaluate_on_validation
    recommender_instance, train_time = self._fit_model(
  File "/home/fra/Documents/university/recsys-challenge-2022/src/HyperparameterTuning/SearchAbstractClass.py", line 293, in _fit_model
    recommender_instance.fit(*self.recommender_input_args.FIT_POSITIONAL_ARGS,
  File "/tmp/ipykernel_18500/1361228625.py", line 31, in fit
    sum += alphas
TypeError: unsupported operand type(s) for +=: 'int' and 'list'

SearchBayesianSkopt: Config 6 Exception. Config: {'alpha1': 0.5619432908759232, 'alpha2': 0.43489046755930927} - Exception: Traceback (most recent call last):
  File "/home/fra/Documents/university/recsys-challenge-2022/src/HyperparameterTuning/SearchAbstractClass.py", line 484, in _objective_function
    result_df, recommender_instance = self._evaluate_on_validation(
  File "/home/fra/Documents/university/recsys-challenge-2022/src/HyperparameterTuning/SearchAbstractClass.py", line 321, in _evaluate_on_validation
    recommender_instance, train_time = self._fit_model(
  File "/home/fra/Documents/university/recsys-challenge-2022/src/HyperparameterTuning/SearchAbstractClass.py", line 293, in _fit_model
    recommender_instance.fit(*self.recommender_input_args.FIT_POSITIONAL_ARGS,
  File "/tmp/ipykernel_18500/1361228625.py", line 31, in fit
    sum += alphas
TypeError: unsupported operand type(s) for +=: 'int' and 'list'

SearchBayesianSkopt: Config 7 Exception. Config: {'alpha1': 0.6044197835732602, 'alpha2': 0.016148945801557017} - Exception: Traceback (most recent call last):
  File "/home/fra/Documents/university/recsys-challenge-2022/src/HyperparameterTuning/SearchAbstractClass.py", line 484, in _objective_function
    result_df, recommender_instance = self._evaluate_on_validation(
  File "/home/fra/Documents/university/recsys-challenge-2022/src/HyperparameterTuning/SearchAbstractClass.py", line 321, in _evaluate_on_validation
    recommender_instance, train_time = self._fit_model(
  File "/home/fra/Documents/university/recsys-challenge-2022/src/HyperparameterTuning/SearchAbstractClass.py", line 293, in _fit_model
    recommender_instance.fit(*self.recommender_input_args.FIT_POSITIONAL_ARGS,
  File "/tmp/ipykernel_18500/1361228625.py", line 31, in fit
    sum += alphas
TypeError: unsupported operand type(s) for +=: 'int' and 'list'

SearchBayesianSkopt: Config 8 Exception. Config: {'alpha1': 0.7062445611316553, 'alpha2': 0.9371091901491317} - Exception: Traceback (most recent call last):
  File "/home/fra/Documents/university/recsys-challenge-2022/src/HyperparameterTuning/SearchAbstractClass.py", line 484, in _objective_function
    result_df, recommender_instance = self._evaluate_on_validation(
  File "/home/fra/Documents/university/recsys-challenge-2022/src/HyperparameterTuning/SearchAbstractClass.py", line 321, in _evaluate_on_validation
    recommender_instance, train_time = self._fit_model(
  File "/home/fra/Documents/university/recsys-challenge-2022/src/HyperparameterTuning/SearchAbstractClass.py", line 293, in _fit_model
    recommender_instance.fit(*self.recommender_input_args.FIT_POSITIONAL_ARGS,
  File "/tmp/ipykernel_18500/1361228625.py", line 31, in fit
    sum += alphas
TypeError: unsupported operand type(s) for +=: 'int' and 'list'

SearchBayesianSkopt: Config 9 Exception. Config: {'alpha1': 0.44874022972536753, 'alpha2': 0.7675266311166058} - Exception: Traceback (most recent call last):
  File "/home/fra/Documents/university/recsys-challenge-2022/src/HyperparameterTuning/SearchAbstractClass.py", line 484, in _objective_function
    result_df, recommender_instance = self._evaluate_on_validation(
  File "/home/fra/Documents/university/recsys-challenge-2022/src/HyperparameterTuning/SearchAbstractClass.py", line 321, in _evaluate_on_validation
    recommender_instance, train_time = self._fit_model(
  File "/home/fra/Documents/university/recsys-challenge-2022/src/HyperparameterTuning/SearchAbstractClass.py", line 293, in _fit_model
    recommender_instance.fit(*self.recommender_input_args.FIT_POSITIONAL_ARGS,
  File "/tmp/ipykernel_18500/1361228625.py", line 31, in fit
    sum += alphas
TypeError: unsupported operand type(s) for +=: 'int' and 'list'

SearchBayesianSkopt: Config 10 Exception. Config: {'alpha1': 0.37764332118902, 'alpha2': 0.15557210353431986} - Exception: Traceback (most recent call last):
  File "/home/fra/Documents/university/recsys-challenge-2022/src/HyperparameterTuning/SearchAbstractClass.py", line 484, in _objective_function
    result_df, recommender_instance = self._evaluate_on_validation(
  File "/home/fra/Documents/university/recsys-challenge-2022/src/HyperparameterTuning/SearchAbstractClass.py", line 321, in _evaluate_on_validation
    recommender_instance, train_time = self._fit_model(
  File "/home/fra/Documents/university/recsys-challenge-2022/src/HyperparameterTuning/SearchAbstractClass.py", line 293, in _fit_model
    recommender_instance.fit(*self.recommender_input_args.FIT_POSITIONAL_ARGS,
  File "/tmp/ipykernel_18500/1361228625.py", line 31, in fit
    sum += alphas
TypeError: unsupported operand type(s) for +=: 'int' and 'list'

SearchBayesianSkopt: Config 11 Exception. Config: {'alpha1': 0.09631941351174447, 'alpha2': 0.5096456618064514} - Exception: Traceback (most recent call last):
  File "/home/fra/Documents/university/recsys-challenge-2022/src/HyperparameterTuning/SearchAbstractClass.py", line 484, in _objective_function
    result_df, recommender_instance = self._evaluate_on_validation(
  File "/home/fra/Documents/university/recsys-challenge-2022/src/HyperparameterTuning/SearchAbstractClass.py", line 321, in _evaluate_on_validation
    recommender_instance, train_time = self._fit_model(
  File "/home/fra/Documents/university/recsys-challenge-2022/src/HyperparameterTuning/SearchAbstractClass.py", line 293, in _fit_model
    recommender_instance.fit(*self.recommender_input_args.FIT_POSITIONAL_ARGS,
  File "/tmp/ipykernel_18500/1361228625.py", line 31, in fit
    sum += alphas
TypeError: unsupported operand type(s) for +=: 'int' and 'list'

SearchBayesianSkopt: Config 12 Exception. Config: {'alpha1': 0.3750591620288707, 'alpha2': 0.5803436041011277} - Exception: Traceback (most recent call last):
  File "/home/fra/Documents/university/recsys-challenge-2022/src/HyperparameterTuning/SearchAbstractClass.py", line 484, in _objective_function
    result_df, recommender_instance = self._evaluate_on_validation(
  File "/home/fra/Documents/university/recsys-challenge-2022/src/HyperparameterTuning/SearchAbstractClass.py", line 321, in _evaluate_on_validation
    recommender_instance, train_time = self._fit_model(
  File "/home/fra/Documents/university/recsys-challenge-2022/src/HyperparameterTuning/SearchAbstractClass.py", line 293, in _fit_model
    recommender_instance.fit(*self.recommender_input_args.FIT_POSITIONAL_ARGS,
  File "/tmp/ipykernel_18500/1361228625.py", line 31, in fit
    sum += alphas
TypeError: unsupported operand type(s) for +=: 'int' and 'list'

SearchBayesianSkopt: Config 13 Exception. Config: {'alpha1': 0.23294522820526303, 'alpha2': 0.9425685478992705} - Exception: Traceback (most recent call last):
  File "/home/fra/Documents/university/recsys-challenge-2022/src/HyperparameterTuning/SearchAbstractClass.py", line 484, in _objective_function
    result_df, recommender_instance = self._evaluate_on_validation(
  File "/home/fra/Documents/university/recsys-challenge-2022/src/HyperparameterTuning/SearchAbstractClass.py", line 321, in _evaluate_on_validation
    recommender_instance, train_time = self._fit_model(
  File "/home/fra/Documents/university/recsys-challenge-2022/src/HyperparameterTuning/SearchAbstractClass.py", line 293, in _fit_model
    recommender_instance.fit(*self.recommender_input_args.FIT_POSITIONAL_ARGS,
  File "/tmp/ipykernel_18500/1361228625.py", line 31, in fit
    sum += alphas
TypeError: unsupported operand type(s) for +=: 'int' and 'list'

SearchBayesianSkopt: Config 14 Exception. Config: {'alpha1': 0.12635654590496762, 'alpha2': 0.9155442457523244} - Exception: Traceback (most recent call last):
  File "/home/fra/Documents/university/recsys-challenge-2022/src/HyperparameterTuning/SearchAbstractClass.py", line 484, in _objective_function
    result_df, recommender_instance = self._evaluate_on_validation(
  File "/home/fra/Documents/university/recsys-challenge-2022/src/HyperparameterTuning/SearchAbstractClass.py", line 321, in _evaluate_on_validation
    recommender_instance, train_time = self._fit_model(
  File "/home/fra/Documents/university/recsys-challenge-2022/src/HyperparameterTuning/SearchAbstractClass.py", line 293, in _fit_model
    recommender_instance.fit(*self.recommender_input_args.FIT_POSITIONAL_ARGS,
  File "/tmp/ipykernel_18500/1361228625.py", line 31, in fit
    sum += alphas
TypeError: unsupported operand type(s) for +=: 'int' and 'list'

SearchBayesianSkopt: Config 15 Exception. Config: {'alpha1': 0.7470925178703658, 'alpha2': 0.4156179143982919} - Exception: Traceback (most recent call last):
  File "/home/fra/Documents/university/recsys-challenge-2022/src/HyperparameterTuning/SearchAbstractClass.py", line 484, in _objective_function
    result_df, recommender_instance = self._evaluate_on_validation(
  File "/home/fra/Documents/university/recsys-challenge-2022/src/HyperparameterTuning/SearchAbstractClass.py", line 321, in _evaluate_on_validation
    recommender_instance, train_time = self._fit_model(
  File "/home/fra/Documents/university/recsys-challenge-2022/src/HyperparameterTuning/SearchAbstractClass.py", line 293, in _fit_model
    recommender_instance.fit(*self.recommender_input_args.FIT_POSITIONAL_ARGS,
  File "/tmp/ipykernel_18500/1361228625.py", line 31, in fit
    sum += alphas
TypeError: unsupported operand type(s) for +=: 'int' and 'list'

SearchBayesianSkopt: Config 16 Exception. Config: {'alpha1': 0.34120307717485926, 'alpha2': 0.9656553055300393} - Exception: Traceback (most recent call last):
  File "/home/fra/Documents/university/recsys-challenge-2022/src/HyperparameterTuning/SearchAbstractClass.py", line 484, in _objective_function
    result_df, recommender_instance = self._evaluate_on_validation(
  File "/home/fra/Documents/university/recsys-challenge-2022/src/HyperparameterTuning/SearchAbstractClass.py", line 321, in _evaluate_on_validation
    recommender_instance, train_time = self._fit_model(
  File "/home/fra/Documents/university/recsys-challenge-2022/src/HyperparameterTuning/SearchAbstractClass.py", line 293, in _fit_model
    recommender_instance.fit(*self.recommender_input_args.FIT_POSITIONAL_ARGS,
  File "/tmp/ipykernel_18500/1361228625.py", line 31, in fit
    sum += alphas
TypeError: unsupported operand type(s) for +=: 'int' and 'list'

SearchBayesianSkopt: Config 17 Exception. Config: {'alpha1': 0.010566396431134774, 'alpha2': 0.015657278958866042} - Exception: Traceback (most recent call last):
  File "/home/fra/Documents/university/recsys-challenge-2022/src/HyperparameterTuning/SearchAbstractClass.py", line 484, in _objective_function
    result_df, recommender_instance = self._evaluate_on_validation(
  File "/home/fra/Documents/university/recsys-challenge-2022/src/HyperparameterTuning/SearchAbstractClass.py", line 321, in _evaluate_on_validation
    recommender_instance, train_time = self._fit_model(
  File "/home/fra/Documents/university/recsys-challenge-2022/src/HyperparameterTuning/SearchAbstractClass.py", line 293, in _fit_model
    recommender_instance.fit(*self.recommender_input_args.FIT_POSITIONAL_ARGS,
  File "/tmp/ipykernel_18500/1361228625.py", line 31, in fit
    sum += alphas
TypeError: unsupported operand type(s) for +=: 'int' and 'list'

SearchBayesianSkopt: Config 18 Exception. Config: {'alpha1': 0.5439810090037787, 'alpha2': 0.9756651205348178} - Exception: Traceback (most recent call last):
  File "/home/fra/Documents/university/recsys-challenge-2022/src/HyperparameterTuning/SearchAbstractClass.py", line 484, in _objective_function
    result_df, recommender_instance = self._evaluate_on_validation(
  File "/home/fra/Documents/university/recsys-challenge-2022/src/HyperparameterTuning/SearchAbstractClass.py", line 321, in _evaluate_on_validation
    recommender_instance, train_time = self._fit_model(
  File "/home/fra/Documents/university/recsys-challenge-2022/src/HyperparameterTuning/SearchAbstractClass.py", line 293, in _fit_model
    recommender_instance.fit(*self.recommender_input_args.FIT_POSITIONAL_ARGS,
  File "/tmp/ipykernel_18500/1361228625.py", line 31, in fit
    sum += alphas
TypeError: unsupported operand type(s) for +=: 'int' and 'list'

SearchBayesianSkopt: Config 19 Exception. Config: {'alpha1': 0.38504106014215767, 'alpha2': 0.5869251945132615} - Exception: Traceback (most recent call last):
  File "/home/fra/Documents/university/recsys-challenge-2022/src/HyperparameterTuning/SearchAbstractClass.py", line 484, in _objective_function
    result_df, recommender_instance = self._evaluate_on_validation(
  File "/home/fra/Documents/university/recsys-challenge-2022/src/HyperparameterTuning/SearchAbstractClass.py", line 321, in _evaluate_on_validation
    recommender_instance, train_time = self._fit_model(
  File "/home/fra/Documents/university/recsys-challenge-2022/src/HyperparameterTuning/SearchAbstractClass.py", line 293, in _fit_model
    recommender_instance.fit(*self.recommender_input_args.FIT_POSITIONAL_ARGS,
  File "/tmp/ipykernel_18500/1361228625.py", line 31, in fit
    sum += alphas
TypeError: unsupported operand type(s) for +=: 'int' and 'list'

SearchBayesianSkopt: Config 20 Exception. Config: {'alpha1': 0.22380914195459195, 'alpha2': 0.7814292080996932} - Exception: Traceback (most recent call last):
  File "/home/fra/Documents/university/recsys-challenge-2022/src/HyperparameterTuning/SearchAbstractClass.py", line 484, in _objective_function
    result_df, recommender_instance = self._evaluate_on_validation(
  File "/home/fra/Documents/university/recsys-challenge-2022/src/HyperparameterTuning/SearchAbstractClass.py", line 321, in _evaluate_on_validation
    recommender_instance, train_time = self._fit_model(
  File "/home/fra/Documents/university/recsys-challenge-2022/src/HyperparameterTuning/SearchAbstractClass.py", line 293, in _fit_model
    recommender_instance.fit(*self.recommender_input_args.FIT_POSITIONAL_ARGS,
  File "/tmp/ipykernel_18500/1361228625.py", line 31, in fit
    sum += alphas
TypeError: unsupported operand type(s) for +=: 'int' and 'list'

SearchBayesianSkopt: Config 21 Exception. Config: {'alpha1': 0.24920212738590636, 'alpha2': 0.12906491125765565} - Exception: Traceback (most recent call last):
  File "/home/fra/Documents/university/recsys-challenge-2022/src/HyperparameterTuning/SearchAbstractClass.py", line 484, in _objective_function
    result_df, recommender_instance = self._evaluate_on_validation(
  File "/home/fra/Documents/university/recsys-challenge-2022/src/HyperparameterTuning/SearchAbstractClass.py", line 321, in _evaluate_on_validation
    recommender_instance, train_time = self._fit_model(
  File "/home/fra/Documents/university/recsys-challenge-2022/src/HyperparameterTuning/SearchAbstractClass.py", line 293, in _fit_model
    recommender_instance.fit(*self.recommender_input_args.FIT_POSITIONAL_ARGS,
  File "/tmp/ipykernel_18500/1361228625.py", line 31, in fit
    sum += alphas
TypeError: unsupported operand type(s) for +=: 'int' and 'list'

SearchBayesianSkopt: Config 22 Exception. Config: {'alpha1': 0.702890806263269, 'alpha2': 0.863995660716332} - Exception: Traceback (most recent call last):
  File "/home/fra/Documents/university/recsys-challenge-2022/src/HyperparameterTuning/SearchAbstractClass.py", line 484, in _objective_function
    result_df, recommender_instance = self._evaluate_on_validation(
  File "/home/fra/Documents/university/recsys-challenge-2022/src/HyperparameterTuning/SearchAbstractClass.py", line 321, in _evaluate_on_validation
    recommender_instance, train_time = self._fit_model(
  File "/home/fra/Documents/university/recsys-challenge-2022/src/HyperparameterTuning/SearchAbstractClass.py", line 293, in _fit_model
    recommender_instance.fit(*self.recommender_input_args.FIT_POSITIONAL_ARGS,
  File "/tmp/ipykernel_18500/1361228625.py", line 31, in fit
    sum += alphas
TypeError: unsupported operand type(s) for +=: 'int' and 'list'

SearchBayesianSkopt: Config 23 Exception. Config: {'alpha1': 0.9938927610261227, 'alpha2': 0.07422415547509421} - Exception: Traceback (most recent call last):
  File "/home/fra/Documents/university/recsys-challenge-2022/src/HyperparameterTuning/SearchAbstractClass.py", line 484, in _objective_function
    result_df, recommender_instance = self._evaluate_on_validation(
  File "/home/fra/Documents/university/recsys-challenge-2022/src/HyperparameterTuning/SearchAbstractClass.py", line 321, in _evaluate_on_validation
    recommender_instance, train_time = self._fit_model(
  File "/home/fra/Documents/university/recsys-challenge-2022/src/HyperparameterTuning/SearchAbstractClass.py", line 293, in _fit_model
    recommender_instance.fit(*self.recommender_input_args.FIT_POSITIONAL_ARGS,
  File "/tmp/ipykernel_18500/1361228625.py", line 31, in fit
    sum += alphas
TypeError: unsupported operand type(s) for +=: 'int' and 'list'

SearchBayesianSkopt: Config 24 Exception. Config: {'alpha1': 0.09544291868796231, 'alpha2': 0.43343014666362034} - Exception: Traceback (most recent call last):
  File "/home/fra/Documents/university/recsys-challenge-2022/src/HyperparameterTuning/SearchAbstractClass.py", line 484, in _objective_function
    result_df, recommender_instance = self._evaluate_on_validation(
  File "/home/fra/Documents/university/recsys-challenge-2022/src/HyperparameterTuning/SearchAbstractClass.py", line 321, in _evaluate_on_validation
    recommender_instance, train_time = self._fit_model(
  File "/home/fra/Documents/university/recsys-challenge-2022/src/HyperparameterTuning/SearchAbstractClass.py", line 293, in _fit_model
    recommender_instance.fit(*self.recommender_input_args.FIT_POSITIONAL_ARGS,
  File "/tmp/ipykernel_18500/1361228625.py", line 31, in fit
    sum += alphas
TypeError: unsupported operand type(s) for +=: 'int' and 'list'

SearchBayesianSkopt: Config 25 Exception. Config: {'alpha1': 0.5213181674273819, 'alpha2': 0.1570789014823432} - Exception: Traceback (most recent call last):
  File "/home/fra/Documents/university/recsys-challenge-2022/src/HyperparameterTuning/SearchAbstractClass.py", line 484, in _objective_function
    result_df, recommender_instance = self._evaluate_on_validation(
  File "/home/fra/Documents/university/recsys-challenge-2022/src/HyperparameterTuning/SearchAbstractClass.py", line 321, in _evaluate_on_validation
    recommender_instance, train_time = self._fit_model(
  File "/home/fra/Documents/university/recsys-challenge-2022/src/HyperparameterTuning/SearchAbstractClass.py", line 293, in _fit_model
    recommender_instance.fit(*self.recommender_input_args.FIT_POSITIONAL_ARGS,
  File "/tmp/ipykernel_18500/1361228625.py", line 31, in fit
    sum += alphas
TypeError: unsupported operand type(s) for +=: 'int' and 'list'

SearchBayesianSkopt: Config 26 Exception. Config: {'alpha1': 0.38729695322616275, 'alpha2': 0.42145174513542605} - Exception: Traceback (most recent call last):
  File "/home/fra/Documents/university/recsys-challenge-2022/src/HyperparameterTuning/SearchAbstractClass.py", line 484, in _objective_function
    result_df, recommender_instance = self._evaluate_on_validation(
  File "/home/fra/Documents/university/recsys-challenge-2022/src/HyperparameterTuning/SearchAbstractClass.py", line 321, in _evaluate_on_validation
    recommender_instance, train_time = self._fit_model(
  File "/home/fra/Documents/university/recsys-challenge-2022/src/HyperparameterTuning/SearchAbstractClass.py", line 293, in _fit_model
    recommender_instance.fit(*self.recommender_input_args.FIT_POSITIONAL_ARGS,
  File "/tmp/ipykernel_18500/1361228625.py", line 31, in fit
    sum += alphas
TypeError: unsupported operand type(s) for +=: 'int' and 'list'

SearchBayesianSkopt: Config 27 Exception. Config: {'alpha1': 0.25134552599438015, 'alpha2': 0.02293609535745134} - Exception: Traceback (most recent call last):
  File "/home/fra/Documents/university/recsys-challenge-2022/src/HyperparameterTuning/SearchAbstractClass.py", line 484, in _objective_function
    result_df, recommender_instance = self._evaluate_on_validation(
  File "/home/fra/Documents/university/recsys-challenge-2022/src/HyperparameterTuning/SearchAbstractClass.py", line 321, in _evaluate_on_validation
    recommender_instance, train_time = self._fit_model(
  File "/home/fra/Documents/university/recsys-challenge-2022/src/HyperparameterTuning/SearchAbstractClass.py", line 293, in _fit_model
    recommender_instance.fit(*self.recommender_input_args.FIT_POSITIONAL_ARGS,
  File "/tmp/ipykernel_18500/1361228625.py", line 31, in fit
    sum += alphas
TypeError: unsupported operand type(s) for +=: 'int' and 'list'

SearchBayesianSkopt: Config 28 Exception. Config: {'alpha1': 0.20642367064842898, 'alpha2': 0.07472298889266883} - Exception: Traceback (most recent call last):
  File "/home/fra/Documents/university/recsys-challenge-2022/src/HyperparameterTuning/SearchAbstractClass.py", line 484, in _objective_function
    result_df, recommender_instance = self._evaluate_on_validation(
  File "/home/fra/Documents/university/recsys-challenge-2022/src/HyperparameterTuning/SearchAbstractClass.py", line 321, in _evaluate_on_validation
    recommender_instance, train_time = self._fit_model(
  File "/home/fra/Documents/university/recsys-challenge-2022/src/HyperparameterTuning/SearchAbstractClass.py", line 293, in _fit_model
    recommender_instance.fit(*self.recommender_input_args.FIT_POSITIONAL_ARGS,
  File "/tmp/ipykernel_18500/1361228625.py", line 31, in fit
    sum += alphas
TypeError: unsupported operand type(s) for +=: 'int' and 'list'

SearchBayesianSkopt: Config 29 Exception. Config: {'alpha1': 0.18823264251080812, 'alpha2': 0.9604904523694412} - Exception: Traceback (most recent call last):
  File "/home/fra/Documents/university/recsys-challenge-2022/src/HyperparameterTuning/SearchAbstractClass.py", line 484, in _objective_function
    result_df, recommender_instance = self._evaluate_on_validation(
  File "/home/fra/Documents/university/recsys-challenge-2022/src/HyperparameterTuning/SearchAbstractClass.py", line 321, in _evaluate_on_validation
    recommender_instance, train_time = self._fit_model(
  File "/home/fra/Documents/university/recsys-challenge-2022/src/HyperparameterTuning/SearchAbstractClass.py", line 293, in _fit_model
    recommender_instance.fit(*self.recommender_input_args.FIT_POSITIONAL_ARGS,
  File "/tmp/ipykernel_18500/1361228625.py", line 31, in fit
    sum += alphas
TypeError: unsupported operand type(s) for +=: 'int' and 'list'

SearchBayesianSkopt: Search interrupted. No valid config was found during the initial random initialization
SearchBayesianSkopt: Config 0 Exception. Config: {'alpha1': 0.9228615641356723, 'alpha2': 0.23440454629927338} - Exception: Traceback (most recent call last):
  File "/home/fra/Documents/university/recsys-challenge-2022/src/HyperparameterTuning/SearchAbstractClass.py", line 484, in _objective_function
    result_df, recommender_instance = self._evaluate_on_validation(
  File "/home/fra/Documents/university/recsys-challenge-2022/src/HyperparameterTuning/SearchAbstractClass.py", line 321, in _evaluate_on_validation
    recommender_instance, train_time = self._fit_model(
  File "/home/fra/Documents/university/recsys-challenge-2022/src/HyperparameterTuning/SearchAbstractClass.py", line 293, in _fit_model
    recommender_instance.fit(*self.recommender_input_args.FIT_POSITIONAL_ARGS,
  File "/tmp/ipykernel_18500/2443029803.py", line 34, in fit
    for i in range(len(self.alphas)):
AttributeError: 'CustomHybridRecommender' object has no attribute 'alphas'

SearchBayesianSkopt: Config 1 Exception. Config: {'alpha1': 0.19165364617449582, 'alpha2': 0.5399051288840471} - Exception: Traceback (most recent call last):
  File "/home/fra/Documents/university/recsys-challenge-2022/src/HyperparameterTuning/SearchAbstractClass.py", line 484, in _objective_function
    result_df, recommender_instance = self._evaluate_on_validation(
  File "/home/fra/Documents/university/recsys-challenge-2022/src/HyperparameterTuning/SearchAbstractClass.py", line 321, in _evaluate_on_validation
    recommender_instance, train_time = self._fit_model(
  File "/home/fra/Documents/university/recsys-challenge-2022/src/HyperparameterTuning/SearchAbstractClass.py", line 293, in _fit_model
    recommender_instance.fit(*self.recommender_input_args.FIT_POSITIONAL_ARGS,
  File "/tmp/ipykernel_18500/2443029803.py", line 34, in fit
    for i in range(len(self.alphas)):
AttributeError: 'CustomHybridRecommender' object has no attribute 'alphas'

SearchBayesianSkopt: Config 2 Exception. Config: {'alpha1': 0.5234828442180999, 'alpha2': 0.6713037515616572} - Exception: Traceback (most recent call last):
  File "/home/fra/Documents/university/recsys-challenge-2022/src/HyperparameterTuning/SearchAbstractClass.py", line 484, in _objective_function
    result_df, recommender_instance = self._evaluate_on_validation(
  File "/home/fra/Documents/university/recsys-challenge-2022/src/HyperparameterTuning/SearchAbstractClass.py", line 321, in _evaluate_on_validation
    recommender_instance, train_time = self._fit_model(
  File "/home/fra/Documents/university/recsys-challenge-2022/src/HyperparameterTuning/SearchAbstractClass.py", line 293, in _fit_model
    recommender_instance.fit(*self.recommender_input_args.FIT_POSITIONAL_ARGS,
  File "/tmp/ipykernel_18500/2443029803.py", line 34, in fit
    for i in range(len(self.alphas)):
AttributeError: 'CustomHybridRecommender' object has no attribute 'alphas'

SearchBayesianSkopt: Config 3 Exception. Config: {'alpha1': 0.05670021644998126, 'alpha2': 0.09462368724791928} - Exception: Traceback (most recent call last):
  File "/home/fra/Documents/university/recsys-challenge-2022/src/HyperparameterTuning/SearchAbstractClass.py", line 484, in _objective_function
    result_df, recommender_instance = self._evaluate_on_validation(
  File "/home/fra/Documents/university/recsys-challenge-2022/src/HyperparameterTuning/SearchAbstractClass.py", line 321, in _evaluate_on_validation
    recommender_instance, train_time = self._fit_model(
  File "/home/fra/Documents/university/recsys-challenge-2022/src/HyperparameterTuning/SearchAbstractClass.py", line 293, in _fit_model
    recommender_instance.fit(*self.recommender_input_args.FIT_POSITIONAL_ARGS,
  File "/tmp/ipykernel_18500/2443029803.py", line 34, in fit
    for i in range(len(self.alphas)):
AttributeError: 'CustomHybridRecommender' object has no attribute 'alphas'

SearchBayesianSkopt: Config 4 Exception. Config: {'alpha1': 0.7729236774055006, 'alpha2': 0.6352217342950736} - Exception: Traceback (most recent call last):
  File "/home/fra/Documents/university/recsys-challenge-2022/src/HyperparameterTuning/SearchAbstractClass.py", line 484, in _objective_function
    result_df, recommender_instance = self._evaluate_on_validation(
  File "/home/fra/Documents/university/recsys-challenge-2022/src/HyperparameterTuning/SearchAbstractClass.py", line 321, in _evaluate_on_validation
    recommender_instance, train_time = self._fit_model(
  File "/home/fra/Documents/university/recsys-challenge-2022/src/HyperparameterTuning/SearchAbstractClass.py", line 293, in _fit_model
    recommender_instance.fit(*self.recommender_input_args.FIT_POSITIONAL_ARGS,
  File "/tmp/ipykernel_18500/2443029803.py", line 34, in fit
    for i in range(len(self.alphas)):
AttributeError: 'CustomHybridRecommender' object has no attribute 'alphas'

SearchBayesianSkopt: Config 5 Exception. Config: {'alpha1': 0.37921452914115483, 'alpha2': 0.5589532042506717} - Exception: Traceback (most recent call last):
  File "/home/fra/Documents/university/recsys-challenge-2022/src/HyperparameterTuning/SearchAbstractClass.py", line 484, in _objective_function
    result_df, recommender_instance = self._evaluate_on_validation(
  File "/home/fra/Documents/university/recsys-challenge-2022/src/HyperparameterTuning/SearchAbstractClass.py", line 321, in _evaluate_on_validation
    recommender_instance, train_time = self._fit_model(
  File "/home/fra/Documents/university/recsys-challenge-2022/src/HyperparameterTuning/SearchAbstractClass.py", line 293, in _fit_model
    recommender_instance.fit(*self.recommender_input_args.FIT_POSITIONAL_ARGS,
  File "/tmp/ipykernel_18500/2443029803.py", line 34, in fit
    for i in range(len(self.alphas)):
AttributeError: 'CustomHybridRecommender' object has no attribute 'alphas'

SearchBayesianSkopt: Config 6 Exception. Config: {'alpha1': 0.3068296275979468, 'alpha2': 0.86086179053709} - Exception: Traceback (most recent call last):
  File "/home/fra/Documents/university/recsys-challenge-2022/src/HyperparameterTuning/SearchAbstractClass.py", line 484, in _objective_function
    result_df, recommender_instance = self._evaluate_on_validation(
  File "/home/fra/Documents/university/recsys-challenge-2022/src/HyperparameterTuning/SearchAbstractClass.py", line 321, in _evaluate_on_validation
    recommender_instance, train_time = self._fit_model(
  File "/home/fra/Documents/university/recsys-challenge-2022/src/HyperparameterTuning/SearchAbstractClass.py", line 293, in _fit_model
    recommender_instance.fit(*self.recommender_input_args.FIT_POSITIONAL_ARGS,
  File "/tmp/ipykernel_18500/2443029803.py", line 34, in fit
    for i in range(len(self.alphas)):
AttributeError: 'CustomHybridRecommender' object has no attribute 'alphas'

SearchBayesianSkopt: Config 7 Exception. Config: {'alpha1': 0.08606552306092109, 'alpha2': 0.0874467340846188} - Exception: Traceback (most recent call last):
  File "/home/fra/Documents/university/recsys-challenge-2022/src/HyperparameterTuning/SearchAbstractClass.py", line 484, in _objective_function
    result_df, recommender_instance = self._evaluate_on_validation(
  File "/home/fra/Documents/university/recsys-challenge-2022/src/HyperparameterTuning/SearchAbstractClass.py", line 321, in _evaluate_on_validation
    recommender_instance, train_time = self._fit_model(
  File "/home/fra/Documents/university/recsys-challenge-2022/src/HyperparameterTuning/SearchAbstractClass.py", line 293, in _fit_model
    recommender_instance.fit(*self.recommender_input_args.FIT_POSITIONAL_ARGS,
  File "/tmp/ipykernel_18500/2443029803.py", line 34, in fit
    for i in range(len(self.alphas)):
AttributeError: 'CustomHybridRecommender' object has no attribute 'alphas'

SearchBayesianSkopt: Config 8 Exception. Config: {'alpha1': 0.03618249115999928, 'alpha2': 0.6628846548863839} - Exception: Traceback (most recent call last):
  File "/home/fra/Documents/university/recsys-challenge-2022/src/HyperparameterTuning/SearchAbstractClass.py", line 484, in _objective_function
    result_df, recommender_instance = self._evaluate_on_validation(
  File "/home/fra/Documents/university/recsys-challenge-2022/src/HyperparameterTuning/SearchAbstractClass.py", line 321, in _evaluate_on_validation
    recommender_instance, train_time = self._fit_model(
  File "/home/fra/Documents/university/recsys-challenge-2022/src/HyperparameterTuning/SearchAbstractClass.py", line 293, in _fit_model
    recommender_instance.fit(*self.recommender_input_args.FIT_POSITIONAL_ARGS,
  File "/tmp/ipykernel_18500/2443029803.py", line 34, in fit
    for i in range(len(self.alphas)):
AttributeError: 'CustomHybridRecommender' object has no attribute 'alphas'

SearchBayesianSkopt: Config 9 Exception. Config: {'alpha1': 0.2569578994525901, 'alpha2': 0.11968469170128362} - Exception: Traceback (most recent call last):
  File "/home/fra/Documents/university/recsys-challenge-2022/src/HyperparameterTuning/SearchAbstractClass.py", line 484, in _objective_function
    result_df, recommender_instance = self._evaluate_on_validation(
  File "/home/fra/Documents/university/recsys-challenge-2022/src/HyperparameterTuning/SearchAbstractClass.py", line 321, in _evaluate_on_validation
    recommender_instance, train_time = self._fit_model(
  File "/home/fra/Documents/university/recsys-challenge-2022/src/HyperparameterTuning/SearchAbstractClass.py", line 293, in _fit_model
    recommender_instance.fit(*self.recommender_input_args.FIT_POSITIONAL_ARGS,
  File "/tmp/ipykernel_18500/2443029803.py", line 34, in fit
    for i in range(len(self.alphas)):
AttributeError: 'CustomHybridRecommender' object has no attribute 'alphas'

SearchBayesianSkopt: Config 10 Exception. Config: {'alpha1': 0.06582517072495132, 'alpha2': 0.482943767668249} - Exception: Traceback (most recent call last):
  File "/home/fra/Documents/university/recsys-challenge-2022/src/HyperparameterTuning/SearchAbstractClass.py", line 484, in _objective_function
    result_df, recommender_instance = self._evaluate_on_validation(
  File "/home/fra/Documents/university/recsys-challenge-2022/src/HyperparameterTuning/SearchAbstractClass.py", line 321, in _evaluate_on_validation
    recommender_instance, train_time = self._fit_model(
  File "/home/fra/Documents/university/recsys-challenge-2022/src/HyperparameterTuning/SearchAbstractClass.py", line 293, in _fit_model
    recommender_instance.fit(*self.recommender_input_args.FIT_POSITIONAL_ARGS,
  File "/tmp/ipykernel_18500/2443029803.py", line 34, in fit
    for i in range(len(self.alphas)):
AttributeError: 'CustomHybridRecommender' object has no attribute 'alphas'

SearchBayesianSkopt: Config 11 Exception. Config: {'alpha1': 0.2692368626482507, 'alpha2': 0.6897246279360639} - Exception: Traceback (most recent call last):
  File "/home/fra/Documents/university/recsys-challenge-2022/src/HyperparameterTuning/SearchAbstractClass.py", line 484, in _objective_function
    result_df, recommender_instance = self._evaluate_on_validation(
  File "/home/fra/Documents/university/recsys-challenge-2022/src/HyperparameterTuning/SearchAbstractClass.py", line 321, in _evaluate_on_validation
    recommender_instance, train_time = self._fit_model(
  File "/home/fra/Documents/university/recsys-challenge-2022/src/HyperparameterTuning/SearchAbstractClass.py", line 293, in _fit_model
    recommender_instance.fit(*self.recommender_input_args.FIT_POSITIONAL_ARGS,
  File "/tmp/ipykernel_18500/2443029803.py", line 34, in fit
    for i in range(len(self.alphas)):
AttributeError: 'CustomHybridRecommender' object has no attribute 'alphas'

SearchBayesianSkopt: Config 12 Exception. Config: {'alpha1': 0.8661923982945273, 'alpha2': 0.04374755355119032} - Exception: Traceback (most recent call last):
  File "/home/fra/Documents/university/recsys-challenge-2022/src/HyperparameterTuning/SearchAbstractClass.py", line 484, in _objective_function
    result_df, recommender_instance = self._evaluate_on_validation(
  File "/home/fra/Documents/university/recsys-challenge-2022/src/HyperparameterTuning/SearchAbstractClass.py", line 321, in _evaluate_on_validation
    recommender_instance, train_time = self._fit_model(
  File "/home/fra/Documents/university/recsys-challenge-2022/src/HyperparameterTuning/SearchAbstractClass.py", line 293, in _fit_model
    recommender_instance.fit(*self.recommender_input_args.FIT_POSITIONAL_ARGS,
  File "/tmp/ipykernel_18500/2443029803.py", line 34, in fit
    for i in range(len(self.alphas)):
AttributeError: 'CustomHybridRecommender' object has no attribute 'alphas'

SearchBayesianSkopt: Config 13 Exception. Config: {'alpha1': 0.8818349304753222, 'alpha2': 0.7471337615997524} - Exception: Traceback (most recent call last):
  File "/home/fra/Documents/university/recsys-challenge-2022/src/HyperparameterTuning/SearchAbstractClass.py", line 484, in _objective_function
    result_df, recommender_instance = self._evaluate_on_validation(
  File "/home/fra/Documents/university/recsys-challenge-2022/src/HyperparameterTuning/SearchAbstractClass.py", line 321, in _evaluate_on_validation
    recommender_instance, train_time = self._fit_model(
  File "/home/fra/Documents/university/recsys-challenge-2022/src/HyperparameterTuning/SearchAbstractClass.py", line 293, in _fit_model
    recommender_instance.fit(*self.recommender_input_args.FIT_POSITIONAL_ARGS,
  File "/tmp/ipykernel_18500/2443029803.py", line 34, in fit
    for i in range(len(self.alphas)):
AttributeError: 'CustomHybridRecommender' object has no attribute 'alphas'

SearchBayesianSkopt: Config 14 Exception. Config: {'alpha1': 0.9029707196351546, 'alpha2': 0.24888588297746567} - Exception: Traceback (most recent call last):
  File "/home/fra/Documents/university/recsys-challenge-2022/src/HyperparameterTuning/SearchAbstractClass.py", line 484, in _objective_function
    result_df, recommender_instance = self._evaluate_on_validation(
  File "/home/fra/Documents/university/recsys-challenge-2022/src/HyperparameterTuning/SearchAbstractClass.py", line 321, in _evaluate_on_validation
    recommender_instance, train_time = self._fit_model(
  File "/home/fra/Documents/university/recsys-challenge-2022/src/HyperparameterTuning/SearchAbstractClass.py", line 293, in _fit_model
    recommender_instance.fit(*self.recommender_input_args.FIT_POSITIONAL_ARGS,
  File "/tmp/ipykernel_18500/2443029803.py", line 34, in fit
    for i in range(len(self.alphas)):
AttributeError: 'CustomHybridRecommender' object has no attribute 'alphas'

SearchBayesianSkopt: Config 15 Exception. Config: {'alpha1': 0.5075676705118857, 'alpha2': 0.19829755593885995} - Exception: Traceback (most recent call last):
  File "/home/fra/Documents/university/recsys-challenge-2022/src/HyperparameterTuning/SearchAbstractClass.py", line 484, in _objective_function
    result_df, recommender_instance = self._evaluate_on_validation(
  File "/home/fra/Documents/university/recsys-challenge-2022/src/HyperparameterTuning/SearchAbstractClass.py", line 321, in _evaluate_on_validation
    recommender_instance, train_time = self._fit_model(
  File "/home/fra/Documents/university/recsys-challenge-2022/src/HyperparameterTuning/SearchAbstractClass.py", line 293, in _fit_model
    recommender_instance.fit(*self.recommender_input_args.FIT_POSITIONAL_ARGS,
  File "/tmp/ipykernel_18500/2443029803.py", line 34, in fit
    for i in range(len(self.alphas)):
AttributeError: 'CustomHybridRecommender' object has no attribute 'alphas'

SearchBayesianSkopt: Config 16 Exception. Config: {'alpha1': 0.6248113240193816, 'alpha2': 0.4671357357518525} - Exception: Traceback (most recent call last):
  File "/home/fra/Documents/university/recsys-challenge-2022/src/HyperparameterTuning/SearchAbstractClass.py", line 484, in _objective_function
    result_df, recommender_instance = self._evaluate_on_validation(
  File "/home/fra/Documents/university/recsys-challenge-2022/src/HyperparameterTuning/SearchAbstractClass.py", line 321, in _evaluate_on_validation
    recommender_instance, train_time = self._fit_model(
  File "/home/fra/Documents/university/recsys-challenge-2022/src/HyperparameterTuning/SearchAbstractClass.py", line 293, in _fit_model
    recommender_instance.fit(*self.recommender_input_args.FIT_POSITIONAL_ARGS,
  File "/tmp/ipykernel_18500/2443029803.py", line 34, in fit
    for i in range(len(self.alphas)):
AttributeError: 'CustomHybridRecommender' object has no attribute 'alphas'

SearchBayesianSkopt: Config 17 Exception. Config: {'alpha1': 0.91571275413207, 'alpha2': 0.39897887368481355} - Exception: Traceback (most recent call last):
  File "/home/fra/Documents/university/recsys-challenge-2022/src/HyperparameterTuning/SearchAbstractClass.py", line 484, in _objective_function
    result_df, recommender_instance = self._evaluate_on_validation(
  File "/home/fra/Documents/university/recsys-challenge-2022/src/HyperparameterTuning/SearchAbstractClass.py", line 321, in _evaluate_on_validation
    recommender_instance, train_time = self._fit_model(
  File "/home/fra/Documents/university/recsys-challenge-2022/src/HyperparameterTuning/SearchAbstractClass.py", line 293, in _fit_model
    recommender_instance.fit(*self.recommender_input_args.FIT_POSITIONAL_ARGS,
  File "/tmp/ipykernel_18500/2443029803.py", line 34, in fit
    for i in range(len(self.alphas)):
AttributeError: 'CustomHybridRecommender' object has no attribute 'alphas'

SearchBayesianSkopt: Config 18 Exception. Config: {'alpha1': 0.8792976846973606, 'alpha2': 0.6538894582665351} - Exception: Traceback (most recent call last):
  File "/home/fra/Documents/university/recsys-challenge-2022/src/HyperparameterTuning/SearchAbstractClass.py", line 484, in _objective_function
    result_df, recommender_instance = self._evaluate_on_validation(
  File "/home/fra/Documents/university/recsys-challenge-2022/src/HyperparameterTuning/SearchAbstractClass.py", line 321, in _evaluate_on_validation
    recommender_instance, train_time = self._fit_model(
  File "/home/fra/Documents/university/recsys-challenge-2022/src/HyperparameterTuning/SearchAbstractClass.py", line 293, in _fit_model
    recommender_instance.fit(*self.recommender_input_args.FIT_POSITIONAL_ARGS,
  File "/tmp/ipykernel_18500/2443029803.py", line 34, in fit
    for i in range(len(self.alphas)):
AttributeError: 'CustomHybridRecommender' object has no attribute 'alphas'

SearchBayesianSkopt: Config 19 Exception. Config: {'alpha1': 0.1615786770078166, 'alpha2': 0.07353362193450198} - Exception: Traceback (most recent call last):
  File "/home/fra/Documents/university/recsys-challenge-2022/src/HyperparameterTuning/SearchAbstractClass.py", line 484, in _objective_function
    result_df, recommender_instance = self._evaluate_on_validation(
  File "/home/fra/Documents/university/recsys-challenge-2022/src/HyperparameterTuning/SearchAbstractClass.py", line 321, in _evaluate_on_validation
    recommender_instance, train_time = self._fit_model(
  File "/home/fra/Documents/university/recsys-challenge-2022/src/HyperparameterTuning/SearchAbstractClass.py", line 293, in _fit_model
    recommender_instance.fit(*self.recommender_input_args.FIT_POSITIONAL_ARGS,
  File "/tmp/ipykernel_18500/2443029803.py", line 34, in fit
    for i in range(len(self.alphas)):
AttributeError: 'CustomHybridRecommender' object has no attribute 'alphas'

SearchBayesianSkopt: Config 20 Exception. Config: {'alpha1': 0.12435412641267332, 'alpha2': 0.44954157111158677} - Exception: Traceback (most recent call last):
  File "/home/fra/Documents/university/recsys-challenge-2022/src/HyperparameterTuning/SearchAbstractClass.py", line 484, in _objective_function
    result_df, recommender_instance = self._evaluate_on_validation(
  File "/home/fra/Documents/university/recsys-challenge-2022/src/HyperparameterTuning/SearchAbstractClass.py", line 321, in _evaluate_on_validation
    recommender_instance, train_time = self._fit_model(
  File "/home/fra/Documents/university/recsys-challenge-2022/src/HyperparameterTuning/SearchAbstractClass.py", line 293, in _fit_model
    recommender_instance.fit(*self.recommender_input_args.FIT_POSITIONAL_ARGS,
  File "/tmp/ipykernel_18500/2443029803.py", line 34, in fit
    for i in range(len(self.alphas)):
AttributeError: 'CustomHybridRecommender' object has no attribute 'alphas'

SearchBayesianSkopt: Config 21 Exception. Config: {'alpha1': 0.9581096063002216, 'alpha2': 0.9522555869583585} - Exception: Traceback (most recent call last):
  File "/home/fra/Documents/university/recsys-challenge-2022/src/HyperparameterTuning/SearchAbstractClass.py", line 484, in _objective_function
    result_df, recommender_instance = self._evaluate_on_validation(
  File "/home/fra/Documents/university/recsys-challenge-2022/src/HyperparameterTuning/SearchAbstractClass.py", line 321, in _evaluate_on_validation
    recommender_instance, train_time = self._fit_model(
  File "/home/fra/Documents/university/recsys-challenge-2022/src/HyperparameterTuning/SearchAbstractClass.py", line 293, in _fit_model
    recommender_instance.fit(*self.recommender_input_args.FIT_POSITIONAL_ARGS,
  File "/tmp/ipykernel_18500/2443029803.py", line 34, in fit
    for i in range(len(self.alphas)):
AttributeError: 'CustomHybridRecommender' object has no attribute 'alphas'

SearchBayesianSkopt: Config 22 Exception. Config: {'alpha1': 0.1577462471939546, 'alpha2': 0.6505758083358805} - Exception: Traceback (most recent call last):
  File "/home/fra/Documents/university/recsys-challenge-2022/src/HyperparameterTuning/SearchAbstractClass.py", line 484, in _objective_function
    result_df, recommender_instance = self._evaluate_on_validation(
  File "/home/fra/Documents/university/recsys-challenge-2022/src/HyperparameterTuning/SearchAbstractClass.py", line 321, in _evaluate_on_validation
    recommender_instance, train_time = self._fit_model(
  File "/home/fra/Documents/university/recsys-challenge-2022/src/HyperparameterTuning/SearchAbstractClass.py", line 293, in _fit_model
    recommender_instance.fit(*self.recommender_input_args.FIT_POSITIONAL_ARGS,
  File "/tmp/ipykernel_18500/2443029803.py", line 34, in fit
    for i in range(len(self.alphas)):
AttributeError: 'CustomHybridRecommender' object has no attribute 'alphas'

SearchBayesianSkopt: Config 23 Exception. Config: {'alpha1': 0.9392584032839579, 'alpha2': 0.1695689196861843} - Exception: Traceback (most recent call last):
  File "/home/fra/Documents/university/recsys-challenge-2022/src/HyperparameterTuning/SearchAbstractClass.py", line 484, in _objective_function
    result_df, recommender_instance = self._evaluate_on_validation(
  File "/home/fra/Documents/university/recsys-challenge-2022/src/HyperparameterTuning/SearchAbstractClass.py", line 321, in _evaluate_on_validation
    recommender_instance, train_time = self._fit_model(
  File "/home/fra/Documents/university/recsys-challenge-2022/src/HyperparameterTuning/SearchAbstractClass.py", line 293, in _fit_model
    recommender_instance.fit(*self.recommender_input_args.FIT_POSITIONAL_ARGS,
  File "/tmp/ipykernel_18500/2443029803.py", line 34, in fit
    for i in range(len(self.alphas)):
AttributeError: 'CustomHybridRecommender' object has no attribute 'alphas'

SearchBayesianSkopt: Config 24 Exception. Config: {'alpha1': 0.2596530219209487, 'alpha2': 0.665813975358123} - Exception: Traceback (most recent call last):
  File "/home/fra/Documents/university/recsys-challenge-2022/src/HyperparameterTuning/SearchAbstractClass.py", line 484, in _objective_function
    result_df, recommender_instance = self._evaluate_on_validation(
  File "/home/fra/Documents/university/recsys-challenge-2022/src/HyperparameterTuning/SearchAbstractClass.py", line 321, in _evaluate_on_validation
    recommender_instance, train_time = self._fit_model(
  File "/home/fra/Documents/university/recsys-challenge-2022/src/HyperparameterTuning/SearchAbstractClass.py", line 293, in _fit_model
    recommender_instance.fit(*self.recommender_input_args.FIT_POSITIONAL_ARGS,
  File "/tmp/ipykernel_18500/2443029803.py", line 34, in fit
    for i in range(len(self.alphas)):
AttributeError: 'CustomHybridRecommender' object has no attribute 'alphas'

SearchBayesianSkopt: Config 25 Exception. Config: {'alpha1': 0.48350743652408146, 'alpha2': 0.7350673274657863} - Exception: Traceback (most recent call last):
  File "/home/fra/Documents/university/recsys-challenge-2022/src/HyperparameterTuning/SearchAbstractClass.py", line 484, in _objective_function
    result_df, recommender_instance = self._evaluate_on_validation(
  File "/home/fra/Documents/university/recsys-challenge-2022/src/HyperparameterTuning/SearchAbstractClass.py", line 321, in _evaluate_on_validation
    recommender_instance, train_time = self._fit_model(
  File "/home/fra/Documents/university/recsys-challenge-2022/src/HyperparameterTuning/SearchAbstractClass.py", line 293, in _fit_model
    recommender_instance.fit(*self.recommender_input_args.FIT_POSITIONAL_ARGS,
  File "/tmp/ipykernel_18500/2443029803.py", line 34, in fit
    for i in range(len(self.alphas)):
AttributeError: 'CustomHybridRecommender' object has no attribute 'alphas'

SearchBayesianSkopt: Config 26 Exception. Config: {'alpha1': 0.9947893649826238, 'alpha2': 0.7063819181113448} - Exception: Traceback (most recent call last):
  File "/home/fra/Documents/university/recsys-challenge-2022/src/HyperparameterTuning/SearchAbstractClass.py", line 484, in _objective_function
    result_df, recommender_instance = self._evaluate_on_validation(
  File "/home/fra/Documents/university/recsys-challenge-2022/src/HyperparameterTuning/SearchAbstractClass.py", line 321, in _evaluate_on_validation
    recommender_instance, train_time = self._fit_model(
  File "/home/fra/Documents/university/recsys-challenge-2022/src/HyperparameterTuning/SearchAbstractClass.py", line 293, in _fit_model
    recommender_instance.fit(*self.recommender_input_args.FIT_POSITIONAL_ARGS,
  File "/tmp/ipykernel_18500/2443029803.py", line 34, in fit
    for i in range(len(self.alphas)):
AttributeError: 'CustomHybridRecommender' object has no attribute 'alphas'

SearchBayesianSkopt: Config 27 Exception. Config: {'alpha1': 0.3336278603834552, 'alpha2': 0.020358338143155245} - Exception: Traceback (most recent call last):
  File "/home/fra/Documents/university/recsys-challenge-2022/src/HyperparameterTuning/SearchAbstractClass.py", line 484, in _objective_function
    result_df, recommender_instance = self._evaluate_on_validation(
  File "/home/fra/Documents/university/recsys-challenge-2022/src/HyperparameterTuning/SearchAbstractClass.py", line 321, in _evaluate_on_validation
    recommender_instance, train_time = self._fit_model(
  File "/home/fra/Documents/university/recsys-challenge-2022/src/HyperparameterTuning/SearchAbstractClass.py", line 293, in _fit_model
    recommender_instance.fit(*self.recommender_input_args.FIT_POSITIONAL_ARGS,
  File "/tmp/ipykernel_18500/2443029803.py", line 34, in fit
    for i in range(len(self.alphas)):
AttributeError: 'CustomHybridRecommender' object has no attribute 'alphas'

SearchBayesianSkopt: Config 28 Exception. Config: {'alpha1': 0.4209280141511662, 'alpha2': 0.050902017462797114} - Exception: Traceback (most recent call last):
  File "/home/fra/Documents/university/recsys-challenge-2022/src/HyperparameterTuning/SearchAbstractClass.py", line 484, in _objective_function
    result_df, recommender_instance = self._evaluate_on_validation(
  File "/home/fra/Documents/university/recsys-challenge-2022/src/HyperparameterTuning/SearchAbstractClass.py", line 321, in _evaluate_on_validation
    recommender_instance, train_time = self._fit_model(
  File "/home/fra/Documents/university/recsys-challenge-2022/src/HyperparameterTuning/SearchAbstractClass.py", line 293, in _fit_model
    recommender_instance.fit(*self.recommender_input_args.FIT_POSITIONAL_ARGS,
  File "/tmp/ipykernel_18500/2443029803.py", line 34, in fit
    for i in range(len(self.alphas)):
AttributeError: 'CustomHybridRecommender' object has no attribute 'alphas'

SearchBayesianSkopt: Config 29 Exception. Config: {'alpha1': 0.73619317979827, 'alpha2': 0.7035455156172243} - Exception: Traceback (most recent call last):
  File "/home/fra/Documents/university/recsys-challenge-2022/src/HyperparameterTuning/SearchAbstractClass.py", line 484, in _objective_function
    result_df, recommender_instance = self._evaluate_on_validation(
  File "/home/fra/Documents/university/recsys-challenge-2022/src/HyperparameterTuning/SearchAbstractClass.py", line 321, in _evaluate_on_validation
    recommender_instance, train_time = self._fit_model(
  File "/home/fra/Documents/university/recsys-challenge-2022/src/HyperparameterTuning/SearchAbstractClass.py", line 293, in _fit_model
    recommender_instance.fit(*self.recommender_input_args.FIT_POSITIONAL_ARGS,
  File "/tmp/ipykernel_18500/2443029803.py", line 34, in fit
    for i in range(len(self.alphas)):
AttributeError: 'CustomHybridRecommender' object has no attribute 'alphas'

SearchBayesianSkopt: Search interrupted. No valid config was found during the initial random initialization
SearchBayesianSkopt: Config 0 Exception. Config: {'alpha1': 0.7056449122218794, 'alpha2': 0.29006279053388545} - Exception: Traceback (most recent call last):
  File "/home/fra/Documents/university/recsys-challenge-2022/src/HyperparameterTuning/SearchAbstractClass.py", line 484, in _objective_function
    result_df, recommender_instance = self._evaluate_on_validation(
  File "/home/fra/Documents/university/recsys-challenge-2022/src/HyperparameterTuning/SearchAbstractClass.py", line 326, in _evaluate_on_validation
    result_df, _ = self.evaluator_validation.evaluateRecommender(
  File "/home/fra/Documents/university/recsys-challenge-2022/src/Evaluation/Evaluator.py", line 288, in evaluateRecommender
    results_dict = self._run_evaluation_on_selected_users(
  File "/home/fra/Documents/university/recsys-challenge-2022/src/Evaluation/Evaluator.py", line 502, in _run_evaluation_on_selected_users
    recommended_items_batch_list, scores_batch = recommender_object.recommend(test_user_batch_array,
  File "/home/fra/Documents/university/recsys-challenge-2022/src/Recommenders/BaseRecommender.py", line 142, in recommend
    scores_batch = self._compute_item_score(
  File "/tmp/ipykernel_18500/2936594396.py", line 43, in _compute_item_score
    item_weights += self.recommenders[i]._compute_item_score(
NameError: name 'i' is not defined

SearchBayesianSkopt: Config 1 Exception. Config: {'alpha1': 0.4156967645977352, 'alpha2': 0.471548599969867} - Exception: Traceback (most recent call last):
  File "/home/fra/Documents/university/recsys-challenge-2022/src/HyperparameterTuning/SearchAbstractClass.py", line 484, in _objective_function
    result_df, recommender_instance = self._evaluate_on_validation(
  File "/home/fra/Documents/university/recsys-challenge-2022/src/HyperparameterTuning/SearchAbstractClass.py", line 326, in _evaluate_on_validation
    result_df, _ = self.evaluator_validation.evaluateRecommender(
  File "/home/fra/Documents/university/recsys-challenge-2022/src/Evaluation/Evaluator.py", line 288, in evaluateRecommender
    results_dict = self._run_evaluation_on_selected_users(
  File "/home/fra/Documents/university/recsys-challenge-2022/src/Evaluation/Evaluator.py", line 502, in _run_evaluation_on_selected_users
    recommended_items_batch_list, scores_batch = recommender_object.recommend(test_user_batch_array,
  File "/home/fra/Documents/university/recsys-challenge-2022/src/Recommenders/BaseRecommender.py", line 142, in recommend
    scores_batch = self._compute_item_score(
  File "/tmp/ipykernel_18500/2936594396.py", line 43, in _compute_item_score
    item_weights += self.recommenders[i]._compute_item_score(
NameError: name 'i' is not defined

SearchBayesianSkopt: New best config found. Config 0: {'alpha1': 0.5964026484014824, 'alpha2': 0.7970223308985851} - results: PRECISION: 0.0861023, PRECISION_RECALL_MIN_DEN: 0.1947186, RECALL: 0.1885394, MAP: 0.0480564, MAP_MIN_DEN: 0.1145472, MRR: 0.2304163, NDCG: 0.1668815, F1: 0.1182171, HIT_RATE: 0.4685588, ARHR_ALL_HITS: 0.3292959, NOVELTY: 0.0036647, AVERAGE_POPULARITY: 0.2514268, DIVERSITY_MEAN_INTER_LIST: 0.8781306, DIVERSITY_HERFINDAHL: 0.9878109, COVERAGE_ITEM: 0.5435855, COVERAGE_ITEM_HIT: 0.4772597, ITEMS_IN_GT: 0.8718535, COVERAGE_USER: 0.9817675, COVERAGE_USER_HIT: 0.4600159, USERS_IN_GT: 0.9817675, DIVERSITY_GINI: 0.0328570, SHANNON_ENTROPY: 8.2445473, RATIO_DIVERSITY_HERFINDAHL: 0.9881368, RATIO_DIVERSITY_GINI: 0.0744446, RATIO_SHANNON_ENTROPY: 0.6111786, RATIO_AVERAGE_POPULARITY: 4.9748120, RATIO_NOVELTY: 0.3178992, 
SearchBayesianSkopt: Config evaluated with evaluator_test. Config: {'alpha1': 0.5964026484014824, 'alpha2': 0.7970223308985851} - results:
CUTOFF: 10 - PRECISION: 0.0433776, PRECISION_RECALL_MIN_DEN: 0.0569292, RECALL: 0.0485588, MAP: 0.0166973, MAP_MIN_DEN: 0.0210459, MRR: 0.1048249, NDCG: 0.0513825, F1: 0.0458222, HIT_RATE: 0.2858595, ARHR_ALL_HITS: 0.1317229, NOVELTY: 0.0036640, AVERAGE_POPULARITY: 0.2513895, DIVERSITY_MEAN_INTER_LIST: 0.8782511, DIVERSITY_HERFINDAHL: 0.9878230, COVERAGE_ITEM: 0.5403676, COVERAGE_ITEM_HIT: 0.0319651, ITEMS_IN_GT: 0.8747140, COVERAGE_USER: 0.9922650, COVERAGE_USER_HIT: 0.2836484, USERS_IN_GT: 0.9922650, DIVERSITY_GINI: 0.0323047, SHANNON_ENTROPY: 8.2424966, RATIO_DIVERSITY_HERFINDAHL: 0.9881489, RATIO_DIVERSITY_GINI: 0.0731932, RATIO_SHANNON_ENTROPY: 0.6110266, RATIO_AVERAGE_POPULARITY: 4.9740750, RATIO_NOVELTY: 0.3178376, 

SearchBayesianSkopt: New best config found. Config 1: {'alpha1': 0.09231670936727389, 'alpha2': 0.7404675099674527} - results: PRECISION: 0.1173501, PRECISION_RECALL_MIN_DEN: 0.2948466, RECALL: 0.2890325, MAP: 0.0699279, MAP_MIN_DEN: 0.1850932, MRR: 0.2991681, NDCG: 0.2458337, F1: 0.1669264, HIT_RATE: 0.5779545, ARHR_ALL_HITS: 0.4524284, NOVELTY: 0.0036462, AVERAGE_POPULARITY: 0.2656584, DIVERSITY_MEAN_INTER_LIST: 0.8632248, DIVERSITY_HERFINDAHL: 0.9863204, COVERAGE_ITEM: 0.6531393, COVERAGE_ITEM_HIT: 0.6276459, ITEMS_IN_GT: 0.8718535, COVERAGE_USER: 0.9817675, COVERAGE_USER_HIT: 0.5674169, USERS_IN_GT: 0.9817675, DIVERSITY_GINI: 0.0464314, SHANNON_ENTROPY: 8.2215493, RATIO_DIVERSITY_HERFINDAHL: 0.9866458, RATIO_DIVERSITY_GINI: 0.1052002, RATIO_SHANNON_ENTROPY: 0.6094737, RATIO_AVERAGE_POPULARITY: 5.2564036, RATIO_NOVELTY: 0.3162912, 
SearchBayesianSkopt: Config evaluated with evaluator_test. Config: {'alpha1': 0.09231670936727389, 'alpha2': 0.7404675099674527} - results:
CUTOFF: 10 - PRECISION: 0.0484083, PRECISION_RECALL_MIN_DEN: 0.0647331, RECALL: 0.0558600, MAP: 0.0197277, MAP_MIN_DEN: 0.0253491, MRR: 0.1265373, NDCG: 0.0601068, F1: 0.0518679, HIT_RATE: 0.3192195, ARHR_ALL_HITS: 0.1572295, NOVELTY: 0.0036440, AVERAGE_POPULARITY: 0.2658229, DIVERSITY_MEAN_INTER_LIST: 0.8631473, DIVERSITY_HERFINDAHL: 0.9863126, COVERAGE_ITEM: 0.6495995, COVERAGE_ITEM_HIT: 0.0299986, ITEMS_IN_GT: 0.8747140, COVERAGE_USER: 0.9922650, COVERAGE_USER_HIT: 0.3167503, USERS_IN_GT: 0.9922650, DIVERSITY_GINI: 0.0454414, SHANNON_ENTROPY: 8.2118315, RATIO_DIVERSITY_HERFINDAHL: 0.9866381, RATIO_DIVERSITY_GINI: 0.1029572, RATIO_SHANNON_ENTROPY: 0.6087533, RATIO_AVERAGE_POPULARITY: 5.2596583, RATIO_NOVELTY: 0.3160991, 

SearchBayesianSkopt: Config 2 is suboptimal. Config: {'alpha1': 0.3532573012093169, 'alpha2': 0.9847760653689032} - results: PRECISION: 0.0971275, PRECISION_RECALL_MIN_DEN: 0.2300311, RECALL: 0.2239657, MAP: 0.0556266, MAP_MIN_DEN: 0.1387702, MRR: 0.2559025, NDCG: 0.1946745, F1: 0.1354948, HIT_RATE: 0.5091999, ARHR_ALL_HITS: 0.3732441, NOVELTY: 0.0036558, AVERAGE_POPULARITY: 0.2572992, DIVERSITY_MEAN_INTER_LIST: 0.8722265, DIVERSITY_HERFINDAHL: 0.9872205, COVERAGE_ITEM: 0.5875286, COVERAGE_ITEM_HIT: 0.5396882, ITEMS_IN_GT: 0.8718535, COVERAGE_USER: 0.9817675, COVERAGE_USER_HIT: 0.4999159, USERS_IN_GT: 0.9817675, DIVERSITY_GINI: 0.0374294, SHANNON_ENTROPY: 8.2270449, RATIO_DIVERSITY_HERFINDAHL: 0.9875463, RATIO_DIVERSITY_GINI: 0.0848043, RATIO_SHANNON_ENTROPY: 0.6098811, RATIO_AVERAGE_POPULARITY: 5.0910044, RATIO_NOVELTY: 0.3171275, 
SearchBayesianSkopt: New best config found. Config 3: {'alpha1': 0.0038175431007564384, 'alpha2': 0.7874910478021837} - results: PRECISION: 0.1441424, PRECISION_RECALL_MIN_DEN: 0.3763764, RECALL: 0.3711076, MAP: 0.0883224, MAP_MIN_DEN: 0.2422357, MRR: 0.3546105, NDCG: 0.3104037, F1: 0.2076365, HIT_RATE: 0.6639589, ARHR_ALL_HITS: 0.5543075, NOVELTY: 0.0036463, AVERAGE_POPULARITY: 0.2725979, DIVERSITY_MEAN_INTER_LIST: 0.8550219, DIVERSITY_HERFINDAHL: 0.9855001, COVERAGE_ITEM: 0.7164259, COVERAGE_ITEM_HIT: 0.7018736, ITEMS_IN_GT: 0.8718535, COVERAGE_USER: 0.9817675, COVERAGE_USER_HIT: 0.6518533, USERS_IN_GT: 0.9817675, DIVERSITY_GINI: 0.0602115, SHANNON_ENTROPY: 8.2754569, RATIO_DIVERSITY_HERFINDAHL: 0.9858253, RATIO_DIVERSITY_GINI: 0.1364220, RATIO_SHANNON_ENTROPY: 0.6134700, RATIO_AVERAGE_POPULARITY: 5.3937105, RATIO_NOVELTY: 0.3162999, 
SearchBayesianSkopt: Config evaluated with evaluator_test. Config: {'alpha1': 0.0038175431007564384, 'alpha2': 0.7874910478021837} - results:
CUTOFF: 10 - PRECISION: 0.0511076, PRECISION_RECALL_MIN_DEN: 0.0691052, RECALL: 0.0599691, MAP: 0.0214192, MAP_MIN_DEN: 0.0279523, MRR: 0.1391019, NDCG: 0.0651463, F1: 0.0551848, HIT_RATE: 0.3385867, ARHR_ALL_HITS: 0.1717493, NOVELTY: 0.0036430, AVERAGE_POPULARITY: 0.2729065, DIVERSITY_MEAN_INTER_LIST: 0.8548120, DIVERSITY_HERFINDAHL: 0.9854791, COVERAGE_ITEM: 0.7133152, COVERAGE_ITEM_HIT: 0.0281035, ITEMS_IN_GT: 0.8747140, COVERAGE_USER: 0.9922650, COVERAGE_USER_HIT: 0.3359677, USERS_IN_GT: 0.9922650, DIVERSITY_GINI: 0.0589791, SHANNON_ENTROPY: 8.2612628, RATIO_DIVERSITY_HERFINDAHL: 0.9858043, RATIO_DIVERSITY_GINI: 0.1336298, RATIO_SHANNON_ENTROPY: 0.6124178, RATIO_AVERAGE_POPULARITY: 5.3998169, RATIO_NOVELTY: 0.3160151, 

SearchBayesianSkopt: Config 4 is suboptimal. Config: {'alpha1': 0.7178949555038342, 'alpha2': 0.07259154721502016} - results: PRECISION: 0.0744042, PRECISION_RECALL_MIN_DEN: 0.1573413, RECALL: 0.1510769, MAP: 0.0399409, MAP_MIN_DEN: 0.0888077, MRR: 0.1976986, NDCG: 0.1361553, F1: 0.0997046, HIT_RATE: 0.4175434, ARHR_ALL_HITS: 0.2780302, NOVELTY: 0.0036811, AVERAGE_POPULARITY: 0.2419069, DIVERSITY_MEAN_INTER_LIST: 0.8869732, DIVERSITY_HERFINDAHL: 0.9886951, COVERAGE_ITEM: 0.4935283, COVERAGE_ITEM_HIT: 0.4075729, ITEMS_IN_GT: 0.8718535, COVERAGE_USER: 0.9817675, COVERAGE_USER_HIT: 0.4099306, USERS_IN_GT: 0.9817675, DIVERSITY_GINI: 0.0285441, SHANNON_ENTROPY: 8.2892786, RATIO_DIVERSITY_HERFINDAHL: 0.9890214, RATIO_DIVERSITY_GINI: 0.0646728, RATIO_SHANNON_ENTROPY: 0.6144946, RATIO_AVERAGE_POPULARITY: 4.7864480, RATIO_NOVELTY: 0.3193197, 
SearchBayesianSkopt: Config 5 is suboptimal. Config: {'alpha1': 0.901375671273744, 'alpha2': 0.8546215315552036} - results: PRECISION: 0.0825275, PRECISION_RECALL_MIN_DEN: 0.1833749, RECALL: 0.1771614, MAP: 0.0456920, MAP_MIN_DEN: 0.1070381, MRR: 0.2218008, NDCG: 0.1579620, F1: 0.1126016, HIT_RATE: 0.4546611, ARHR_ALL_HITS: 0.3150198, NOVELTY: 0.0036684, AVERAGE_POPULARITY: 0.2491917, DIVERSITY_MEAN_INTER_LIST: 0.8802822, DIVERSITY_HERFINDAHL: 0.9880261, COVERAGE_ITEM: 0.5286399, COVERAGE_ITEM_HIT: 0.4556279, ITEMS_IN_GT: 0.8718535, COVERAGE_USER: 0.9817675, COVERAGE_USER_HIT: 0.4463715, USERS_IN_GT: 0.9817675, DIVERSITY_GINI: 0.0314509, SHANNON_ENTROPY: 8.2528782, RATIO_DIVERSITY_HERFINDAHL: 0.9883521, RATIO_DIVERSITY_GINI: 0.0712586, RATIO_SHANNON_ENTROPY: 0.6117962, RATIO_AVERAGE_POPULARITY: 4.9305879, RATIO_NOVELTY: 0.3182175, 
