SearchBayesianSkopt: Config 0 Exception. Config: {'topK': 826, 'alpha': 0.04883081666482848} - Exception: Traceback (most recent call last):
  File "/home/fra/Documents/university/recsys-challenge-2022/src/Recommenders/Similarity/Compute_Similarity.py", line 102, in __init__
    from src.Recommenders.Similarity.Cython.Compute_Similarity_Cython import Compute_Similarity_Cython
ModuleNotFoundError: No module named 'src.Recommenders.Similarity.Cython.Compute_Similarity_Cython'

During handling of the above exception, another exception occurred:

Traceback (most recent call last):
  File "/home/fra/Documents/university/recsys-challenge-2022/src/HyperparameterTuning/SearchAbstractClass.py", line 484, in _objective_function
    result_df, recommender_instance = self._evaluate_on_validation(
  File "/home/fra/Documents/university/recsys-challenge-2022/src/HyperparameterTuning/SearchAbstractClass.py", line 321, in _evaluate_on_validation
    recommender_instance, train_time = self._fit_model(
  File "/home/fra/Documents/university/recsys-challenge-2022/src/HyperparameterTuning/SearchAbstractClass.py", line 293, in _fit_model
    recommender_instance.fit(*self.recommender_input_args.FIT_POSITIONAL_ARGS,
  File "/home/fra/Documents/university/recsys-challenge-2022/src/Recommenders/KNN/ItemKNNCFRecommender.py", line 50, in fit
    similarity = Compute_Similarity(
  File "/home/fra/Documents/university/recsys-challenge-2022/src/Recommenders/Similarity/Compute_Similarity.py", line 109, in __init__
    self.compute_similarity_object = Compute_Similarity_Python(
TypeError: Compute_Similarity_Python.__init__() got an unexpected keyword argument 'alpha'

SearchBayesianSkopt: Config 1 Exception. Config: {'topK': 171, 'alpha': 0.767131696907476} - Exception: Traceback (most recent call last):
  File "/home/fra/Documents/university/recsys-challenge-2022/src/Recommenders/Similarity/Compute_Similarity.py", line 102, in __init__
    from src.Recommenders.Similarity.Cython.Compute_Similarity_Cython import Compute_Similarity_Cython
ModuleNotFoundError: No module named 'src.Recommenders.Similarity.Cython.Compute_Similarity_Cython'

During handling of the above exception, another exception occurred:

Traceback (most recent call last):
  File "/home/fra/Documents/university/recsys-challenge-2022/src/HyperparameterTuning/SearchAbstractClass.py", line 484, in _objective_function
    result_df, recommender_instance = self._evaluate_on_validation(
  File "/home/fra/Documents/university/recsys-challenge-2022/src/HyperparameterTuning/SearchAbstractClass.py", line 321, in _evaluate_on_validation
    recommender_instance, train_time = self._fit_model(
  File "/home/fra/Documents/university/recsys-challenge-2022/src/HyperparameterTuning/SearchAbstractClass.py", line 293, in _fit_model
    recommender_instance.fit(*self.recommender_input_args.FIT_POSITIONAL_ARGS,
  File "/home/fra/Documents/university/recsys-challenge-2022/src/Recommenders/KNN/ItemKNNCFRecommender.py", line 50, in fit
    similarity = Compute_Similarity(
  File "/home/fra/Documents/university/recsys-challenge-2022/src/Recommenders/Similarity/Compute_Similarity.py", line 109, in __init__
    self.compute_similarity_object = Compute_Similarity_Python(
TypeError: Compute_Similarity_Python.__init__() got an unexpected keyword argument 'alpha'

SearchBayesianSkopt: Config 2 Exception. Config: {'topK': 117, 'alpha': 0.05948027643639732} - Exception: Traceback (most recent call last):
  File "/home/fra/Documents/university/recsys-challenge-2022/src/Recommenders/Similarity/Compute_Similarity.py", line 102, in __init__
    from src.Recommenders.Similarity.Cython.Compute_Similarity_Cython import Compute_Similarity_Cython
ModuleNotFoundError: No module named 'src.Recommenders.Similarity.Cython.Compute_Similarity_Cython'

During handling of the above exception, another exception occurred:

Traceback (most recent call last):
  File "/home/fra/Documents/university/recsys-challenge-2022/src/HyperparameterTuning/SearchAbstractClass.py", line 484, in _objective_function
    result_df, recommender_instance = self._evaluate_on_validation(
  File "/home/fra/Documents/university/recsys-challenge-2022/src/HyperparameterTuning/SearchAbstractClass.py", line 321, in _evaluate_on_validation
    recommender_instance, train_time = self._fit_model(
  File "/home/fra/Documents/university/recsys-challenge-2022/src/HyperparameterTuning/SearchAbstractClass.py", line 293, in _fit_model
    recommender_instance.fit(*self.recommender_input_args.FIT_POSITIONAL_ARGS,
  File "/home/fra/Documents/university/recsys-challenge-2022/src/Recommenders/KNN/ItemKNNCFRecommender.py", line 50, in fit
    similarity = Compute_Similarity(
  File "/home/fra/Documents/university/recsys-challenge-2022/src/Recommenders/Similarity/Compute_Similarity.py", line 109, in __init__
    self.compute_similarity_object = Compute_Similarity_Python(
TypeError: Compute_Similarity_Python.__init__() got an unexpected keyword argument 'alpha'

SearchBayesianSkopt: Search interrupted. No valid config was found during the initial random initialization
SearchBayesianSkopt: New best config found. Config 0: {'topK': 793, 'shrink': 762, 'similarity': 'cosine', 'normalize': True} - results: PRECISION: 0.0379912, PRECISION_RECALL_MIN_DEN: 0.0617753, RECALL: 0.0574406, MAP: 0.0169276, MAP_MIN_DEN: 0.0272486, MRR: 0.1261585, NDCG: 0.0584841, F1: 0.0457340, HIT_RATE: 0.2813066, ARHR_ALL_HITS: 0.1455158, NOVELTY: 0.0033503, AVERAGE_POPULARITY: 0.3440567, DIVERSITY_MEAN_INTER_LIST: 0.7557499, DIVERSITY_HERFINDAHL: 0.9755731, COVERAGE_ITEM: 0.1612557, COVERAGE_ITEM_HIT: 0.0165546, ITEMS_IN_GT: 0.8718535, COVERAGE_USER: 0.9817675, COVERAGE_USER_HIT: 0.2761777, USERS_IN_GT: 0.9817675, DIVERSITY_GINI: 0.0055927, SHANNON_ENTROPY: 6.6474498, RATIO_DIVERSITY_HERFINDAHL: 0.9758950, RATIO_DIVERSITY_GINI: 0.0126715, RATIO_SHANNON_ENTROPY: 0.4927838, RATIO_AVERAGE_POPULARITY: 6.8076179, RATIO_NOVELTY: 0.2906276, 
SearchBayesianSkopt: Config evaluated with evaluator_test. Config: {'topK': 793, 'shrink': 762, 'similarity': 'cosine', 'normalize': True} - results:
CUTOFF: 10 - PRECISION: 0.0475101, PRECISION_RECALL_MIN_DEN: 0.0662025, RECALL: 0.0581682, MAP: 0.0218654, MAP_MIN_DEN: 0.0301319, MRR: 0.1521913, NDCG: 0.0666964, F1: 0.0523017, HIT_RATE: 0.3277169, ARHR_ALL_HITS: 0.1814537, NOVELTY: 0.0033513, AVERAGE_POPULARITY: 0.3438045, DIVERSITY_MEAN_INTER_LIST: 0.7562345, DIVERSITY_HERFINDAHL: 0.9756216, COVERAGE_ITEM: 0.1625429, COVERAGE_ITEM_HIT: 0.0173412, ITEMS_IN_GT: 0.8747140, COVERAGE_USER: 0.9922650, COVERAGE_USER_HIT: 0.3251820, USERS_IN_GT: 0.9922650, DIVERSITY_GINI: 0.0056370, SHANNON_ENTROPY: 6.6547829, RATIO_DIVERSITY_HERFINDAHL: 0.9759435, RATIO_DIVERSITY_GINI: 0.0127718, RATIO_SHANNON_ENTROPY: 0.4933274, RATIO_AVERAGE_POPULARITY: 6.8026264, RATIO_NOVELTY: 0.2907125, 

SearchBayesianSkopt: Config 1 is suboptimal. Config: {'topK': 688, 'shrink': 741, 'similarity': 'cosine', 'normalize': False} - results: PRECISION: 0.0323416, PRECISION_RECALL_MIN_DEN: 0.0536543, RECALL: 0.0500911, MAP: 0.0138126, MAP_MIN_DEN: 0.0227136, MRR: 0.1068255, NDCG: 0.0496765, F1: 0.0393054, HIT_RATE: 0.2492293, ARHR_ALL_HITS: 0.1210787, NOVELTY: 0.0032101, AVERAGE_POPULARITY: 0.4151736, DIVERSITY_MEAN_INTER_LIST: 0.5834370, DIVERSITY_HERFINDAHL: 0.9583423, COVERAGE_ITEM: 0.1489559, COVERAGE_ITEM_HIT: 0.0117992, ITEMS_IN_GT: 0.8718535, COVERAGE_USER: 0.9817675, COVERAGE_USER_HIT: 0.2446852, USERS_IN_GT: 0.9817675, DIVERSITY_GINI: 0.0040572, SHANNON_ENTROPY: 5.7287346, RATIO_DIVERSITY_HERFINDAHL: 0.9586585, RATIO_DIVERSITY_GINI: 0.0091924, RATIO_SHANNON_ENTROPY: 0.4246783, RATIO_AVERAGE_POPULARITY: 8.2147600, RATIO_NOVELTY: 0.2784601, 
SearchBayesianSkopt: New best config found. Config 2: {'topK': 373, 'shrink': 900, 'similarity': 'cosine', 'normalize': True} - results: PRECISION: 0.0385221, PRECISION_RECALL_MIN_DEN: 0.0625152, RECALL: 0.0580598, MAP: 0.0172169, MAP_MIN_DEN: 0.0276555, MRR: 0.1277437, NDCG: 0.0592592, F1: 0.0463148, HIT_RATE: 0.2832151, ARHR_ALL_HITS: 0.1476321, NOVELTY: 0.0033887, AVERAGE_POPULARITY: 0.3294603, DIVERSITY_MEAN_INTER_LIST: 0.7790680, DIVERSITY_HERFINDAHL: 0.9779049, COVERAGE_ITEM: 0.2005149, COVERAGE_ITEM_HIT: 0.0175915, ITEMS_IN_GT: 0.8718535, COVERAGE_USER: 0.9817675, COVERAGE_USER_HIT: 0.2780514, USERS_IN_GT: 0.9817675, DIVERSITY_GINI: 0.0073738, SHANNON_ENTROPY: 6.8809014, RATIO_DIVERSITY_HERFINDAHL: 0.9782276, RATIO_DIVERSITY_GINI: 0.0167070, RATIO_SHANNON_ENTROPY: 0.5100898, RATIO_AVERAGE_POPULARITY: 6.5188089, RATIO_NOVELTY: 0.2939579, 
SearchBayesianSkopt: Config evaluated with evaluator_test. Config: {'topK': 373, 'shrink': 900, 'similarity': 'cosine', 'normalize': True} - results:
CUTOFF: 10 - PRECISION: 0.0482291, PRECISION_RECALL_MIN_DEN: 0.0671758, RECALL: 0.0589533, MAP: 0.0222944, MAP_MIN_DEN: 0.0306542, MRR: 0.1543969, NDCG: 0.0677229, F1: 0.0530547, HIT_RATE: 0.3308640, ARHR_ALL_HITS: 0.1845402, NOVELTY: 0.0033898, AVERAGE_POPULARITY: 0.3291324, DIVERSITY_MEAN_INTER_LIST: 0.7796711, DIVERSITY_HERFINDAHL: 0.9779652, COVERAGE_ITEM: 0.2022311, COVERAGE_ITEM_HIT: 0.0188430, ITEMS_IN_GT: 0.8747140, COVERAGE_USER: 0.9922650, COVERAGE_USER_HIT: 0.3283048, USERS_IN_GT: 0.9922650, DIVERSITY_GINI: 0.0074319, SHANNON_ENTROPY: 6.8885895, RATIO_DIVERSITY_HERFINDAHL: 0.9782879, RATIO_DIVERSITY_GINI: 0.0168386, RATIO_SHANNON_ENTROPY: 0.5106598, RATIO_AVERAGE_POPULARITY: 6.5123210, RATIO_NOVELTY: 0.2940514, 

SearchBayesianSkopt: Config 3 is suboptimal. Config: {'topK': 5, 'shrink': 0, 'similarity': 'cosine', 'normalize': True} - results: PRECISION: 0.0379227, PRECISION_RECALL_MIN_DEN: 0.0594929, RECALL: 0.0548672, MAP: 0.0168764, MAP_MIN_DEN: 0.0262099, MRR: 0.1223234, NDCG: 0.0567414, F1: 0.0448478, HIT_RATE: 0.2745290, ARHR_ALL_HITS: 0.1431466, NOVELTY: 0.0042140, AVERAGE_POPULARITY: 0.1269319, DIVERSITY_MEAN_INTER_LIST: 0.9742520, DIVERSITY_HERFINDAHL: 0.9974228, COVERAGE_ITEM: 0.5532037, COVERAGE_ITEM_HIT: 0.0595681, ITEMS_IN_GT: 0.8718535, COVERAGE_USER: 0.9817675, COVERAGE_USER_HIT: 0.2695236, USERS_IN_GT: 0.9817675, DIVERSITY_GINI: 0.0800582, SHANNON_ENTROPY: 10.6711082, RATIO_DIVERSITY_HERFINDAHL: 0.9977519, RATIO_DIVERSITY_GINI: 0.1813889, RATIO_SHANNON_ENTROPY: 0.7910626, RATIO_AVERAGE_POPULARITY: 2.5115157, RATIO_NOVELTY: 0.3655509, 
SearchBayesianSkopt: Config 4 is suboptimal. Config: {'topK': 16, 'shrink': 13, 'similarity': 'cosine', 'normalize': False} - results: PRECISION: 0.0344801, PRECISION_RECALL_MIN_DEN: 0.0555873, RECALL: 0.0515221, MAP: 0.0154898, MAP_MIN_DEN: 0.0247965, MRR: 0.1154515, NDCG: 0.0530981, F1: 0.0413126, HIT_RATE: 0.2544898, ARHR_ALL_HITS: 0.1331312, NOVELTY: 0.0036314, AVERAGE_POPULARITY: 0.2637550, DIVERSITY_MEAN_INTER_LIST: 0.8630114, DIVERSITY_HERFINDAHL: 0.9862990, COVERAGE_ITEM: 0.4522311, COVERAGE_ITEM_HIT: 0.0249213, ITEMS_IN_GT: 0.8718535, COVERAGE_USER: 0.9817675, COVERAGE_USER_HIT: 0.2498499, USERS_IN_GT: 0.9817675, DIVERSITY_GINI: 0.0323869, SHANNON_ENTROPY: 8.2918547, RATIO_DIVERSITY_HERFINDAHL: 0.9866245, RATIO_DIVERSITY_GINI: 0.0733794, RATIO_SHANNON_ENTROPY: 0.6146856, RATIO_AVERAGE_POPULARITY: 5.2187410, RATIO_NOVELTY: 0.3150077, 
SearchBayesianSkopt: New best config found. Config 5: {'topK': 533, 'shrink': 22, 'similarity': 'cosine', 'normalize': True} - results: PRECISION: 0.0431808, PRECISION_RECALL_MIN_DEN: 0.0689100, RECALL: 0.0638878, MAP: 0.0195315, MAP_MIN_DEN: 0.0308674, MRR: 0.1390180, NDCG: 0.0655333, F1: 0.0515319, HIT_RATE: 0.3045021, ARHR_ALL_HITS: 0.1639751, NOVELTY: 0.0037322, AVERAGE_POPULARITY: 0.2254376, DIVERSITY_MEAN_INTER_LIST: 0.9056155, DIVERSITY_HERFINDAHL: 0.9905593, COVERAGE_ITEM: 0.3533324, COVERAGE_ITEM_HIT: 0.0381507, ITEMS_IN_GT: 0.8718535, COVERAGE_USER: 0.9817675, COVERAGE_USER_HIT: 0.2989503, USERS_IN_GT: 0.9817675, DIVERSITY_GINI: 0.0235637, SHANNON_ENTROPY: 8.5691720, RATIO_DIVERSITY_HERFINDAHL: 0.9908862, RATIO_DIVERSITY_GINI: 0.0533887, RATIO_SHANNON_ENTROPY: 0.6352434, RATIO_AVERAGE_POPULARITY: 4.4605811, RATIO_NOVELTY: 0.3237497, 
SearchBayesianSkopt: Config evaluated with evaluator_test. Config: {'topK': 533, 'shrink': 22, 'similarity': 'cosine', 'normalize': True} - results:
CUTOFF: 10 - PRECISION: 0.0541264, PRECISION_RECALL_MIN_DEN: 0.0741172, RECALL: 0.0646525, MAP: 0.0253991, MAP_MIN_DEN: 0.0342888, MRR: 0.1680474, NDCG: 0.0749317, F1: 0.0589231, HIT_RATE: 0.3555572, ARHR_ALL_HITS: 0.2053615, NOVELTY: 0.0037342, AVERAGE_POPULARITY: 0.2250633, DIVERSITY_MEAN_INTER_LIST: 0.9059964, DIVERSITY_HERFINDAHL: 0.9905975, COVERAGE_ITEM: 0.3561928, COVERAGE_ITEM_HIT: 0.0405463, ITEMS_IN_GT: 0.8747140, COVERAGE_USER: 0.9922650, COVERAGE_USER_HIT: 0.3528069, USERS_IN_GT: 0.9922650, DIVERSITY_GINI: 0.0237691, SHANNON_ENTROPY: 8.5800446, RATIO_DIVERSITY_HERFINDAHL: 0.9909243, RATIO_DIVERSITY_GINI: 0.0538539, RATIO_SHANNON_ENTROPY: 0.6360494, RATIO_AVERAGE_POPULARITY: 4.4531756, RATIO_NOVELTY: 0.3239279, 

SearchBayesianSkopt: Config 6 is suboptimal. Config: {'topK': 993, 'shrink': 34, 'similarity': 'cosine', 'normalize': True} - results: PRECISION: 0.0428138, PRECISION_RECALL_MIN_DEN: 0.0685296, RECALL: 0.0635364, MAP: 0.0193195, MAP_MIN_DEN: 0.0305395, MRR: 0.1381917, NDCG: 0.0650170, F1: 0.0511562, HIT_RATE: 0.3029606, ARHR_ALL_HITS: 0.1626075, NOVELTY: 0.0036680, AVERAGE_POPULARITY: 0.2404683, DIVERSITY_MEAN_INTER_LIST: 0.8917710, DIVERSITY_HERFINDAHL: 0.9891749, COVERAGE_ITEM: 0.2809640, COVERAGE_ITEM_HIT: 0.0342177, ITEMS_IN_GT: 0.8718535, COVERAGE_USER: 0.9817675, COVERAGE_USER_HIT: 0.2974369, USERS_IN_GT: 0.9817675, DIVERSITY_GINI: 0.0179880, SHANNON_ENTROPY: 8.2670952, RATIO_DIVERSITY_HERFINDAHL: 0.9895013, RATIO_DIVERSITY_GINI: 0.0407556, RATIO_SHANNON_ENTROPY: 0.6128501, RATIO_AVERAGE_POPULARITY: 4.7579840, RATIO_NOVELTY: 0.3181876, 
SearchBayesianSkopt: Config 7 is suboptimal. Config: {'topK': 989, 'shrink': 3, 'similarity': 'cosine', 'normalize': False} - results: PRECISION: 0.0320455, PRECISION_RECALL_MIN_DEN: 0.0532622, RECALL: 0.0497459, MAP: 0.0136518, MAP_MIN_DEN: 0.0224572, MRR: 0.1059648, NDCG: 0.0492311, F1: 0.0389804, HIT_RATE: 0.2481771, ARHR_ALL_HITS: 0.1199034, NOVELTY: 0.0031905, AVERAGE_POPULARITY: 0.4225261, DIVERSITY_MEAN_INTER_LIST: 0.5651189, DIVERSITY_HERFINDAHL: 0.9565105, COVERAGE_ITEM: 0.1306851, COVERAGE_ITEM_HIT: 0.0112271, ITEMS_IN_GT: 0.8718535, COVERAGE_USER: 0.9817675, COVERAGE_USER_HIT: 0.2436523, USERS_IN_GT: 0.9817675, DIVERSITY_GINI: 0.0033358, SHANNON_ENTROPY: 5.5911816, RATIO_DIVERSITY_HERFINDAHL: 0.9568261, RATIO_DIVERSITY_GINI: 0.0075579, RATIO_SHANNON_ENTROPY: 0.4144813, RATIO_AVERAGE_POPULARITY: 8.3602377, RATIO_NOVELTY: 0.2767624, 
SearchBayesianSkopt: Config 8 is suboptimal. Config: {'topK': 11, 'shrink': 984, 'similarity': 'cosine', 'normalize': False} - results: PRECISION: 0.0333692, PRECISION_RECALL_MIN_DEN: 0.0536310, RECALL: 0.0497190, MAP: 0.0149608, MAP_MIN_DEN: 0.0239895, MRR: 0.1127674, NDCG: 0.0514690, F1: 0.0399355, HIT_RATE: 0.2483729, ARHR_ALL_HITS: 0.1293757, NOVELTY: 0.0036923, AVERAGE_POPULARITY: 0.2497026, DIVERSITY_MEAN_INTER_LIST: 0.8783041, DIVERSITY_HERFINDAHL: 0.9878283, COVERAGE_ITEM: 0.4558781, COVERAGE_ITEM_HIT: 0.0256007, ITEMS_IN_GT: 0.8718535, COVERAGE_USER: 0.9817675, COVERAGE_USER_HIT: 0.2438444, USERS_IN_GT: 0.9817675, DIVERSITY_GINI: 0.0360918, SHANNON_ENTROPY: 8.5519612, RATIO_DIVERSITY_HERFINDAHL: 0.9881542, RATIO_DIVERSITY_GINI: 0.0817737, RATIO_SHANNON_ENTROPY: 0.6339676, RATIO_AVERAGE_POPULARITY: 4.9406957, RATIO_NOVELTY: 0.3202911, 
SearchBayesianSkopt: Config 9 is suboptimal. Config: {'topK': 749, 'shrink': 0, 'similarity': 'cosine', 'normalize': True} - results: PRECISION: 0.0430242, PRECISION_RECALL_MIN_DEN: 0.0683930, RECALL: 0.0633788, MAP: 0.0192989, MAP_MIN_DEN: 0.0303705, MRR: 0.1370324, NDCG: 0.0647738, F1: 0.0512546, HIT_RATE: 0.3027649, ARHR_ALL_HITS: 0.1618603, NOVELTY: 0.0038978, AVERAGE_POPULARITY: 0.2078334, DIVERSITY_MEAN_INTER_LIST: 0.9180609, DIVERSITY_HERFINDAHL: 0.9918038, COVERAGE_ITEM: 0.5645023, COVERAGE_ITEM_HIT: 0.0425129, ITEMS_IN_GT: 0.8718535, COVERAGE_USER: 0.9817675, COVERAGE_USER_HIT: 0.2972447, USERS_IN_GT: 0.9817675, DIVERSITY_GINI: 0.0510109, SHANNON_ENTROPY: 9.1935572, RATIO_DIVERSITY_HERFINDAHL: 0.9921311, RATIO_DIVERSITY_GINI: 0.1155762, RATIO_SHANNON_ENTROPY: 0.6815299, RATIO_AVERAGE_POPULARITY: 4.1122593, RATIO_NOVELTY: 0.3381151, 
SearchBayesianSkopt: Search complete. Best config is 5: {'topK': 533, 'shrink': 22, 'similarity': 'cosine', 'normalize': True}
SearchBayesianSkopt: Best config evaluated with evaluator_test with constructor data for final test. Config: {'topK': 533, 'shrink': 22, 'similarity': 'cosine', 'normalize': True} - results:
CUTOFF: 10 - PRECISION: 0.0596485, PRECISION_RECALL_MIN_DEN: 0.0817298, RECALL: 0.0710931, MAP: 0.0298992, MAP_MIN_DEN: 0.0402300, MRR: 0.1894163, NDCG: 0.0846075, F1: 0.0648699, HIT_RATE: 0.3758927, ARHR_ALL_HITS: 0.2357937, NOVELTY: 0.0036788, AVERAGE_POPULARITY: 0.2333064, DIVERSITY_MEAN_INTER_LIST: 0.8976036, DIVERSITY_HERFINDAHL: 0.9897582, COVERAGE_ITEM: 0.2321939, COVERAGE_ITEM_HIT: 0.0425486, ITEMS_IN_GT: 0.8747140, COVERAGE_USER: 0.9922650, COVERAGE_USER_HIT: 0.3729852, USERS_IN_GT: 0.9922650, DIVERSITY_GINI: 0.0153598, SHANNON_ENTROPY: 8.2657820, RATIO_DIVERSITY_HERFINDAHL: 0.9900843, RATIO_DIVERSITY_GINI: 0.0345209, RATIO_SHANNON_ENTROPY: 0.6125369, RATIO_AVERAGE_POPULARITY: 4.6247249, RATIO_NOVELTY: 0.2552080, 

